#
# There is insufficient memory for the Java Runtime Environment to continue.
# Native memory allocation (malloc) failed to allocate 2850336 bytes. Error detail: Chunk::new
# Possible reasons:
#   The system is out of physical RAM or swap space
#   This process is running with CompressedOops enabled, and the Java Heap may be blocking the growth of the native heap
# Possible solutions:
#   Reduce memory load on the system
#   Increase physical memory or swap space
#   Check if swap backing store is full
#   Decrease Java heap size (-Xmx/-Xms)
#   Decrease number of Java threads
#   Decrease Java thread stack sizes (-Xss)
#   Set larger code cache with -XX:ReservedCodeCacheSize=
#   JVM is running with Unscaled Compressed Oops mode in which the Java heap is
#     placed in the first 4GB address space. The Java Heap base address is the
#     maximum limit for the native heap growth. Please use -XX:HeapBaseMinAddress
#     to set the Java Heap base and to place the Java Heap above 4GB virtual address.
# This output file may be truncated or incomplete.
#
#  Out of Memory Error (arena.cpp:191), pid=10828, tid=12064
#
# JRE version: OpenJDK Runtime Environment Corretto-17.0.11.9.1 (17.0.11+9) (build 17.0.11+9-LTS)
# Java VM: OpenJDK 64-Bit Server VM Corretto-17.0.11.9.1 (17.0.11+9-LTS, mixed mode, sharing, tiered, compressed oops, compressed class ptrs, g1 gc, windows-amd64)
# No core dump will be written. Minidumps are not enabled by default on client versions of Windows
#

---------------  S U M M A R Y ------------

Command Line: -javaagent:C:\Program Files\JetBrains\IntelliJ IDEA 2024.1\lib\idea_rt.jar=64509:C:\Program Files\JetBrains\IntelliJ IDEA 2024.1\bin -Dfile.encoding=UTF-8 com.zetcode.SpaceInvaders

Host: AMD Athlon Gold 3150U with Radeon Graphics     , 4 cores, 3G,  Windows 10 , 64 bit Build 19041 (10.0.19041.4717)
Time: Sun Sep 22 07:09:37 2024 Hora est. Pacífico, Sudamérica elapsed time: 71.625303 seconds (0d 0h 1m 11s)

---------------  T H R E A D  ---------------

Current thread (0x000001a868752f70):  JavaThread "C2 CompilerThread0" daemon [_thread_in_native, id=12064, stack(0x0000005255600000,0x0000005255700000)]


Current CompileTask:
C2:  71625 2054       4       sun.java2d.pipe.DrawImage::copyImage (60 bytes)

Stack: [0x0000005255600000,0x0000005255700000]
Native frames: (J=compiled Java code, j=interpreted, Vv=VM code, C=native code)
V  [jvm.dll+0x67d009]
V  [jvm.dll+0x83489a]
V  [jvm.dll+0x83635e]
V  [jvm.dll+0x8369c3]
V  [jvm.dll+0x2479df]
V  [jvm.dll+0xac534]
V  [jvm.dll+0xacb7c]
V  [jvm.dll+0x366247]
V  [jvm.dll+0x1bd162]
V  [jvm.dll+0x21a219]
V  [jvm.dll+0x219501]
V  [jvm.dll+0x1a524d]
V  [jvm.dll+0x22920d]
V  [jvm.dll+0x2273dc]
V  [jvm.dll+0x7e9a07]
V  [jvm.dll+0x7e3e0a]
V  [jvm.dll+0x67bef5]
C  [ucrtbase.dll+0x21bb2]
C  [KERNEL32.DLL+0x17374]
C  [ntdll.dll+0x4cc91]


---------------  P R O C E S S  ---------------

Threads class SMR info:
_java_thread_list=0x000001a8687a7640, length=20, elements={
0x000001a84b849700, 0x000001a84b84bfe0, 0x000001a84b85e250, 0x000001a86874dfd0,
0x000001a8687508b0, 0x000001a868751270, 0x000001a868752f70, 0x000001a868755a30,
0x000001a868791440, 0x000001a86880c930, 0x000001a868aa13c0, 0x000001a868a41a90,
0x000001a868ba9490, 0x000001a868ba9df0, 0x000001a868baa750, 0x000001a868be28a0,
0x000001a84b79d4e0, 0x000001a8722350a0, 0x000001a87230b4c0, 0x000001a87230aaa0
}

Java Threads: ( => current thread )
  0x000001a84b849700 JavaThread "Reference Handler" daemon [_thread_blocked, id=8388, stack(0x0000005255000000,0x0000005255100000)]
  0x000001a84b84bfe0 JavaThread "Finalizer" daemon [_thread_blocked, id=4880, stack(0x0000005255100000,0x0000005255200000)]
  0x000001a84b85e250 JavaThread "Signal Dispatcher" daemon [_thread_blocked, id=2196, stack(0x0000005255200000,0x0000005255300000)]
  0x000001a86874dfd0 JavaThread "Attach Listener" daemon [_thread_blocked, id=6880, stack(0x0000005255300000,0x0000005255400000)]
  0x000001a8687508b0 JavaThread "Service Thread" daemon [_thread_blocked, id=6040, stack(0x0000005255400000,0x0000005255500000)]
  0x000001a868751270 JavaThread "Monitor Deflation Thread" daemon [_thread_blocked, id=14448, stack(0x0000005255500000,0x0000005255600000)]
=>0x000001a868752f70 JavaThread "C2 CompilerThread0" daemon [_thread_in_native, id=12064, stack(0x0000005255600000,0x0000005255700000)]
  0x000001a868755a30 JavaThread "C1 CompilerThread0" daemon [_thread_blocked, id=1996, stack(0x0000005255700000,0x0000005255800000)]
  0x000001a868791440 JavaThread "Sweeper thread" daemon [_thread_blocked, id=15676, stack(0x0000005255800000,0x0000005255900000)]
  0x000001a86880c930 JavaThread "Common-Cleaner" daemon [_thread_blocked, id=13308, stack(0x0000005255900000,0x0000005255a00000)]
  0x000001a868aa13c0 JavaThread "Monitor Ctrl-Break" daemon [_thread_in_native, id=8124, stack(0x0000005255a00000,0x0000005255b00000)]
  0x000001a868a41a90 JavaThread "Notification Thread" daemon [_thread_blocked, id=1752, stack(0x0000005255b00000,0x0000005255c00000)]
  0x000001a868ba9490 JavaThread "Java2D Disposer" daemon [_thread_blocked, id=16172, stack(0x0000005255d00000,0x0000005255e00000)]
  0x000001a868ba9df0 JavaThread "AWT-Shutdown" [_thread_blocked, id=15504, stack(0x0000005255e00000,0x0000005255f00000)]
  0x000001a868baa750 JavaThread "AWT-Windows" daemon [_thread_in_native, id=11200, stack(0x0000005255f00000,0x0000005256000000)]
  0x000001a868be28a0 JavaThread "AWT-EventQueue-0" [_thread_blocked, id=7464, stack(0x0000005256000000,0x0000005256100000)]
  0x000001a84b79d4e0 JavaThread "DestroyJavaVM" [_thread_blocked, id=18548, stack(0x0000005254900000,0x0000005254a00000)]
  0x000001a8722350a0 JavaThread "TimerQueue" daemon [_thread_blocked, id=10084, stack(0x0000005256700000,0x0000005256800000)]
  0x000001a87230b4c0 JavaThread "D3D Screen Updater" daemon [_thread_blocked, id=6212, stack(0x0000005256900000,0x0000005256a00000)]
  0x000001a87230aaa0 JavaThread "Image Fetcher 0" daemon [_thread_blocked, id=18640, stack(0x0000005256f00000,0x0000005257000000)]

Other Threads:
  0x000001a84b844320 VMThread "VM Thread" [stack: 0x0000005254f00000,0x0000005255000000] [id=18280]
  0x000001a868aa18a0 WatcherThread [stack: 0x0000005255c00000,0x0000005255d00000] [id=12136]
  0x000001a84b7d7380 GCTaskThread "GC Thread#0" [stack: 0x0000005254a00000,0x0000005254b00000] [id=3324]
  0x000001a868a19c50 GCTaskThread "GC Thread#1" [stack: 0x0000005256800000,0x0000005256900000] [id=6816]
  0x000001a868b68b30 GCTaskThread "GC Thread#2" [stack: 0x0000005256c00000,0x0000005256d00000] [id=18644]
  0x000001a87294e980 GCTaskThread "GC Thread#3" [stack: 0x0000005256d00000,0x0000005256e00000] [id=18628]
  0x000001a84b7df920 ConcurrentGCThread "G1 Main Marker" [stack: 0x0000005254b00000,0x0000005254c00000] [id=6876]
  0x000001a84b7e0340 ConcurrentGCThread "G1 Conc#0" [stack: 0x0000005254c00000,0x0000005254d00000] [id=12112]
  0x000001a84b81f470 ConcurrentGCThread "G1 Refine#0" [stack: 0x0000005254d00000,0x0000005254e00000] [id=15696]
  0x000001a84b81fea0 ConcurrentGCThread "G1 Service" [stack: 0x0000005254e00000,0x0000005254f00000] [id=16520]

Threads with active compile tasks:
C2 CompilerThread0    71717 2054       4       sun.java2d.pipe.DrawImage::copyImage (60 bytes)

VM state: not at safepoint (normal execution)

VM Mutex/Monitor currently owned by a thread: None

Heap address: 0x00000000c8e00000, size: 882 MB, Compressed Oops mode: 32-bit

CDS archive(s) mapped at: [0x000001a800000000-0x000001a800bb0000-0x000001a800bb0000), size 12255232, SharedBaseAddress: 0x000001a800000000, ArchiveRelocationMode: 1.
Compressed class space mapped at: 0x000001a801000000-0x000001a841000000, reserved size: 1073741824
Narrow klass base: 0x000001a800000000, Narrow klass shift: 0, Narrow klass range: 0x100000000

GC Precious Log:
 CPUs: 4 total, 4 available
 Memory: 3520M
 Large Page Support: Disabled
 NUMA Support: Disabled
 Compressed Oops: Enabled (32-bit)
 Heap Region Size: 1M
 Heap Min Capacity: 8M
 Heap Initial Capacity: 56M
 Heap Max Capacity: 882M
 Pre-touch: Disabled
 Parallel Workers: 4
 Concurrent Workers: 1
 Concurrent Refinement Workers: 4
 Periodic GC: Disabled

Heap:
 garbage-first heap   total 57344K, used 8855K [0x00000000c8e00000, 0x0000000100000000)
  region size 1024K, 8 young (8192K), 2 survivors (2048K)
 Metaspace       used 10415K, committed 10624K, reserved 1114112K
  class space    used 1129K, committed 1216K, reserved 1048576K

Heap Regions: E=young(eden), S=young(survivor), O=old, HS=humongous(starts), HC=humongous(continues), CS=collection set, F=free, OA=open archive, CA=closed archive, TAMS=top-at-mark-start (previous, next)
|   0|0x00000000c8e00000, 0x00000000c8f00000, 0x00000000c8f00000|100%| O|  |TAMS 0x00000000c8e00000, 0x00000000c8e00000| Untracked 
|   1|0x00000000c8f00000, 0x00000000c9000000, 0x00000000c9000000|100%| O|  |TAMS 0x00000000c8f00000, 0x00000000c8f00000| Untracked 
|   2|0x00000000c9000000, 0x00000000c908d600, 0x00000000c9100000| 55%| O|  |TAMS 0x00000000c9000000, 0x00000000c9000000| Untracked 
|   3|0x00000000c9100000, 0x00000000c9100000, 0x00000000c9200000|  0%| F|  |TAMS 0x00000000c9100000, 0x00000000c9100000| Untracked 
|   4|0x00000000c9200000, 0x00000000c9200000, 0x00000000c9300000|  0%| F|  |TAMS 0x00000000c9200000, 0x00000000c9200000| Untracked 
|   5|0x00000000c9300000, 0x00000000c9300000, 0x00000000c9400000|  0%| F|  |TAMS 0x00000000c9300000, 0x00000000c9300000| Untracked 
|   6|0x00000000c9400000, 0x00000000c9400000, 0x00000000c9500000|  0%| F|  |TAMS 0x00000000c9400000, 0x00000000c9400000| Untracked 
|   7|0x00000000c9500000, 0x00000000c9500000, 0x00000000c9600000|  0%| F|  |TAMS 0x00000000c9500000, 0x00000000c9500000| Untracked 
|   8|0x00000000c9600000, 0x00000000c9600000, 0x00000000c9700000|  0%| F|  |TAMS 0x00000000c9600000, 0x00000000c9600000| Untracked 
|   9|0x00000000c9700000, 0x00000000c9700000, 0x00000000c9800000|  0%| F|  |TAMS 0x00000000c9700000, 0x00000000c9700000| Untracked 
|  10|0x00000000c9800000, 0x00000000c9800000, 0x00000000c9900000|  0%| F|  |TAMS 0x00000000c9800000, 0x00000000c9800000| Untracked 
|  11|0x00000000c9900000, 0x00000000c9900000, 0x00000000c9a00000|  0%| F|  |TAMS 0x00000000c9900000, 0x00000000c9900000| Untracked 
|  12|0x00000000c9a00000, 0x00000000c9a00000, 0x00000000c9b00000|  0%| F|  |TAMS 0x00000000c9a00000, 0x00000000c9a00000| Untracked 
|  13|0x00000000c9b00000, 0x00000000c9b00000, 0x00000000c9c00000|  0%| F|  |TAMS 0x00000000c9b00000, 0x00000000c9b00000| Untracked 
|  14|0x00000000c9c00000, 0x00000000c9c00000, 0x00000000c9d00000|  0%| F|  |TAMS 0x00000000c9c00000, 0x00000000c9c00000| Untracked 
|  15|0x00000000c9d00000, 0x00000000c9d00000, 0x00000000c9e00000|  0%| F|  |TAMS 0x00000000c9d00000, 0x00000000c9d00000| Untracked 
|  16|0x00000000c9e00000, 0x00000000c9e00000, 0x00000000c9f00000|  0%| F|  |TAMS 0x00000000c9e00000, 0x00000000c9e00000| Untracked 
|  17|0x00000000c9f00000, 0x00000000c9f00000, 0x00000000ca000000|  0%| F|  |TAMS 0x00000000c9f00000, 0x00000000c9f00000| Untracked 
|  18|0x00000000ca000000, 0x00000000ca000000, 0x00000000ca100000|  0%| F|  |TAMS 0x00000000ca000000, 0x00000000ca000000| Untracked 
|  19|0x00000000ca100000, 0x00000000ca100000, 0x00000000ca200000|  0%| F|  |TAMS 0x00000000ca100000, 0x00000000ca100000| Untracked 
|  20|0x00000000ca200000, 0x00000000ca200000, 0x00000000ca300000|  0%| F|  |TAMS 0x00000000ca200000, 0x00000000ca200000| Untracked 
|  21|0x00000000ca300000, 0x00000000ca300000, 0x00000000ca400000|  0%| F|  |TAMS 0x00000000ca300000, 0x00000000ca300000| Untracked 
|  22|0x00000000ca400000, 0x00000000ca400000, 0x00000000ca500000|  0%| F|  |TAMS 0x00000000ca400000, 0x00000000ca400000| Untracked 
|  23|0x00000000ca500000, 0x00000000ca500000, 0x00000000ca600000|  0%| F|  |TAMS 0x00000000ca500000, 0x00000000ca500000| Untracked 
|  24|0x00000000ca600000, 0x00000000ca600000, 0x00000000ca700000|  0%| F|  |TAMS 0x00000000ca600000, 0x00000000ca600000| Untracked 
|  25|0x00000000ca700000, 0x00000000ca700000, 0x00000000ca800000|  0%| F|  |TAMS 0x00000000ca700000, 0x00000000ca700000| Untracked 
|  26|0x00000000ca800000, 0x00000000ca800000, 0x00000000ca900000|  0%| F|  |TAMS 0x00000000ca800000, 0x00000000ca800000| Untracked 
|  27|0x00000000ca900000, 0x00000000ca900000, 0x00000000caa00000|  0%| F|  |TAMS 0x00000000ca900000, 0x00000000ca900000| Untracked 
|  28|0x00000000caa00000, 0x00000000caa00000, 0x00000000cab00000|  0%| F|  |TAMS 0x00000000caa00000, 0x00000000caa00000| Untracked 
|  29|0x00000000cab00000, 0x00000000cab00000, 0x00000000cac00000|  0%| F|  |TAMS 0x00000000cab00000, 0x00000000cab00000| Untracked 
|  30|0x00000000cac00000, 0x00000000cac00000, 0x00000000cad00000|  0%| F|  |TAMS 0x00000000cac00000, 0x00000000cac00000| Untracked 
|  31|0x00000000cad00000, 0x00000000cad00000, 0x00000000cae00000|  0%| F|  |TAMS 0x00000000cad00000, 0x00000000cad00000| Untracked 
|  32|0x00000000cae00000, 0x00000000cae00000, 0x00000000caf00000|  0%| F|  |TAMS 0x00000000cae00000, 0x00000000cae00000| Untracked 
|  33|0x00000000caf00000, 0x00000000caf00000, 0x00000000cb000000|  0%| F|  |TAMS 0x00000000caf00000, 0x00000000caf00000| Untracked 
|  34|0x00000000cb000000, 0x00000000cb000000, 0x00000000cb100000|  0%| F|  |TAMS 0x00000000cb000000, 0x00000000cb000000| Untracked 
|  35|0x00000000cb100000, 0x00000000cb100000, 0x00000000cb200000|  0%| F|  |TAMS 0x00000000cb100000, 0x00000000cb100000| Untracked 
|  36|0x00000000cb200000, 0x00000000cb200000, 0x00000000cb300000|  0%| F|  |TAMS 0x00000000cb200000, 0x00000000cb200000| Untracked 
|  37|0x00000000cb300000, 0x00000000cb318980, 0x00000000cb400000|  9%| S|CS|TAMS 0x00000000cb300000, 0x00000000cb300000| Complete 
|  38|0x00000000cb400000, 0x00000000cb500000, 0x00000000cb500000|100%| S|CS|TAMS 0x00000000cb400000, 0x00000000cb400000| Complete 
|  39|0x00000000cb500000, 0x00000000cb500000, 0x00000000cb600000|  0%| F|  |TAMS 0x00000000cb500000, 0x00000000cb500000| Untracked 
|  40|0x00000000cb600000, 0x00000000cb600000, 0x00000000cb700000|  0%| F|  |TAMS 0x00000000cb600000, 0x00000000cb600000| Untracked 
|  41|0x00000000cb700000, 0x00000000cb700000, 0x00000000cb800000|  0%| F|  |TAMS 0x00000000cb700000, 0x00000000cb700000| Untracked 
|  42|0x00000000cb800000, 0x00000000cb800000, 0x00000000cb900000|  0%| F|  |TAMS 0x00000000cb800000, 0x00000000cb800000| Untracked 
|  43|0x00000000cb900000, 0x00000000cb900000, 0x00000000cba00000|  0%| F|  |TAMS 0x00000000cb900000, 0x00000000cb900000| Untracked 
|  44|0x00000000cba00000, 0x00000000cba00000, 0x00000000cbb00000|  0%| F|  |TAMS 0x00000000cba00000, 0x00000000cba00000| Untracked 
|  45|0x00000000cbb00000, 0x00000000cbb00000, 0x00000000cbc00000|  0%| F|  |TAMS 0x00000000cbb00000, 0x00000000cbb00000| Untracked 
|  46|0x00000000cbc00000, 0x00000000cbc00000, 0x00000000cbd00000|  0%| F|  |TAMS 0x00000000cbc00000, 0x00000000cbc00000| Untracked 
|  47|0x00000000cbd00000, 0x00000000cbd00000, 0x00000000cbe00000|  0%| F|  |TAMS 0x00000000cbd00000, 0x00000000cbd00000| Untracked 
|  48|0x00000000cbe00000, 0x00000000cbe00000, 0x00000000cbf00000|  0%| F|  |TAMS 0x00000000cbe00000, 0x00000000cbe00000| Untracked 
|  49|0x00000000cbf00000, 0x00000000cbf00000, 0x00000000cc000000|  0%| F|  |TAMS 0x00000000cbf00000, 0x00000000cbf00000| Untracked 
|  50|0x00000000cc000000, 0x00000000cc100000, 0x00000000cc100000|100%| E|  |TAMS 0x00000000cc000000, 0x00000000cc000000| Complete 
|  51|0x00000000cc100000, 0x00000000cc200000, 0x00000000cc200000|100%| E|CS|TAMS 0x00000000cc100000, 0x00000000cc100000| Complete 
|  52|0x00000000cc200000, 0x00000000cc300000, 0x00000000cc300000|100%| E|CS|TAMS 0x00000000cc200000, 0x00000000cc200000| Complete 
|  53|0x00000000cc300000, 0x00000000cc400000, 0x00000000cc400000|100%| E|CS|TAMS 0x00000000cc300000, 0x00000000cc300000| Complete 
|  54|0x00000000cc400000, 0x00000000cc500000, 0x00000000cc500000|100%| E|CS|TAMS 0x00000000cc400000, 0x00000000cc400000| Complete 
|  55|0x00000000cc500000, 0x00000000cc600000, 0x00000000cc600000|100%| E|CS|TAMS 0x00000000cc500000, 0x00000000cc500000| Complete 

Card table byte_map: [0x000001a8642a0000,0x000001a864460000] _byte_map_base: 0x000001a863c59000

Marking Bits (Prev, Next): (CMBitMap*) 0x000001a84b7d79a0, (CMBitMap*) 0x000001a84b7d79e0
 Prev Bits: [0x000001a864620000, 0x000001a8653e8000)
 Next Bits: [0x000001a8653f0000, 0x000001a8661b8000)

Polling page: 0x000001a84b860000

Metaspace:

Usage:
  Non-class:      9.07 MB used.
      Class:      1.10 MB used.
       Both:     10.17 MB used.

Virtual space:
  Non-class space:       64.00 MB reserved,       9.19 MB ( 14%) committed,  1 nodes.
      Class space:        1.00 GB reserved,       1.19 MB ( <1%) committed,  1 nodes.
             Both:        1.06 GB reserved,      10.38 MB ( <1%) committed. 

Chunk freelists:
   Non-Class:  6.49 MB
       Class:  14.75 MB
        Both:  21.25 MB

MaxMetaspaceSize: unlimited
CompressedClassSpaceSize: 1.00 GB
Initial GC threshold: 21.00 MB
Current GC threshold: 21.00 MB
CDS: on
MetaspaceReclaimPolicy: balanced
 - commit_granule_bytes: 65536.
 - commit_granule_words: 8192.
 - virtual_space_node_default_size: 8388608.
 - enlarge_chunks_in_place: 1.
 - new_chunks_are_fully_committed: 0.
 - uncommit_free_chunks: 1.
 - use_allocation_guard: 0.
 - handle_deallocations: 1.


Internal statistics:

num_allocs_failed_limit: 0.
num_arena_births: 128.
num_arena_deaths: 0.
num_vsnodes_births: 2.
num_vsnodes_deaths: 0.
num_space_committed: 166.
num_space_uncommitted: 0.
num_chunks_returned_to_freelist: 0.
num_chunks_taken_from_freelist: 191.
num_chunk_merges: 0.
num_chunk_splits: 106.
num_chunks_enlarged: 40.
num_inconsistent_stats: 0.

CodeHeap 'non-profiled nmethods': size=120000Kb used=946Kb max_used=946Kb free=119053Kb
 bounds [0x000001a85c590000, 0x000001a85c800000, 0x000001a863ac0000]
CodeHeap 'profiled nmethods': size=120000Kb used=3896Kb max_used=3896Kb free=116104Kb
 bounds [0x000001a854ac0000, 0x000001a854e90000, 0x000001a85bff0000]
CodeHeap 'non-nmethods': size=5760Kb used=1308Kb max_used=1331Kb free=4451Kb
 bounds [0x000001a85bff0000, 0x000001a85c260000, 0x000001a85c590000]
 total_blobs=2693 nmethods=2056 adapters=549
 compilation: enabled
              stopped_count=0, restarted_count=0
 full_count=0

Compilation events (20 events):
Event: 71.020 Thread 0x000001a868755a30 nmethod 2045 0x000001a854e8b410 code [0x000001a854e8b5a0, 0x000001a854e8b6b8]
Event: 71.020 Thread 0x000001a868755a30 2046       3       jdk.internal.org.objectweb.asm.MethodWriter::computeMethodInfoSize (571 bytes)
Event: 71.023 Thread 0x000001a868755a30 nmethod 2046 0x000001a854e8b790 code [0x000001a854e8bac0, 0x000001a854e8ca08]
Event: 71.039 Thread 0x000001a868755a30 2049       1       java.awt.Window::isRecursivelyVisible (5 bytes)
Event: 71.039 Thread 0x000001a868755a30 nmethod 2049 0x000001a85c67bd10 code [0x000001a85c67bea0, 0x000001a85c67bf78]
Event: 71.042 Thread 0x000001a868752f70 2050       4       java.util.ArrayList::get (15 bytes)
Event: 71.043 Thread 0x000001a868755a30 2051       1       sun.util.locale.StringTokenIterator::current (5 bytes)
Event: 71.043 Thread 0x000001a868755a30 nmethod 2051 0x000001a85c67c010 code [0x000001a85c67c1a0, 0x000001a85c67c278]
Event: 71.044 Thread 0x000001a868755a30 2052       3       java.util.Collections::emptyList (4 bytes)
Event: 71.044 Thread 0x000001a868752f70 nmethod 2050 0x000001a85c67c310 code [0x000001a85c67c480, 0x000001a85c67c578]
Event: 71.044 Thread 0x000001a868755a30 nmethod 2052 0x000001a854e8d090 code [0x000001a854e8d220, 0x000001a854e8d318]
Event: 71.046 Thread 0x000001a868755a30 2053       3       sun.font.CompositeGlyphMapper::getCachedGlyphCode (32 bytes)
Event: 71.046 Thread 0x000001a868755a30 nmethod 2053 0x000001a854e8d390 code [0x000001a854e8d540, 0x000001a854e8d778]
Event: 71.048 Thread 0x000001a868752f70 2054       4       sun.java2d.pipe.DrawImage::copyImage (60 bytes)
Event: 71.049 Thread 0x000001a868755a30 2055       3       sun.java2d.SurfaceData::getStateTracker (8 bytes)
Event: 71.049 Thread 0x000001a868755a30 nmethod 2055 0x000001a854e8d890 code [0x000001a854e8da40, 0x000001a854e8db88]
Event: 71.049 Thread 0x000001a868755a30 2056       3       sun.awt.SunHints$Key::getIndex (5 bytes)
Event: 71.050 Thread 0x000001a868755a30 nmethod 2056 0x000001a854e8dc90 code [0x000001a854e8de20, 0x000001a854e8df38]
Event: 71.050 Thread 0x000001a868755a30 2057       1       java.awt.Font::hasLayoutAttributes (5 bytes)
Event: 71.050 Thread 0x000001a868755a30 nmethod 2057 0x000001a85c67c690 code [0x000001a85c67c820, 0x000001a85c67c8f8]

GC Heap History (4 events):
Event: 18.590 GC heap before
{Heap before GC invocations=0 (full 0):
 garbage-first heap   total 57344K, used 13312K [0x00000000c8e00000, 0x0000000100000000)
  region size 1024K, 13 young (13312K), 0 survivors (0K)
 Metaspace       used 8016K, committed 8256K, reserved 1114112K
  class space    used 849K, committed 960K, reserved 1048576K
}
Event: 18.599 GC heap after
{Heap after GC invocations=1 (full 0):
 garbage-first heap   total 57344K, used 2596K [0x00000000c8e00000, 0x0000000100000000)
  region size 1024K, 2 young (2048K), 2 survivors (2048K)
 Metaspace       used 8016K, committed 8256K, reserved 1114112K
  class space    used 849K, committed 960K, reserved 1048576K
}
Event: 51.809 GC heap before
{Heap before GC invocations=1 (full 0):
 garbage-first heap   total 57344K, used 17956K [0x00000000c8e00000, 0x0000000100000000)
  region size 1024K, 17 young (17408K), 2 survivors (2048K)
 Metaspace       used 9826K, committed 10048K, reserved 1114112K
  class space    used 1045K, committed 1152K, reserved 1048576K
}
Event: 51.816 GC heap after
{Heap after GC invocations=2 (full 0):
 garbage-first heap   total 57344K, used 3735K [0x00000000c8e00000, 0x0000000100000000)
  region size 1024K, 2 young (2048K), 2 survivors (2048K)
 Metaspace       used 9826K, committed 10048K, reserved 1114112K
  class space    used 1045K, committed 1152K, reserved 1048576K
}

Dll operation events (13 events):
Event: 0.038 Loaded shared library C:\Program Files\Amazon Corretto\jdk17.0.11_9\bin\java.dll
Event: 0.089 Loaded shared library C:\Program Files\Amazon Corretto\jdk17.0.11_9\bin\jsvml.dll
Event: 0.291 Loaded shared library C:\Program Files\Amazon Corretto\jdk17.0.11_9\bin\zip.dll
Event: 0.302 Loaded shared library C:\Program Files\Amazon Corretto\jdk17.0.11_9\bin\instrument.dll
Event: 0.331 Loaded shared library C:\Program Files\Amazon Corretto\jdk17.0.11_9\bin\net.dll
Event: 0.341 Loaded shared library C:\Program Files\Amazon Corretto\jdk17.0.11_9\bin\nio.dll
Event: 0.351 Loaded shared library C:\Program Files\Amazon Corretto\jdk17.0.11_9\bin\zip.dll
Event: 0.373 Loaded shared library C:\Program Files\JetBrains\IntelliJ IDEA 2024.1\bin\breakgen64.dll
Event: 0.465 Loaded shared library C:\Program Files\Amazon Corretto\jdk17.0.11_9\bin\jimage.dll
Event: 0.718 Loaded shared library C:\Program Files\Amazon Corretto\jdk17.0.11_9\bin\extnet.dll
Event: 0.748 Loaded shared library C:\Program Files\Amazon Corretto\jdk17.0.11_9\bin\awt.dll
Event: 1.928 Loaded shared library C:\Program Files\Amazon Corretto\jdk17.0.11_9\bin\freetype.dll
Event: 1.936 Loaded shared library C:\Program Files\Amazon Corretto\jdk17.0.11_9\bin\fontmanager.dll

Deoptimization events (20 events):
Event: 64.240 Thread 0x000001a868be28a0 Uncommon trap: trap_request=0xffffffde fr.pc=0x000001a85c5a68a4 relative=0x00000000000001a4
Event: 64.240 Thread 0x000001a868be28a0 Uncommon trap: reason=class_check action=maybe_recompile pc=0x000001a85c5a68a4 method=java.lang.String.equals(Ljava/lang/Object;)Z @ 8 c2
Event: 64.240 Thread 0x000001a868be28a0 DEOPT PACKING pc=0x000001a85c5a68a4 sp=0x00000052560fdd90
Event: 64.240 Thread 0x000001a868be28a0 DEOPT UNPACKING pc=0x000001a85c0469a3 sp=0x00000052560fdd28 mode 2
Event: 70.908 Thread 0x000001a868be28a0 Uncommon trap: trap_request=0xffffff45 fr.pc=0x000001a85c662528 relative=0x00000000000000a8
Event: 70.908 Thread 0x000001a868be28a0 Uncommon trap: reason=unstable_if action=reinterpret pc=0x000001a85c662528 method=java.nio.Buffer.limit(I)Ljava/nio/Buffer; @ 42 c2
Event: 70.908 Thread 0x000001a868be28a0 DEOPT PACKING pc=0x000001a85c662528 sp=0x00000052560fd190
Event: 70.908 Thread 0x000001a868be28a0 DEOPT UNPACKING pc=0x000001a85c0469a3 sp=0x00000052560fd118 mode 2
Event: 70.912 Thread 0x000001a868be28a0 Uncommon trap: trap_request=0xffffff45 fr.pc=0x000001a85c634888 relative=0x0000000000000248
Event: 70.912 Thread 0x000001a868be28a0 Uncommon trap: reason=unstable_if action=reinterpret pc=0x000001a85c634888 method=java.security.AccessController.getContext()Ljava/security/AccessControlContext; @ 5 c2
Event: 70.912 Thread 0x000001a868be28a0 DEOPT PACKING pc=0x000001a85c634888 sp=0x00000052560fd100
Event: 70.912 Thread 0x000001a868be28a0 DEOPT UNPACKING pc=0x000001a85c0469a3 sp=0x00000052560fd0a8 mode 2
Event: 71.034 Thread 0x000001a868be28a0 Uncommon trap: trap_request=0xffffff45 fr.pc=0x000001a85c60b43c relative=0x000000000000069c
Event: 71.034 Thread 0x000001a868be28a0 Uncommon trap: reason=unstable_if action=reinterpret pc=0x000001a85c60b43c method=sun.java2d.loops.RenderCache.get(Lsun/java2d/loops/SurfaceType;Lsun/java2d/loops/CompositeType;Lsun/java2d/loops/SurfaceType;)Ljava/lang/Object; @ 29 c2
Event: 71.034 Thread 0x000001a868be28a0 DEOPT PACKING pc=0x000001a85c60b43c sp=0x00000052560fb660
Event: 71.034 Thread 0x000001a868be28a0 DEOPT UNPACKING pc=0x000001a85c0469a3 sp=0x00000052560fb5c0 mode 2
Event: 71.045 Thread 0x000001a868be28a0 Uncommon trap: trap_request=0xffffff45 fr.pc=0x000001a85c62f4b4 relative=0x0000000000000114
Event: 71.045 Thread 0x000001a868be28a0 Uncommon trap: reason=unstable_if action=reinterpret pc=0x000001a85c62f4b4 method=java.util.IdentityHashMap.get(Ljava/lang/Object;)Ljava/lang/Object; @ 43 c2
Event: 71.045 Thread 0x000001a868be28a0 DEOPT PACKING pc=0x000001a85c62f4b4 sp=0x00000052560fd5c0
Event: 71.045 Thread 0x000001a868be28a0 DEOPT UNPACKING pc=0x000001a85c0469a3 sp=0x00000052560fd538 mode 2

Classes unloaded (0 events):
No events

Classes redefined (0 events):
No events

Internal exceptions (20 events):
Event: 0.721 Thread 0x000001a868aa13c0 Exception <a 'java/lang/NoSuchMethodError'{0x00000000cc4dba30}: 'void java.lang.invoke.DirectMethodHandle$Holder.invokeStatic(java.lang.Object, java.lang.Object)'> (0x00000000cc4dba30) 
thrown [s\src\hotspot\share\interpreter\linkResolver.cpp, line 759]
Event: 0.794 Thread 0x000001a84b79d4e0 Exception <a 'java/io/FileNotFoundException'{0x00000000cc35b840}> (0x00000000cc35b840) 
thrown [s\src\hotspot\share\prims\jni.cpp, line 516]
Event: 0.826 Thread 0x000001a84b79d4e0 Exception <a 'java/io/FileNotFoundException'{0x00000000cc388a78}> (0x00000000cc388a78) 
thrown [s\src\hotspot\share\prims\jni.cpp, line 516]
Event: 1.529 Thread 0x000001a868be28a0 Exception <a 'java/lang/NoSuchMethodError'{0x00000000cc1d5020}: 'void java.lang.invoke.DirectMethodHandle$Holder.invokeSpecial(java.lang.Object, java.lang.Object, java.lang.Object)'> (0x00000000cc1d5020) 
thrown [s\src\hotspot\share\interpreter\linkResolver.cpp, line 759]
Event: 1.557 Thread 0x000001a868be28a0 Exception <a 'java/lang/NoSuchMethodError'{0x00000000cc1ff130}: 'java.lang.Object java.lang.invoke.DirectMethodHandle$Holder.newInvokeSpecial(java.lang.Object, java.lang.Object, java.lang.Object, java.lang.Object, java.lang.Object)'> (0x00000000cc1ff130) 
thrown [s\src\hotspot\share\interpreter\linkResolver.cpp, line 759]
Event: 1.563 Thread 0x000001a868be28a0 Exception <a 'java/lang/NoSuchMethodError'{0x00000000cc04de70}: 'java.lang.Object java.lang.invoke.DirectMethodHandle$Holder.invokeStatic(java.lang.Object, int, java.lang.Object, java.lang.Object, java.lang.Object, java.lang.Object)'> (0x00000000cc04de70) 
thrown [s\src\hotspot\share\interpreter\linkResolver.cpp, line 759]
Event: 1.575 Thread 0x000001a868be28a0 Exception <a 'java/lang/NoSuchMethodError'{0x00000000cc073600}: 'java.lang.Object java.lang.invoke.DirectMethodHandle$Holder.invokeStatic(java.lang.Object, int, java.lang.Object)'> (0x00000000cc073600) 
thrown [s\src\hotspot\share\interpreter\linkResolver.cpp, line 759]
Event: 1.640 Thread 0x000001a868be28a0 Exception <a 'java/lang/ClassNotFoundException'{0x00000000cbf2c0f0}: com/sun/swing/internal/plaf/metal/resources/spi/metalProvider> (0x00000000cbf2c0f0) 
thrown [s\src\hotspot\share\classfile\systemDictionary.cpp, line 256]
Event: 1.644 Thread 0x000001a868be28a0 Exception <a 'java/lang/ClassNotFoundException'{0x00000000cbf30b18}: com/sun/swing/internal/plaf/basic/resources/spi/basicProvider> (0x00000000cbf30b18) 
thrown [s\src\hotspot\share\classfile\systemDictionary.cpp, line 256]
Event: 1.749 Thread 0x000001a87227a010 Exception <a 'java/lang/NoSuchMethodError'{0x00000000cbfd78f8}: 'java.lang.Object java.lang.invoke.DirectMethodHandle$Holder.newInvokeSpecial(java.lang.Object, java.lang.Object, java.lang.Object, int, int, int, int, int)'> (0x00000000cbfd78f8) 
thrown [s\src\hotspot\share\interpreter\linkResolver.cpp, line 759]
Event: 1.765 Thread 0x000001a868be28a0 Exception <a 'java/lang/NoSuchMethodError'{0x00000000cbf5f190}: 'int java.lang.invoke.DirectMethodHandle$Holder.invokeStaticInit(java.lang.Object, java.lang.Object)'> (0x00000000cbf5f190) 
thrown [s\src\hotspot\share\interpreter\linkResolver.cpp, line 759]
Event: 1.911 Thread 0x000001a868be28a0 Exception <a 'java/lang/NoSuchMethodError'{0x00000000cbe2b7b0}: 'void java.lang.invoke.DirectMethodHandle$Holder.invokeStaticInit(java.lang.Object)'> (0x00000000cbe2b7b0) 
thrown [s\src\hotspot\share\interpreter\linkResolver.cpp, line 759]
Event: 2.122 Thread 0x000001a868baa750 Exception <a 'java/lang/NoSuchMethodError'{0x00000000cc3d7dd8}: 'void java.lang.invoke.DirectMethodHandle$Holder.invokeVirtual(java.lang.Object, java.lang.Object)'> (0x00000000cc3d7dd8) 
thrown [s\src\hotspot\share\interpreter\linkResolver.cpp, line 759]
Event: 4.466 Thread 0x000001a868be28a0 Implicit null exception at 0x000001a85c5dbbdf to 0x000001a85c5e2fa0
Event: 7.122 Thread 0x000001a868be28a0 Implicit null exception at 0x000001a85c5f0f84 to 0x000001a85c5f370c
Event: 50.440 Thread 0x000001a868be28a0 Implicit null exception at 0x000001a85c5bc29b to 0x000001a85c5bc948
Event: 51.907 Thread 0x000001a868be28a0 Implicit null exception at 0x000001a85c66a15e to 0x000001a85c66e660
Event: 70.911 Thread 0x000001a868be28a0 Implicit null exception at 0x000001a85c634658 to 0x000001a85c63487a
Event: 71.018 Thread 0x000001a868be28a0 Exception <a 'java/lang/NoSuchMethodError'{0x00000000cc099b78}: 'int java.lang.invoke.DirectMethodHandle$Holder.invokeStatic(java.lang.Object)'> (0x00000000cc099b78) 
thrown [s\src\hotspot\share\interpreter\linkResolver.cpp, line 759]
Event: 71.034 Thread 0x000001a868be28a0 Implicit null exception at 0x000001a85c60b02c to 0x000001a85c60b410

VM Operations (20 events):
Event: 58.887 Executing VM operation: Cleanup
Event: 58.887 Executing VM operation: Cleanup done
Event: 60.157 Executing VM operation: HandshakeAllThreads
Event: 60.157 Executing VM operation: HandshakeAllThreads done
Event: 64.185 Executing VM operation: Cleanup
Event: 64.185 Executing VM operation: Cleanup done
Event: 65.198 Executing VM operation: Cleanup
Event: 65.198 Executing VM operation: Cleanup done
Event: 69.823 Executing VM operation: HandshakeAllThreads
Event: 69.823 Executing VM operation: HandshakeAllThreads done
Event: 70.835 Executing VM operation: Cleanup
Event: 70.835 Executing VM operation: Cleanup done
Event: 70.910 Executing VM operation: HandshakeAllThreads
Event: 70.910 Executing VM operation: HandshakeAllThreads done
Event: 70.911 Executing VM operation: HandshakeAllThreads
Event: 70.911 Executing VM operation: HandshakeAllThreads done
Event: 70.933 Executing VM operation: HandshakeAllThreads
Event: 70.933 Executing VM operation: HandshakeAllThreads done
Event: 70.985 Executing VM operation: HandshakeAllThreads
Event: 70.985 Executing VM operation: HandshakeAllThreads done

Events (20 events):
Event: 71.011 loading class java/awt/ModalEventFilter$1
Event: 71.011 loading class java/awt/ModalEventFilter$1 done
Event: 71.012 loading class java/awt/ModalEventFilter$ApplicationModalEventFilter
Event: 71.012 loading class java/awt/ModalEventFilter$ApplicationModalEventFilter done
Event: 71.012 loading class sun/awt/ModalityEvent
Event: 71.012 loading class sun/awt/ModalityEvent done
Event: 71.013 loading class java/util/Vector$Itr
Event: 71.013 loading class java/util/Vector$Itr done
Event: 71.022 loading class java/awt/WaitDispatchSupport
Event: 71.023 loading class java/awt/SecondaryLoop
Event: 71.023 loading class java/awt/SecondaryLoop done
Event: 71.023 loading class java/awt/WaitDispatchSupport done
Event: 71.024 loading class java/awt/WaitDispatchSupport$5
Event: 71.024 loading class java/awt/WaitDispatchSupport$5 done
Event: 71.024 loading class java/awt/WaitDispatchSupport$1
Event: 71.024 loading class java/awt/WaitDispatchSupport$1 done
Event: 71.025 loading class java/awt/WaitDispatchSupport$2
Event: 71.025 loading class java/awt/WaitDispatchSupport$2 done
Event: 71.025 loading class java/awt/WaitDispatchSupport$4
Event: 71.025 loading class java/awt/WaitDispatchSupport$4 done


Dynamic libraries:
0x00007ff672c90000 - 0x00007ff672c9e000 	C:\Program Files\Amazon Corretto\jdk17.0.11_9\bin\java.exe
0x00007ffa9e5b0000 - 0x00007ffa9e7a8000 	C:\WINDOWS\SYSTEM32\ntdll.dll
0x00007ffa9d6f0000 - 0x00007ffa9d7b1000 	C:\WINDOWS\System32\KERNEL32.DLL
0x00007ffa9bfd0000 - 0x00007ffa9c2cd000 	C:\WINDOWS\System32\KERNELBASE.dll
0x00007ffa9c320000 - 0x00007ffa9c420000 	C:\WINDOWS\System32\ucrtbase.dll
0x00007ffa93fb0000 - 0x00007ffa93fc7000 	C:\Program Files\Amazon Corretto\jdk17.0.11_9\bin\jli.dll
0x00007ffa9d030000 - 0x00007ffa9d1cd000 	C:\WINDOWS\System32\USER32.dll
0x00007ffa95000000 - 0x00007ffa9501b000 	C:\Program Files\Amazon Corretto\jdk17.0.11_9\bin\VCRUNTIME140.dll
0x00007ffa9bfa0000 - 0x00007ffa9bfc2000 	C:\WINDOWS\System32\win32u.dll
0x00007ffa9dbc0000 - 0x00007ffa9dbeb000 	C:\WINDOWS\System32\GDI32.dll
0x00007ffa9c4c0000 - 0x00007ffa9c5d7000 	C:\WINDOWS\System32\gdi32full.dll
0x00007ffa9c420000 - 0x00007ffa9c4bd000 	C:\WINDOWS\System32\msvcp_win.dll
0x00007ffa8cf40000 - 0x00007ffa8d1da000 	C:\WINDOWS\WinSxS\amd64_microsoft.windows.common-controls_6595b64144ccf1df_6.0.19041.4355_none_60b8b9eb71f62e16\COMCTL32.dll
0x00007ffa9d270000 - 0x00007ffa9d30e000 	C:\WINDOWS\System32\msvcrt.dll
0x00007ffa9dd20000 - 0x00007ffa9dd4f000 	C:\WINDOWS\System32\IMM32.DLL
0x00007ffa951a0000 - 0x00007ffa951ac000 	C:\Program Files\Amazon Corretto\jdk17.0.11_9\bin\vcruntime140_1.dll
0x00007ffa73b70000 - 0x00007ffa73bfd000 	C:\Program Files\Amazon Corretto\jdk17.0.11_9\bin\msvcp140.dll
0x00007ffa58920000 - 0x00007ffa59582000 	C:\Program Files\Amazon Corretto\jdk17.0.11_9\bin\server\jvm.dll
0x00007ffa9d430000 - 0x00007ffa9d4e0000 	C:\WINDOWS\System32\ADVAPI32.dll
0x00007ffa9d1d0000 - 0x00007ffa9d270000 	C:\WINDOWS\System32\sechost.dll
0x00007ffa9d5b0000 - 0x00007ffa9d6d3000 	C:\WINDOWS\System32\RPCRT4.dll
0x00007ffa9bda0000 - 0x00007ffa9bdc7000 	C:\WINDOWS\System32\bcrypt.dll
0x00007ffa9bab0000 - 0x00007ffa9bafb000 	C:\WINDOWS\SYSTEM32\POWRPROF.dll
0x00007ffa99ca0000 - 0x00007ffa99ca9000 	C:\WINDOWS\SYSTEM32\WSOCK32.dll
0x00007ffa9d7c0000 - 0x00007ffa9d82b000 	C:\WINDOWS\System32\WS2_32.dll
0x00007ffa94100000 - 0x00007ffa9410a000 	C:\WINDOWS\SYSTEM32\VERSION.dll
0x00007ffa99970000 - 0x00007ffa99997000 	C:\WINDOWS\SYSTEM32\WINMM.dll
0x00007ffa9ba90000 - 0x00007ffa9baa2000 	C:\WINDOWS\SYSTEM32\UMPDC.dll
0x00007ffa9a470000 - 0x00007ffa9a482000 	C:\WINDOWS\SYSTEM32\kernel.appcore.dll
0x00007ffa94fc0000 - 0x00007ffa94fca000 	C:\Program Files\Amazon Corretto\jdk17.0.11_9\bin\jimage.dll
0x00007ffa99780000 - 0x00007ffa99964000 	C:\WINDOWS\SYSTEM32\DBGHELP.DLL
0x00007ffa99740000 - 0x00007ffa99774000 	C:\WINDOWS\SYSTEM32\dbgcore.DLL
0x00007ffa9bd10000 - 0x00007ffa9bd92000 	C:\WINDOWS\System32\bcryptPrimitives.dll
0x00007ffa94d80000 - 0x00007ffa94d8e000 	C:\Program Files\Amazon Corretto\jdk17.0.11_9\bin\instrument.dll
0x00007ffa81600000 - 0x00007ffa81625000 	C:\Program Files\Amazon Corretto\jdk17.0.11_9\bin\java.dll
0x00007ffa713e0000 - 0x00007ffa714b7000 	C:\Program Files\Amazon Corretto\jdk17.0.11_9\bin\jsvml.dll
0x00007ffa9c8c0000 - 0x00007ffa9d02f000 	C:\WINDOWS\System32\SHELL32.dll
0x00007ffa99cc0000 - 0x00007ffa9a45f000 	C:\WINDOWS\SYSTEM32\windows.storage.dll
0x00007ffa9d840000 - 0x00007ffa9db93000 	C:\WINDOWS\System32\combase.dll
0x00007ffa9b5b0000 - 0x00007ffa9b5de000 	C:\WINDOWS\SYSTEM32\Wldp.dll
0x00007ffa9d4e0000 - 0x00007ffa9d5ad000 	C:\WINDOWS\System32\OLEAUT32.dll
0x00007ffa9e240000 - 0x00007ffa9e2ed000 	C:\WINDOWS\System32\SHCORE.dll
0x00007ffa9dc60000 - 0x00007ffa9dcb5000 	C:\WINDOWS\System32\shlwapi.dll
0x00007ffa9bb90000 - 0x00007ffa9bbb4000 	C:\WINDOWS\SYSTEM32\profapi.dll
0x00007ffa90b20000 - 0x00007ffa90b38000 	C:\Program Files\Amazon Corretto\jdk17.0.11_9\bin\zip.dll
0x00007ffa8d7c0000 - 0x00007ffa8d7d9000 	C:\Program Files\Amazon Corretto\jdk17.0.11_9\bin\net.dll
0x00007ffa914a0000 - 0x00007ffa915ad000 	C:\WINDOWS\SYSTEM32\WINHTTP.dll
0x00007ffa9b310000 - 0x00007ffa9b37a000 	C:\WINDOWS\system32\mswsock.dll
0x00007ffa840c0000 - 0x00007ffa840d6000 	C:\Program Files\Amazon Corretto\jdk17.0.11_9\bin\nio.dll
0x00007ffa7ed60000 - 0x00007ffa7ed7a000 	C:\Program Files\JetBrains\IntelliJ IDEA 2024.1\bin\breakgen64.dll
0x00007ffa94050000 - 0x00007ffa94059000 	C:\Program Files\Amazon Corretto\jdk17.0.11_9\bin\extnet.dll
0x00007ffa67640000 - 0x00007ffa677d0000 	C:\Program Files\Amazon Corretto\jdk17.0.11_9\bin\awt.dll
0x00007ffa97da0000 - 0x00007ffa97e34000 	C:\WINDOWS\SYSTEM32\apphelp.dll
0x00007ffa98fb0000 - 0x00007ffa9904e000 	C:\WINDOWS\system32\uxtheme.dll
0x00007ffa9d310000 - 0x00007ffa9d424000 	C:\WINDOWS\System32\MSCTF.dll
0x00007ffa9c790000 - 0x00007ffa9c8bb000 	C:\WINDOWS\System32\ole32.dll
0x00007ffa99390000 - 0x00007ffa993bf000 	C:\WINDOWS\system32\DWMAPI.DLL
0x00007ffa654a0000 - 0x00007ffa655c8000 	C:\WINDOWS\system32\opengl32.dll
0x00007ffa82330000 - 0x00007ffa8235c000 	C:\WINDOWS\SYSTEM32\GLU32.dll
0x00007ffa67d90000 - 0x00007ffa67f60000 	C:\WINDOWS\system32\d3d9.dll
0x00007ffa90960000 - 0x00007ffa90b1b000 	C:\WINDOWS\System32\DriverStore\FileRepository\u0385692.inf_amd64_464982c8b1262429\B385477\aticfx64.dll
0x00007ffa7e910000 - 0x00007ffa7e944000 	C:\WINDOWS\System32\DriverStore\FileRepository\u0385692.inf_amd64_464982c8b1262429\B385477\atiu9p64.dll
0x00007ffa430a0000 - 0x00007ffa43df5000 	C:\WINDOWS\System32\DriverStore\FileRepository\u0385692.inf_amd64_464982c8b1262429\B385477\atiumd64.dll
0x0000000076310000 - 0x0000000077237000 	C:\WINDOWS\System32\DriverStore\FileRepository\u0385692.inf_amd64_464982c8b1262429\B385477\atiumd6a.dll
0x00007ffa9dd50000 - 0x00007ffa9e1be000 	C:\WINDOWS\System32\SETUPAPI.dll
0x00007ffa9c2d0000 - 0x00007ffa9c31e000 	C:\WINDOWS\System32\cfgmgr32.dll
0x00007ffa8e6e0000 - 0x00007ffa8e715000 	C:\WINDOWS\SYSTEM32\amdihk64.dll
0x00007ffa90b80000 - 0x00007ffa90bbb000 	C:\WINDOWS\SYSTEM32\dxcore.dll
0x00007ffa72de0000 - 0x00007ffa72e67000 	C:\Program Files\Amazon Corretto\jdk17.0.11_9\bin\freetype.dll
0x00007ffa68810000 - 0x00007ffa688f2000 	C:\Program Files\Amazon Corretto\jdk17.0.11_9\bin\fontmanager.dll
0x00007ffa8cbf0000 - 0x00007ffa8cce9000 	C:\WINDOWS\SYSTEM32\textinputframework.dll
0x00007ffa97690000 - 0x00007ffa979eb000 	C:\WINDOWS\System32\CoreUIComponents.dll
0x00007ffa979f0000 - 0x00007ffa97ae2000 	C:\WINDOWS\System32\CoreMessaging.dll
0x00007ffa9ad50000 - 0x00007ffa9ad83000 	C:\WINDOWS\SYSTEM32\ntmarta.dll
0x00007ffa98120000 - 0x00007ffa98277000 	C:\WINDOWS\SYSTEM32\wintypes.dll
0x00007ffa9e350000 - 0x00007ffa9e3f9000 	C:\WINDOWS\System32\clbcatq.dll
0x00007ffa98da0000 - 0x00007ffa98f56000 	C:\WINDOWS\SYSTEM32\WindowsCodecs.dll
0x00007ffa82c00000 - 0x00007ffa82c3e000 	C:\WINDOWS\system32\dataexchange.dll
0x00007ffa968d0000 - 0x00007ffa96b33000 	C:\WINDOWS\system32\d3d11.dll
0x00007ffa97120000 - 0x00007ffa97304000 	C:\WINDOWS\system32\dcomp.dll
0x00007ffa9a4e0000 - 0x00007ffa9a5d6000 	C:\WINDOWS\system32\dxgi.dll
0x00007ffa94360000 - 0x00007ffa94563000 	C:\WINDOWS\system32\twinapi.appcore.dll

dbghelp: loaded successfully - version: 4.0.5 - missing functions: none
symbol engine: initialized successfully - sym options: 0x614 - pdb path: .;C:\Program Files\Amazon Corretto\jdk17.0.11_9\bin;C:\WINDOWS\SYSTEM32;C:\WINDOWS\WinSxS\amd64_microsoft.windows.common-controls_6595b64144ccf1df_6.0.19041.4355_none_60b8b9eb71f62e16;C:\Program Files\Amazon Corretto\jdk17.0.11_9\bin\server;C:\Program Files\JetBrains\IntelliJ IDEA 2024.1\bin;C:\WINDOWS\System32\DriverStore\FileRepository\u0385692.inf_amd64_464982c8b1262429\B385477

VM Arguments:
jvm_args: -javaagent:C:\Program Files\JetBrains\IntelliJ IDEA 2024.1\lib\idea_rt.jar=64509:C:\Program Files\JetBrains\IntelliJ IDEA 2024.1\bin -Dfile.encoding=UTF-8 
java_command: com.zetcode.SpaceInvaders
java_class_path (initial): C:\Proyectos Expo modalidad\Java-Space-Invaders\out\production\Java-Space-Invaders
Launcher Type: SUN_STANDARD

[Global flags]
     intx CICompilerCount                          = 3                                         {product} {ergonomic}
     uint ConcGCThreads                            = 1                                         {product} {ergonomic}
     uint G1ConcRefinementThreads                  = 4                                         {product} {ergonomic}
   size_t G1HeapRegionSize                         = 1048576                                   {product} {ergonomic}
    uintx GCDrainStackTargetSize                   = 64                                        {product} {ergonomic}
   size_t InitialHeapSize                          = 58720256                                  {product} {ergonomic}
   size_t MarkStackSize                            = 4194304                                   {product} {ergonomic}
   size_t MaxHeapSize                              = 924844032                                 {product} {ergonomic}
   size_t MaxNewSize                               = 554696704                                 {product} {ergonomic}
   size_t MinHeapDeltaBytes                        = 1048576                                   {product} {ergonomic}
   size_t MinHeapSize                              = 8388608                                   {product} {ergonomic}
    uintx NonNMethodCodeHeapSize                   = 5832780                                {pd product} {ergonomic}
    uintx NonProfiledCodeHeapSize                  = 122912730                              {pd product} {ergonomic}
    uintx ProfiledCodeHeapSize                     = 122912730                              {pd product} {ergonomic}
    uintx ReservedCodeCacheSize                    = 251658240                              {pd product} {ergonomic}
     bool SegmentedCodeCache                       = true                                      {product} {ergonomic}
   size_t SoftMaxHeapSize                          = 924844032                              {manageable} {ergonomic}
     bool UseCompressedClassPointers               = true                           {product lp64_product} {ergonomic}
     bool UseCompressedOops                        = true                           {product lp64_product} {ergonomic}
     bool UseG1GC                                  = true                                      {product} {ergonomic}
     bool UseLargePagesIndividualAllocation        = false                                  {pd product} {ergonomic}

Logging:
Log output configuration:
 #0: stdout all=warning uptime,level,tags
 #1: stderr all=off uptime,level,tags

Environment Variables:
JAVA_HOME=C:\Program Files\Amazon Corretto\jdk17.0.11_9
PATH=C:\Program Files\Amazon Corretto\jdk17.0.11_9\bin;C:\Program Files\Common Files\Oracle\Java\javapath;C:\WINDOWS\system32;C:\WINDOWS;C:\WINDOWS\System32\Wbem;C:\WINDOWS\System32\WindowsPowerShell\v1.0\;C:\WINDOWS\System32\OpenSSH\;C:\Program Files\Git\cmd;C:\Users\saral\AppData\Local\Programs\Python\Launcher\;C:\Users\saral\AppData\Local\Microsoft\WindowsApps;C:\Users\saral\AppData\Local\Programs\Microsoft VS Code\bin;C:\Users\saral\PyCharm 2024.1.4\bin;
USERNAME=saral
OS=Windows_NT
PROCESSOR_IDENTIFIER=AMD64 Family 23 Model 24 Stepping 1, AuthenticAMD
TMP=C:\Users\saral\AppData\Local\Temp
TEMP=C:\Users\saral\AppData\Local\Temp



Periodic native trim disabled


---------------  S Y S T E M  ---------------

OS:
 Windows 10 , 64 bit Build 19041 (10.0.19041.4717)
OS uptime: 21 days 12:00 hours

CPU: total 4 (initial active 4) (4 cores per cpu, 2 threads per core) family 23 model 24 stepping 1 microcode 0x0, cx8, cmov, fxsr, ht, mmx, 3dnowpref, sse, sse2, sse3, ssse3, sse4a, sse4.1, sse4.2, popcnt, lzcnt, tsc, tscinvbit, avx, avx2, aes, clmul, bmi1, bmi2, adx, sha, fma, vzeroupper, clflush, clflushopt
Processor Information for all 4 processors :
  Max Mhz: 2400, Current Mhz: 2400, Mhz Limit: 2400

Memory: 4k page, system-wide physical 3520M (181M free)
TotalPageFile size 14272M (AvailPageFile size 6M)
current process WorkingSet (physical memory assigned to process): 111M, peak: 117M
current process commit charge ("private bytes"): 200M, peak: 202M

vm_info: OpenJDK 64-Bit Server VM (17.0.11+9-LTS) for windows-amd64 JRE (17.0.11+9-LTS), built on Apr 10 2024 22:12:24 by "Administrator" with MS VC++ 16.10 / 16.11 (VS2019)

END.
