#
# There is insufficient memory for the Java Runtime Environment to continue.
# Native memory allocation (malloc) failed to allocate 1728336 bytes. Error detail: Chunk::new
# Possible reasons:
#   The system is out of physical RAM or swap space
#   This process is running with CompressedOops enabled, and the Java Heap may be blocking the growth of the native heap
# Possible solutions:
#   Reduce memory load on the system
#   Increase physical memory or swap space
#   Check if swap backing store is full
#   Decrease Java heap size (-Xmx/-Xms)
#   Decrease number of Java threads
#   Decrease Java thread stack sizes (-Xss)
#   Set larger code cache with -XX:ReservedCodeCacheSize=
#   JVM is running with Unscaled Compressed Oops mode in which the Java heap is
#     placed in the first 4GB address space. The Java Heap base address is the
#     maximum limit for the native heap growth. Please use -XX:HeapBaseMinAddress
#     to set the Java Heap base and to place the Java Heap above 4GB virtual address.
# This output file may be truncated or incomplete.
#
#  Out of Memory Error (arena.cpp:191), pid=17492, tid=12172
#
# JRE version: OpenJDK Runtime Environment Corretto-17.0.11.9.1 (17.0.11+9) (build 17.0.11+9-LTS)
# Java VM: OpenJDK 64-Bit Server VM Corretto-17.0.11.9.1 (17.0.11+9-LTS, mixed mode, sharing, tiered, compressed oops, compressed class ptrs, g1 gc, windows-amd64)
# No core dump will be written. Minidumps are not enabled by default on client versions of Windows
#

---------------  S U M M A R Y ------------

Command Line: -javaagent:C:\Program Files\JetBrains\IntelliJ IDEA 2024.1\lib\idea_rt.jar=64556:C:\Program Files\JetBrains\IntelliJ IDEA 2024.1\bin -Dfile.encoding=UTF-8 com.zetcode.SpaceInvaders

Host: AMD Athlon Gold 3150U with Radeon Graphics     , 4 cores, 3G,  Windows 10 , 64 bit Build 19041 (10.0.19041.4717)
Time: Sun Sep 22 07:17:45 2024 Hora est. Pacífico, Sudamérica elapsed time: 12.838969 seconds (0d 0h 0m 12s)

---------------  T H R E A D  ---------------

Current thread (0x0000021b0b86a510):  JavaThread "C2 CompilerThread0" daemon [_thread_in_native, id=12172, stack(0x00000068a9200000,0x00000068a9300000)]


Current CompileTask:
C2:  12839 1247   !   4       sun.java2d.SunGraphics2D::drawImage (150 bytes)

Stack: [0x00000068a9200000,0x00000068a9300000]
Native frames: (J=compiled Java code, j=interpreted, Vv=VM code, C=native code)
V  [jvm.dll+0x67d009]
V  [jvm.dll+0x83489a]
V  [jvm.dll+0x83635e]
V  [jvm.dll+0x8369c3]
V  [jvm.dll+0x2479df]
V  [jvm.dll+0xac534]
V  [jvm.dll+0xacb7c]
V  [jvm.dll+0x366247]
V  [jvm.dll+0x1bcf76]
V  [jvm.dll+0x21a219]
V  [jvm.dll+0x219501]
V  [jvm.dll+0x1a524d]
V  [jvm.dll+0x22920d]
V  [jvm.dll+0x2273dc]
V  [jvm.dll+0x7e9a07]
V  [jvm.dll+0x7e3e0a]
V  [jvm.dll+0x67bef5]
C  [ucrtbase.dll+0x21bb2]
C  [KERNEL32.DLL+0x17374]
C  [ntdll.dll+0x4cc91]


---------------  P R O C E S S  ---------------

Threads class SMR info:
_java_thread_list=0x0000021b6c23f670, length=20, elements={
0x0000021b0b8528f0, 0x0000021b0b853770, 0x0000021b0b8659c0, 0x0000021b0b866490,
0x0000021b0b868e60, 0x0000021b0b869820, 0x0000021b0b86a510, 0x0000021b26782dc0,
0x0000021b267986f0, 0x0000021b269a08d0, 0x0000021b26a1cce0, 0x0000021b26a1d1c0,
0x0000021b26c15180, 0x0000021b26c15660, 0x0000021b26c2b430, 0x0000021b26c31e50,
0x0000021b0b7ac3a0, 0x0000021b6c16b470, 0x0000021b6c1b0390, 0x0000021b6c1af970
}

Java Threads: ( => current thread )
  0x0000021b0b8528f0 JavaThread "Reference Handler" daemon [_thread_blocked, id=9452, stack(0x00000068a8c00000,0x00000068a8d00000)]
  0x0000021b0b853770 JavaThread "Finalizer" daemon [_thread_blocked, id=4716, stack(0x00000068a8d00000,0x00000068a8e00000)]
  0x0000021b0b8659c0 JavaThread "Signal Dispatcher" daemon [_thread_blocked, id=13048, stack(0x00000068a8e00000,0x00000068a8f00000)]
  0x0000021b0b866490 JavaThread "Attach Listener" daemon [_thread_blocked, id=11688, stack(0x00000068a8f00000,0x00000068a9000000)]
  0x0000021b0b868e60 JavaThread "Service Thread" daemon [_thread_blocked, id=17936, stack(0x00000068a9000000,0x00000068a9100000)]
  0x0000021b0b869820 JavaThread "Monitor Deflation Thread" daemon [_thread_blocked, id=5724, stack(0x00000068a9100000,0x00000068a9200000)]
=>0x0000021b0b86a510 JavaThread "C2 CompilerThread0" daemon [_thread_in_native, id=12172, stack(0x00000068a9200000,0x00000068a9300000)]
  0x0000021b26782dc0 JavaThread "C1 CompilerThread0" daemon [_thread_blocked, id=15428, stack(0x00000068a9300000,0x00000068a9400000)]
  0x0000021b267986f0 JavaThread "Sweeper thread" daemon [_thread_blocked, id=12984, stack(0x00000068a9400000,0x00000068a9500000)]
  0x0000021b269a08d0 JavaThread "Common-Cleaner" daemon [_thread_blocked, id=16240, stack(0x00000068a9500000,0x00000068a9600000)]
  0x0000021b26a1cce0 JavaThread "Monitor Ctrl-Break" daemon [_thread_in_native, id=16332, stack(0x00000068a9600000,0x00000068a9700000)]
  0x0000021b26a1d1c0 JavaThread "Notification Thread" daemon [_thread_blocked, id=2084, stack(0x00000068a9700000,0x00000068a9800000)]
  0x0000021b26c15180 JavaThread "Java2D Disposer" daemon [_thread_blocked, id=5500, stack(0x00000068a9a00000,0x00000068a9b00000)]
  0x0000021b26c15660 JavaThread "AWT-Shutdown" [_thread_blocked, id=2992, stack(0x00000068a9b00000,0x00000068a9c00000)]
  0x0000021b26c2b430 JavaThread "AWT-Windows" daemon [_thread_in_native, id=4680, stack(0x00000068a9900000,0x00000068a9a00000)]
  0x0000021b26c31e50 JavaThread "AWT-EventQueue-0" [_thread_blocked, id=14588, stack(0x00000068a9c00000,0x00000068a9d00000)]
  0x0000021b0b7ac3a0 JavaThread "DestroyJavaVM" [_thread_blocked, id=19384, stack(0x00000068a8500000,0x00000068a8600000)]
  0x0000021b6c16b470 JavaThread "TimerQueue" daemon [_thread_blocked, id=18760, stack(0x00000068aa300000,0x00000068aa400000)]
  0x0000021b6c1b0390 JavaThread "D3D Screen Updater" daemon [_thread_blocked, id=13468, stack(0x00000068aa600000,0x00000068aa700000)]
  0x0000021b6c1af970 JavaThread "Image Fetcher 0" daemon [_thread_blocked, id=5708, stack(0x00000068aa400000,0x00000068aa500000)]

Other Threads:
  0x0000021b0b84dc80 VMThread "VM Thread" [stack: 0x00000068a8b00000,0x00000068a8c00000] [id=5904]
  0x0000021b26a1b7e0 WatcherThread [stack: 0x00000068a9800000,0x00000068a9900000] [id=17156]
  0x0000021b0b7e4370 GCTaskThread "GC Thread#0" [stack: 0x00000068a8600000,0x00000068a8700000] [id=16868]
  0x0000021b0b7ec100 ConcurrentGCThread "G1 Main Marker" [stack: 0x00000068a8700000,0x00000068a8800000] [id=16008]
  0x0000021b0b7ecb20 ConcurrentGCThread "G1 Conc#0" [stack: 0x00000068a8800000,0x00000068a8900000] [id=9868]
  0x0000021b0b825d60 ConcurrentGCThread "G1 Refine#0" [stack: 0x00000068a8900000,0x00000068a8a00000] [id=3340]
  0x0000021b0b826790 ConcurrentGCThread "G1 Service" [stack: 0x00000068a8a00000,0x00000068a8b00000] [id=17924]

Threads with active compile tasks:
C2 CompilerThread0    12898 1247   !   4       sun.java2d.SunGraphics2D::drawImage (150 bytes)

VM state: not at safepoint (normal execution)

VM Mutex/Monitor currently owned by a thread: None

Heap address: 0x00000000c8e00000, size: 882 MB, Compressed Oops mode: 32-bit

CDS archive(s) mapped at: [0x0000021b27000000-0x0000021b27bb0000-0x0000021b27bb0000), size 12255232, SharedBaseAddress: 0x0000021b27000000, ArchiveRelocationMode: 1.
Compressed class space mapped at: 0x0000021b28000000-0x0000021b68000000, reserved size: 1073741824
Narrow klass base: 0x0000021b27000000, Narrow klass shift: 0, Narrow klass range: 0x100000000

GC Precious Log:
 CPUs: 4 total, 4 available
 Memory: 3520M
 Large Page Support: Disabled
 NUMA Support: Disabled
 Compressed Oops: Enabled (32-bit)
 Heap Region Size: 1M
 Heap Min Capacity: 8M
 Heap Initial Capacity: 56M
 Heap Max Capacity: 882M
 Pre-touch: Disabled
 Parallel Workers: 4
 Concurrent Workers: 1
 Concurrent Refinement Workers: 4
 Periodic GC: Disabled

Heap:
 garbage-first heap   total 57344K, used 11264K [0x00000000c8e00000, 0x0000000100000000)
  region size 1024K, 12 young (12288K), 0 survivors (0K)
 Metaspace       used 7905K, committed 8128K, reserved 1114112K
  class space    used 847K, committed 960K, reserved 1048576K

Heap Regions: E=young(eden), S=young(survivor), O=old, HS=humongous(starts), HC=humongous(continues), CS=collection set, F=free, OA=open archive, CA=closed archive, TAMS=top-at-mark-start (previous, next)
|   0|0x00000000c8e00000, 0x00000000c8e00000, 0x00000000c8f00000|  0%| F|  |TAMS 0x00000000c8e00000, 0x00000000c8e00000| Untracked 
|   1|0x00000000c8f00000, 0x00000000c8f00000, 0x00000000c9000000|  0%| F|  |TAMS 0x00000000c8f00000, 0x00000000c8f00000| Untracked 
|   2|0x00000000c9000000, 0x00000000c9000000, 0x00000000c9100000|  0%| F|  |TAMS 0x00000000c9000000, 0x00000000c9000000| Untracked 
|   3|0x00000000c9100000, 0x00000000c9100000, 0x00000000c9200000|  0%| F|  |TAMS 0x00000000c9100000, 0x00000000c9100000| Untracked 
|   4|0x00000000c9200000, 0x00000000c9200000, 0x00000000c9300000|  0%| F|  |TAMS 0x00000000c9200000, 0x00000000c9200000| Untracked 
|   5|0x00000000c9300000, 0x00000000c9300000, 0x00000000c9400000|  0%| F|  |TAMS 0x00000000c9300000, 0x00000000c9300000| Untracked 
|   6|0x00000000c9400000, 0x00000000c9400000, 0x00000000c9500000|  0%| F|  |TAMS 0x00000000c9400000, 0x00000000c9400000| Untracked 
|   7|0x00000000c9500000, 0x00000000c9500000, 0x00000000c9600000|  0%| F|  |TAMS 0x00000000c9500000, 0x00000000c9500000| Untracked 
|   8|0x00000000c9600000, 0x00000000c9600000, 0x00000000c9700000|  0%| F|  |TAMS 0x00000000c9600000, 0x00000000c9600000| Untracked 
|   9|0x00000000c9700000, 0x00000000c9700000, 0x00000000c9800000|  0%| F|  |TAMS 0x00000000c9700000, 0x00000000c9700000| Untracked 
|  10|0x00000000c9800000, 0x00000000c9800000, 0x00000000c9900000|  0%| F|  |TAMS 0x00000000c9800000, 0x00000000c9800000| Untracked 
|  11|0x00000000c9900000, 0x00000000c9900000, 0x00000000c9a00000|  0%| F|  |TAMS 0x00000000c9900000, 0x00000000c9900000| Untracked 
|  12|0x00000000c9a00000, 0x00000000c9a00000, 0x00000000c9b00000|  0%| F|  |TAMS 0x00000000c9a00000, 0x00000000c9a00000| Untracked 
|  13|0x00000000c9b00000, 0x00000000c9b00000, 0x00000000c9c00000|  0%| F|  |TAMS 0x00000000c9b00000, 0x00000000c9b00000| Untracked 
|  14|0x00000000c9c00000, 0x00000000c9c00000, 0x00000000c9d00000|  0%| F|  |TAMS 0x00000000c9c00000, 0x00000000c9c00000| Untracked 
|  15|0x00000000c9d00000, 0x00000000c9d00000, 0x00000000c9e00000|  0%| F|  |TAMS 0x00000000c9d00000, 0x00000000c9d00000| Untracked 
|  16|0x00000000c9e00000, 0x00000000c9e00000, 0x00000000c9f00000|  0%| F|  |TAMS 0x00000000c9e00000, 0x00000000c9e00000| Untracked 
|  17|0x00000000c9f00000, 0x00000000c9f00000, 0x00000000ca000000|  0%| F|  |TAMS 0x00000000c9f00000, 0x00000000c9f00000| Untracked 
|  18|0x00000000ca000000, 0x00000000ca000000, 0x00000000ca100000|  0%| F|  |TAMS 0x00000000ca000000, 0x00000000ca000000| Untracked 
|  19|0x00000000ca100000, 0x00000000ca100000, 0x00000000ca200000|  0%| F|  |TAMS 0x00000000ca100000, 0x00000000ca100000| Untracked 
|  20|0x00000000ca200000, 0x00000000ca200000, 0x00000000ca300000|  0%| F|  |TAMS 0x00000000ca200000, 0x00000000ca200000| Untracked 
|  21|0x00000000ca300000, 0x00000000ca300000, 0x00000000ca400000|  0%| F|  |TAMS 0x00000000ca300000, 0x00000000ca300000| Untracked 
|  22|0x00000000ca400000, 0x00000000ca400000, 0x00000000ca500000|  0%| F|  |TAMS 0x00000000ca400000, 0x00000000ca400000| Untracked 
|  23|0x00000000ca500000, 0x00000000ca500000, 0x00000000ca600000|  0%| F|  |TAMS 0x00000000ca500000, 0x00000000ca500000| Untracked 
|  24|0x00000000ca600000, 0x00000000ca600000, 0x00000000ca700000|  0%| F|  |TAMS 0x00000000ca600000, 0x00000000ca600000| Untracked 
|  25|0x00000000ca700000, 0x00000000ca700000, 0x00000000ca800000|  0%| F|  |TAMS 0x00000000ca700000, 0x00000000ca700000| Untracked 
|  26|0x00000000ca800000, 0x00000000ca800000, 0x00000000ca900000|  0%| F|  |TAMS 0x00000000ca800000, 0x00000000ca800000| Untracked 
|  27|0x00000000ca900000, 0x00000000ca900000, 0x00000000caa00000|  0%| F|  |TAMS 0x00000000ca900000, 0x00000000ca900000| Untracked 
|  28|0x00000000caa00000, 0x00000000caa00000, 0x00000000cab00000|  0%| F|  |TAMS 0x00000000caa00000, 0x00000000caa00000| Untracked 
|  29|0x00000000cab00000, 0x00000000cab00000, 0x00000000cac00000|  0%| F|  |TAMS 0x00000000cab00000, 0x00000000cab00000| Untracked 
|  30|0x00000000cac00000, 0x00000000cac00000, 0x00000000cad00000|  0%| F|  |TAMS 0x00000000cac00000, 0x00000000cac00000| Untracked 
|  31|0x00000000cad00000, 0x00000000cad00000, 0x00000000cae00000|  0%| F|  |TAMS 0x00000000cad00000, 0x00000000cad00000| Untracked 
|  32|0x00000000cae00000, 0x00000000cae00000, 0x00000000caf00000|  0%| F|  |TAMS 0x00000000cae00000, 0x00000000cae00000| Untracked 
|  33|0x00000000caf00000, 0x00000000caf00000, 0x00000000cb000000|  0%| F|  |TAMS 0x00000000caf00000, 0x00000000caf00000| Untracked 
|  34|0x00000000cb000000, 0x00000000cb000000, 0x00000000cb100000|  0%| F|  |TAMS 0x00000000cb000000, 0x00000000cb000000| Untracked 
|  35|0x00000000cb100000, 0x00000000cb100000, 0x00000000cb200000|  0%| F|  |TAMS 0x00000000cb100000, 0x00000000cb100000| Untracked 
|  36|0x00000000cb200000, 0x00000000cb200000, 0x00000000cb300000|  0%| F|  |TAMS 0x00000000cb200000, 0x00000000cb200000| Untracked 
|  37|0x00000000cb300000, 0x00000000cb300000, 0x00000000cb400000|  0%| F|  |TAMS 0x00000000cb300000, 0x00000000cb300000| Untracked 
|  38|0x00000000cb400000, 0x00000000cb400000, 0x00000000cb500000|  0%| F|  |TAMS 0x00000000cb400000, 0x00000000cb400000| Untracked 
|  39|0x00000000cb500000, 0x00000000cb500000, 0x00000000cb600000|  0%| F|  |TAMS 0x00000000cb500000, 0x00000000cb500000| Untracked 
|  40|0x00000000cb600000, 0x00000000cb600000, 0x00000000cb700000|  0%| F|  |TAMS 0x00000000cb600000, 0x00000000cb600000| Untracked 
|  41|0x00000000cb700000, 0x00000000cb700000, 0x00000000cb800000|  0%| F|  |TAMS 0x00000000cb700000, 0x00000000cb700000| Untracked 
|  42|0x00000000cb800000, 0x00000000cb800000, 0x00000000cb900000|  0%| F|  |TAMS 0x00000000cb800000, 0x00000000cb800000| Untracked 
|  43|0x00000000cb900000, 0x00000000cb900000, 0x00000000cba00000|  0%| F|  |TAMS 0x00000000cb900000, 0x00000000cb900000| Untracked 
|  44|0x00000000cba00000, 0x00000000cbac8330, 0x00000000cbb00000| 78%| E|  |TAMS 0x00000000cba00000, 0x00000000cba00000| Complete 
|  45|0x00000000cbb00000, 0x00000000cbc00000, 0x00000000cbc00000|100%| E|CS|TAMS 0x00000000cbb00000, 0x00000000cbb00000| Complete 
|  46|0x00000000cbc00000, 0x00000000cbd00000, 0x00000000cbd00000|100%| E|CS|TAMS 0x00000000cbc00000, 0x00000000cbc00000| Complete 
|  47|0x00000000cbd00000, 0x00000000cbe00000, 0x00000000cbe00000|100%| E|CS|TAMS 0x00000000cbd00000, 0x00000000cbd00000| Complete 
|  48|0x00000000cbe00000, 0x00000000cbf00000, 0x00000000cbf00000|100%| E|CS|TAMS 0x00000000cbe00000, 0x00000000cbe00000| Complete 
|  49|0x00000000cbf00000, 0x00000000cc000000, 0x00000000cc000000|100%| E|CS|TAMS 0x00000000cbf00000, 0x00000000cbf00000| Complete 
|  50|0x00000000cc000000, 0x00000000cc100000, 0x00000000cc100000|100%| E|CS|TAMS 0x00000000cc000000, 0x00000000cc000000| Complete 
|  51|0x00000000cc100000, 0x00000000cc200000, 0x00000000cc200000|100%| E|CS|TAMS 0x00000000cc100000, 0x00000000cc100000| Complete 
|  52|0x00000000cc200000, 0x00000000cc300000, 0x00000000cc300000|100%| E|CS|TAMS 0x00000000cc200000, 0x00000000cc200000| Complete 
|  53|0x00000000cc300000, 0x00000000cc400000, 0x00000000cc400000|100%| E|CS|TAMS 0x00000000cc300000, 0x00000000cc300000| Complete 
|  54|0x00000000cc400000, 0x00000000cc500000, 0x00000000cc500000|100%| E|CS|TAMS 0x00000000cc400000, 0x00000000cc400000| Complete 
|  55|0x00000000cc500000, 0x00000000cc600000, 0x00000000cc600000|100%| E|CS|TAMS 0x00000000cc500000, 0x00000000cc500000| Complete 

Card table byte_map: [0x0000021b222d0000,0x0000021b22490000] _byte_map_base: 0x0000021b21c89000

Marking Bits (Prev, Next): (CMBitMap*) 0x0000021b0b7e4990, (CMBitMap*) 0x0000021b0b7e49d0
 Prev Bits: [0x0000021b22650000, 0x0000021b23418000)
 Next Bits: [0x0000021b23420000, 0x0000021b241e8000)

Polling page: 0x0000021b09630000

Metaspace:

Usage:
  Non-class:      6.89 MB used.
      Class:    847.33 KB used.
       Both:      7.72 MB used.

Virtual space:
  Non-class space:       64.00 MB reserved,       7.00 MB ( 11%) committed,  1 nodes.
      Class space:        1.00 GB reserved,     960.00 KB ( <1%) committed,  1 nodes.
             Both:        1.06 GB reserved,       7.94 MB ( <1%) committed. 

Chunk freelists:
   Non-Class:  8.97 MB
       Class:  15.08 MB
        Both:  24.05 MB

MaxMetaspaceSize: unlimited
CompressedClassSpaceSize: 1.00 GB
Initial GC threshold: 21.00 MB
Current GC threshold: 21.00 MB
CDS: on
MetaspaceReclaimPolicy: balanced
 - commit_granule_bytes: 65536.
 - commit_granule_words: 8192.
 - virtual_space_node_default_size: 8388608.
 - enlarge_chunks_in_place: 1.
 - new_chunks_are_fully_committed: 0.
 - uncommit_free_chunks: 1.
 - use_allocation_guard: 0.
 - handle_deallocations: 1.


Internal statistics:

num_allocs_failed_limit: 0.
num_arena_births: 124.
num_arena_deaths: 0.
num_vsnodes_births: 2.
num_vsnodes_deaths: 0.
num_space_committed: 127.
num_space_uncommitted: 0.
num_chunks_returned_to_freelist: 0.
num_chunks_taken_from_freelist: 165.
num_chunk_merges: 0.
num_chunk_splits: 103.
num_chunks_enlarged: 50.
num_inconsistent_stats: 0.

CodeHeap 'non-profiled nmethods': size=120000Kb used=457Kb max_used=457Kb free=119543Kb
 bounds [0x0000021b1ada0000, 0x0000021b1b010000, 0x0000021b222d0000]
CodeHeap 'profiled nmethods': size=120000Kb used=1962Kb max_used=1962Kb free=118037Kb
 bounds [0x0000021b132d0000, 0x0000021b13540000, 0x0000021b1a800000]
CodeHeap 'non-nmethods': size=5760Kb used=1265Kb max_used=1301Kb free=4494Kb
 bounds [0x0000021b1a800000, 0x0000021b1aa70000, 0x0000021b1ada0000]
 total_blobs=1836 nmethods=1247 adapters=502
 compilation: enabled
              stopped_count=0, restarted_count=0
 full_count=0

Compilation events (20 events):
Event: 12.173 Thread 0x0000021b0b86a510 nmethod 1236 0x0000021b1ae0f290 code [0x0000021b1ae0f460, 0x0000021b1ae0fc38]
Event: 12.235 Thread 0x0000021b26782dc0 1239       3       java.awt.Container::getFocusTraversalKeys (26 bytes)
Event: 12.235 Thread 0x0000021b26782dc0 nmethod 1239 0x0000021b134b7b90 code [0x0000021b134b7d40, 0x0000021b134b7fb8]
Event: 12.235 Thread 0x0000021b26782dc0 1240       3       java.awt.Component::getFocusTraversalKeys_NoIDCheck (47 bytes)
Event: 12.236 Thread 0x0000021b26782dc0 nmethod 1240 0x0000021b134b8090 code [0x0000021b134b82a0, 0x0000021b134b88d8]
Event: 12.247 Thread 0x0000021b0b86a510 1241   !   4       sun.awt.AppContext::get (123 bytes)
Event: 12.275 Thread 0x0000021b0b86a510 nmethod 1241 0x0000021b1ae10110 code [0x0000021b1ae102e0, 0x0000021b1ae11058]
Event: 12.275 Thread 0x0000021b0b86a510 1242       4       sun.java2d.pipe.DrawImage::imageReady (30 bytes)
Event: 12.277 Thread 0x0000021b0b86a510 nmethod 1242 0x0000021b1ae11690 code [0x0000021b1ae11800, 0x0000021b1ae118b8]
Event: 12.281 Thread 0x0000021b0b86a510 1243       4       java.awt.Rectangle::intersection (180 bytes)
Event: 12.285 Thread 0x0000021b0b86a510 nmethod 1243 0x0000021b1ae11a10 code [0x0000021b1ae11ba0, 0x0000021b1ae11e58]
Event: 12.311 Thread 0x0000021b26782dc0 1244       3       java.awt.geom.AffineTransform::getType (17 bytes)
Event: 12.311 Thread 0x0000021b26782dc0 nmethod 1244 0x0000021b134b8b10 code [0x0000021b134b8cc0, 0x0000021b134b8e48]
Event: 12.312 Thread 0x0000021b0b86a510 1245       4       sun.java2d.d3d.D3DTextureToSurfaceBlit::Blit (46 bytes)
Event: 12.314 Thread 0x0000021b0b86a510 nmethod 1245 0x0000021b1ae12090 code [0x0000021b1ae12220, 0x0000021b1ae12368]
Event: 12.435 Thread 0x0000021b26782dc0 1246       3       sun.java2d.pipe.Region::getIntersection (132 bytes)
Event: 12.436 Thread 0x0000021b26782dc0 nmethod 1246 0x0000021b134b8f10 code [0x0000021b134b9120, 0x0000021b134b97c8]
Event: 12.590 Thread 0x0000021b0b86a510 1247   !   4       sun.java2d.SunGraphics2D::drawImage (150 bytes)
Event: 12.654 Thread 0x0000021b26782dc0 1249       3       java.awt.Rectangle::intersection (180 bytes)
Event: 12.655 Thread 0x0000021b26782dc0 nmethod 1249 0x0000021b134b9990 code [0x0000021b134b9b60, 0x0000021b134ba058]

GC Heap History (0 events):
No events

Dll operation events (13 events):
Event: 0.196 Loaded shared library C:\Program Files\Amazon Corretto\jdk17.0.11_9\bin\java.dll
Event: 0.282 Loaded shared library C:\Program Files\Amazon Corretto\jdk17.0.11_9\bin\jsvml.dll
Event: 0.435 Loaded shared library C:\Program Files\Amazon Corretto\jdk17.0.11_9\bin\zip.dll
Event: 0.446 Loaded shared library C:\Program Files\Amazon Corretto\jdk17.0.11_9\bin\instrument.dll
Event: 0.481 Loaded shared library C:\Program Files\Amazon Corretto\jdk17.0.11_9\bin\net.dll
Event: 0.494 Loaded shared library C:\Program Files\Amazon Corretto\jdk17.0.11_9\bin\nio.dll
Event: 0.522 Loaded shared library C:\Program Files\Amazon Corretto\jdk17.0.11_9\bin\zip.dll
Event: 0.551 Loaded shared library C:\Program Files\JetBrains\IntelliJ IDEA 2024.1\bin\breakgen64.dll
Event: 0.654 Loaded shared library C:\Program Files\Amazon Corretto\jdk17.0.11_9\bin\extnet.dll
Event: 0.684 Loaded shared library C:\Program Files\Amazon Corretto\jdk17.0.11_9\bin\jimage.dll
Event: 0.756 Loaded shared library C:\Program Files\Amazon Corretto\jdk17.0.11_9\bin\awt.dll
Event: 2.041 Loaded shared library C:\Program Files\Amazon Corretto\jdk17.0.11_9\bin\freetype.dll
Event: 2.047 Loaded shared library C:\Program Files\Amazon Corretto\jdk17.0.11_9\bin\fontmanager.dll

Deoptimization events (20 events):
Event: 11.503 Thread 0x0000021b26c31e50 Uncommon trap: trap_request=0xffffff45 fr.pc=0x0000021b1ae00af0 relative=0x0000000000000070
Event: 11.503 Thread 0x0000021b26c31e50 Uncommon trap: reason=unstable_if action=reinterpret pc=0x0000021b1ae00af0 method=sun.java2d.d3d.D3DBlitLoops.createPackedParams(ZZZZII)I @ 12 c2
Event: 11.503 Thread 0x0000021b26c31e50 DEOPT PACKING pc=0x0000021b1ae00af0 sp=0x00000068a9cfd650
Event: 11.503 Thread 0x0000021b26c31e50 DEOPT UNPACKING pc=0x0000021b1a8569a3 sp=0x00000068a9cfd5e8 mode 2
Event: 11.535 Thread 0x0000021b26c31e50 Uncommon trap: trap_request=0xffffffde fr.pc=0x0000021b1ae04bbc relative=0x000000000000011c
Event: 11.535 Thread 0x0000021b26c31e50 Uncommon trap: reason=class_check action=maybe_recompile pc=0x0000021b1ae04bbc method=sun.java2d.SurfaceDataProxy.replaceData(Lsun/java2d/SurfaceData;ILsun/java2d/loops/CompositeType;Ljava/awt/Color;)Lsun/java2d/SurfaceData; @ 108 c2
Event: 11.535 Thread 0x0000021b26c31e50 DEOPT PACKING pc=0x0000021b1ae04bbc sp=0x00000068a9cfdb90
Event: 11.535 Thread 0x0000021b26c31e50 DEOPT UNPACKING pc=0x0000021b1a8569a3 sp=0x00000068a9cfdae8 mode 2
Event: 11.535 Thread 0x0000021b26c31e50 Uncommon trap: trap_request=0xffffff45 fr.pc=0x0000021b1adf6448 relative=0x0000000000001ca8
Event: 11.535 Thread 0x0000021b26c31e50 Uncommon trap: reason=unstable_if action=reinterpret pc=0x0000021b1adf6448 method=sun.java2d.loops.RenderCache.get(Lsun/java2d/loops/SurfaceType;Lsun/java2d/loops/CompositeType;Lsun/java2d/loops/SurfaceType;)Ljava/lang/Object; @ 52 c2
Event: 11.535 Thread 0x0000021b26c31e50 DEOPT PACKING pc=0x0000021b1adf6448 sp=0x00000068a9cfdbe0
Event: 11.535 Thread 0x0000021b26c31e50 DEOPT UNPACKING pc=0x0000021b1a8569a3 sp=0x00000068a9cfd8b8 mode 2
Event: 12.060 Thread 0x0000021b26c31e50 Uncommon trap: trap_request=0xffffffde fr.pc=0x0000021b1ae04b90 relative=0x00000000000000f0
Event: 12.060 Thread 0x0000021b26c31e50 Uncommon trap: reason=class_check action=maybe_recompile pc=0x0000021b1ae04b90 method=sun.java2d.SurfaceDataProxy.replaceData(Lsun/java2d/SurfaceData;ILsun/java2d/loops/CompositeType;Ljava/awt/Color;)Lsun/java2d/SurfaceData; @ 16 c2
Event: 12.060 Thread 0x0000021b26c31e50 DEOPT PACKING pc=0x0000021b1ae04b90 sp=0x00000068a9cfd9e0
Event: 12.060 Thread 0x0000021b26c31e50 DEOPT UNPACKING pc=0x0000021b1a8569a3 sp=0x00000068a9cfd938 mode 2
Event: 12.654 Thread 0x0000021b26c31e50 Uncommon trap: trap_request=0xffffff45 fr.pc=0x0000021b1ae11d70 relative=0x00000000000001d0
Event: 12.654 Thread 0x0000021b26c31e50 Uncommon trap: reason=unstable_if action=reinterpret pc=0x0000021b1ae11d70 method=java.awt.Rectangle.intersection(Ljava/awt/Rectangle;)Ljava/awt/Rectangle; @ 103 c2
Event: 12.654 Thread 0x0000021b26c31e50 DEOPT PACKING pc=0x0000021b1ae11d70 sp=0x00000068a9cfd960
Event: 12.654 Thread 0x0000021b26c31e50 DEOPT UNPACKING pc=0x0000021b1a8569a3 sp=0x00000068a9cfd8c0 mode 2

Classes unloaded (0 events):
No events

Classes redefined (0 events):
No events

Internal exceptions (17 events):
Event: 0.588 Thread 0x0000021b26a1cce0 Exception <a 'java/lang/NoSuchMethodError'{0x00000000cc4cd090}: 'java.lang.Object java.lang.invoke.DirectMethodHandle$Holder.invokeStaticInit(java.lang.Object)'> (0x00000000cc4cd090) 
thrown [s\src\hotspot\share\interpreter\linkResolver.cpp, line 759]
Event: 0.660 Thread 0x0000021b26a1cce0 Exception <a 'java/lang/NoSuchMethodError'{0x00000000cc4dba40}: 'void java.lang.invoke.DirectMethodHandle$Holder.invokeStatic(java.lang.Object, java.lang.Object)'> (0x00000000cc4dba40) 
thrown [s\src\hotspot\share\interpreter\linkResolver.cpp, line 759]
Event: 0.704 Thread 0x0000021b0b7ac3a0 Exception <a 'java/lang/ClassNotFoundException'{0x00000000cc307fe8}: sun/awt/resources/spi/awtProvider> (0x00000000cc307fe8) 
thrown [s\src\hotspot\share\classfile\systemDictionary.cpp, line 256]
Event: 0.801 Thread 0x0000021b0b7ac3a0 Exception <a 'java/io/FileNotFoundException'{0x00000000cc35b6c0}> (0x00000000cc35b6c0) 
thrown [s\src\hotspot\share\prims\jni.cpp, line 516]
Event: 0.826 Thread 0x0000021b0b7ac3a0 Exception <a 'java/io/FileNotFoundException'{0x00000000cc388970}> (0x00000000cc388970) 
thrown [s\src\hotspot\share\prims\jni.cpp, line 516]
Event: 1.615 Thread 0x0000021b26c31e50 Exception <a 'java/lang/NoSuchMethodError'{0x00000000cc018168}: 'void java.lang.invoke.DirectMethodHandle$Holder.invokeSpecial(java.lang.Object, java.lang.Object, java.lang.Object)'> (0x00000000cc018168) 
thrown [s\src\hotspot\share\interpreter\linkResolver.cpp, line 759]
Event: 1.640 Thread 0x0000021b26c31e50 Exception <a 'java/lang/NoSuchMethodError'{0x00000000cc0422e8}: 'java.lang.Object java.lang.invoke.DirectMethodHandle$Holder.newInvokeSpecial(java.lang.Object, java.lang.Object, java.lang.Object, java.lang.Object, java.lang.Object)'> (0x00000000cc0422e8) 
thrown [s\src\hotspot\share\interpreter\linkResolver.cpp, line 759]
Event: 1.645 Thread 0x0000021b26c31e50 Exception <a 'java/lang/NoSuchMethodError'{0x00000000cc04df00}: 'java.lang.Object java.lang.invoke.DirectMethodHandle$Holder.invokeStatic(java.lang.Object, int, java.lang.Object, java.lang.Object, java.lang.Object, java.lang.Object)'> (0x00000000cc04df00) 
thrown [s\src\hotspot\share\interpreter\linkResolver.cpp, line 759]
Event: 1.660 Thread 0x0000021b26c31e50 Exception <a 'java/lang/NoSuchMethodError'{0x00000000cc073690}: 'java.lang.Object java.lang.invoke.DirectMethodHandle$Holder.invokeStatic(java.lang.Object, int, java.lang.Object)'> (0x00000000cc073690) 
thrown [s\src\hotspot\share\interpreter\linkResolver.cpp, line 759]
Event: 1.737 Thread 0x0000021b26c31e50 Exception <a 'java/lang/ClassNotFoundException'{0x00000000cbf2bbf8}: com/sun/swing/internal/plaf/metal/resources/spi/metalProvider> (0x00000000cbf2bbf8) 
thrown [s\src\hotspot\share\classfile\systemDictionary.cpp, line 256]
Event: 1.741 Thread 0x0000021b26c31e50 Exception <a 'java/lang/ClassNotFoundException'{0x00000000cbf30620}: com/sun/swing/internal/plaf/basic/resources/spi/basicProvider> (0x00000000cbf30620) 
thrown [s\src\hotspot\share\classfile\systemDictionary.cpp, line 256]
Event: 1.765 Thread 0x0000021b26c31e50 Implicit null exception at 0x0000021b1adc3f58 to 0x0000021b1adc3fee
Event: 1.848 Thread 0x0000021b6c16e890 Exception <a 'java/lang/NoSuchMethodError'{0x00000000cbfd7570}: 'java.lang.Object java.lang.invoke.DirectMethodHandle$Holder.newInvokeSpecial(java.lang.Object, java.lang.Object, java.lang.Object, int, int, int, int, int)'> (0x00000000cbfd7570) 
thrown [s\src\hotspot\share\interpreter\linkResolver.cpp, line 759]
Event: 1.865 Thread 0x0000021b26c31e50 Exception <a 'java/lang/NoSuchMethodError'{0x00000000cbf5ea38}: 'int java.lang.invoke.DirectMethodHandle$Holder.invokeStaticInit(java.lang.Object, java.lang.Object)'> (0x00000000cbf5ea38) 
thrown [s\src\hotspot\share\interpreter\linkResolver.cpp, line 759]
Event: 2.024 Thread 0x0000021b26c31e50 Exception <a 'java/lang/NoSuchMethodError'{0x00000000cbe704d8}: 'void java.lang.invoke.DirectMethodHandle$Holder.invokeStaticInit(java.lang.Object)'> (0x00000000cbe704d8) 
thrown [s\src\hotspot\share\interpreter\linkResolver.cpp, line 759]
Event: 2.198 Thread 0x0000021b26c2b430 Exception <a 'java/lang/NoSuchMethodError'{0x00000000cc10fcb0}: 'void java.lang.invoke.DirectMethodHandle$Holder.invokeVirtual(java.lang.Object, java.lang.Object)'> (0x00000000cc10fcb0) 
thrown [s\src\hotspot\share\interpreter\linkResolver.cpp, line 759]
Event: 11.503 Thread 0x0000021b26c31e50 Implicit null exception at 0x0000021b1ade7418 to 0x0000021b1adec97c

VM Operations (20 events):
Event: 2.399 Executing VM operation: HandshakeAllThreads
Event: 2.399 Executing VM operation: HandshakeAllThreads done
Event: 3.403 Executing VM operation: Cleanup
Event: 3.403 Executing VM operation: Cleanup done
Event: 4.414 Executing VM operation: Cleanup
Event: 4.414 Executing VM operation: Cleanup done
Event: 5.428 Executing VM operation: Cleanup
Event: 5.428 Executing VM operation: Cleanup done
Event: 6.430 Executing VM operation: Cleanup
Event: 6.430 Executing VM operation: Cleanup done
Event: 8.445 Executing VM operation: Cleanup
Event: 8.445 Executing VM operation: Cleanup done
Event: 9.451 Executing VM operation: Cleanup
Event: 9.451 Executing VM operation: Cleanup done
Event: 10.456 Executing VM operation: Cleanup
Event: 10.456 Executing VM operation: Cleanup done
Event: 11.470 Executing VM operation: Cleanup
Event: 11.470 Executing VM operation: Cleanup done
Event: 12.481 Executing VM operation: Cleanup
Event: 12.481 Executing VM operation: Cleanup done

Events (20 events):
Event: 6.935 Thread 0x0000021b6c1b17d0 Thread exited: 0x0000021b6c1b17d0
Event: 8.267 loading class sun/awt/DebugSettings
Event: 8.268 loading class sun/awt/DebugSettings done
Event: 8.269 loading class java/awt/event/ContainerEvent
Event: 8.269 loading class java/awt/event/ContainerEvent done
Event: 8.269 loading class javax/swing/JComponent$KeyboardState
Event: 8.270 loading class javax/swing/JComponent$KeyboardState done
Event: 8.270 loading class javax/swing/JComponent$IntVector
Event: 8.270 loading class javax/swing/JComponent$IntVector done
Event: 8.270 loading class javax/swing/JInternalFrame
Event: 8.272 loading class javax/swing/JInternalFrame done
Event: 8.272 loading class javax/swing/KeyboardManager
Event: 8.273 loading class javax/swing/KeyboardManager done
Event: 8.273 loading class javax/swing/Popup$HeavyWeightWindow
Event: 8.273 loading class sun/awt/ModalExclude
Event: 8.274 loading class sun/awt/ModalExclude done
Event: 8.274 loading class javax/swing/JWindow
Event: 8.274 loading class javax/swing/JWindow done
Event: 8.274 loading class javax/swing/Popup$HeavyWeightWindow done
Event: 11.479 Thread 0x0000021b6c1af970 Thread added: 0x0000021b6c1af970


Dynamic libraries:
0x00007ff672c90000 - 0x00007ff672c9e000 	C:\Program Files\Amazon Corretto\jdk17.0.11_9\bin\java.exe
0x00007ffa9e5b0000 - 0x00007ffa9e7a8000 	C:\WINDOWS\SYSTEM32\ntdll.dll
0x00007ffa9d6f0000 - 0x00007ffa9d7b1000 	C:\WINDOWS\System32\KERNEL32.DLL
0x00007ffa9bfd0000 - 0x00007ffa9c2cd000 	C:\WINDOWS\System32\KERNELBASE.dll
0x00007ffa9c320000 - 0x00007ffa9c420000 	C:\WINDOWS\System32\ucrtbase.dll
0x00007ffa95000000 - 0x00007ffa95017000 	C:\Program Files\Amazon Corretto\jdk17.0.11_9\bin\jli.dll
0x00007ffa93fb0000 - 0x00007ffa93fcb000 	C:\Program Files\Amazon Corretto\jdk17.0.11_9\bin\VCRUNTIME140.dll
0x00007ffa9d030000 - 0x00007ffa9d1cd000 	C:\WINDOWS\System32\USER32.dll
0x00007ffa8cf40000 - 0x00007ffa8d1da000 	C:\WINDOWS\WinSxS\amd64_microsoft.windows.common-controls_6595b64144ccf1df_6.0.19041.4355_none_60b8b9eb71f62e16\COMCTL32.dll
0x00007ffa9bfa0000 - 0x00007ffa9bfc2000 	C:\WINDOWS\System32\win32u.dll
0x00007ffa9dbc0000 - 0x00007ffa9dbeb000 	C:\WINDOWS\System32\GDI32.dll
0x00007ffa9c4c0000 - 0x00007ffa9c5d7000 	C:\WINDOWS\System32\gdi32full.dll
0x00007ffa9c420000 - 0x00007ffa9c4bd000 	C:\WINDOWS\System32\msvcp_win.dll
0x00007ffa9d270000 - 0x00007ffa9d30e000 	C:\WINDOWS\System32\msvcrt.dll
0x00007ffa9dd20000 - 0x00007ffa9dd4f000 	C:\WINDOWS\System32\IMM32.DLL
0x00007ffa951a0000 - 0x00007ffa951ac000 	C:\Program Files\Amazon Corretto\jdk17.0.11_9\bin\vcruntime140_1.dll
0x00007ffa73b70000 - 0x00007ffa73bfd000 	C:\Program Files\Amazon Corretto\jdk17.0.11_9\bin\msvcp140.dll
0x00007ffa58920000 - 0x00007ffa59582000 	C:\Program Files\Amazon Corretto\jdk17.0.11_9\bin\server\jvm.dll
0x00007ffa9d430000 - 0x00007ffa9d4e0000 	C:\WINDOWS\System32\ADVAPI32.dll
0x00007ffa9d1d0000 - 0x00007ffa9d270000 	C:\WINDOWS\System32\sechost.dll
0x00007ffa9d5b0000 - 0x00007ffa9d6d3000 	C:\WINDOWS\System32\RPCRT4.dll
0x00007ffa9bda0000 - 0x00007ffa9bdc7000 	C:\WINDOWS\System32\bcrypt.dll
0x00007ffa9bab0000 - 0x00007ffa9bafb000 	C:\WINDOWS\SYSTEM32\POWRPROF.dll
0x00007ffa99ca0000 - 0x00007ffa99ca9000 	C:\WINDOWS\SYSTEM32\WSOCK32.dll
0x00007ffa9d7c0000 - 0x00007ffa9d82b000 	C:\WINDOWS\System32\WS2_32.dll
0x00007ffa99970000 - 0x00007ffa99997000 	C:\WINDOWS\SYSTEM32\WINMM.dll
0x00007ffa94100000 - 0x00007ffa9410a000 	C:\WINDOWS\SYSTEM32\VERSION.dll
0x00007ffa9ba90000 - 0x00007ffa9baa2000 	C:\WINDOWS\SYSTEM32\UMPDC.dll
0x00007ffa9a470000 - 0x00007ffa9a482000 	C:\WINDOWS\SYSTEM32\kernel.appcore.dll
0x00007ffa94fc0000 - 0x00007ffa94fca000 	C:\Program Files\Amazon Corretto\jdk17.0.11_9\bin\jimage.dll
0x00007ffa99780000 - 0x00007ffa99964000 	C:\WINDOWS\SYSTEM32\DBGHELP.DLL
0x00007ffa99740000 - 0x00007ffa99774000 	C:\WINDOWS\SYSTEM32\dbgcore.DLL
0x00007ffa9bd10000 - 0x00007ffa9bd92000 	C:\WINDOWS\System32\bcryptPrimitives.dll
0x00007ffa94d80000 - 0x00007ffa94d8e000 	C:\Program Files\Amazon Corretto\jdk17.0.11_9\bin\instrument.dll
0x00007ffa82c60000 - 0x00007ffa82c85000 	C:\Program Files\Amazon Corretto\jdk17.0.11_9\bin\java.dll
0x00007ffa713e0000 - 0x00007ffa714b7000 	C:\Program Files\Amazon Corretto\jdk17.0.11_9\bin\jsvml.dll
0x00007ffa9c8c0000 - 0x00007ffa9d02f000 	C:\WINDOWS\System32\SHELL32.dll
0x00007ffa99cc0000 - 0x00007ffa9a45f000 	C:\WINDOWS\SYSTEM32\windows.storage.dll
0x00007ffa9d840000 - 0x00007ffa9db93000 	C:\WINDOWS\System32\combase.dll
0x00007ffa9b5b0000 - 0x00007ffa9b5de000 	C:\WINDOWS\SYSTEM32\Wldp.dll
0x00007ffa9d4e0000 - 0x00007ffa9d5ad000 	C:\WINDOWS\System32\OLEAUT32.dll
0x00007ffa9e240000 - 0x00007ffa9e2ed000 	C:\WINDOWS\System32\SHCORE.dll
0x00007ffa9dc60000 - 0x00007ffa9dcb5000 	C:\WINDOWS\System32\shlwapi.dll
0x00007ffa9bb90000 - 0x00007ffa9bbb4000 	C:\WINDOWS\SYSTEM32\profapi.dll
0x00007ffa90b20000 - 0x00007ffa90b38000 	C:\Program Files\Amazon Corretto\jdk17.0.11_9\bin\zip.dll
0x00007ffa8d7c0000 - 0x00007ffa8d7d9000 	C:\Program Files\Amazon Corretto\jdk17.0.11_9\bin\net.dll
0x00007ffa914a0000 - 0x00007ffa915ad000 	C:\WINDOWS\SYSTEM32\WINHTTP.dll
0x00007ffa9b310000 - 0x00007ffa9b37a000 	C:\WINDOWS\system32\mswsock.dll
0x00007ffa840c0000 - 0x00007ffa840d6000 	C:\Program Files\Amazon Corretto\jdk17.0.11_9\bin\nio.dll
0x00007ffa82c40000 - 0x00007ffa82c5a000 	C:\Program Files\JetBrains\IntelliJ IDEA 2024.1\bin\breakgen64.dll
0x00007ffa94050000 - 0x00007ffa94059000 	C:\Program Files\Amazon Corretto\jdk17.0.11_9\bin\extnet.dll
0x00007ffa68400000 - 0x00007ffa68590000 	C:\Program Files\Amazon Corretto\jdk17.0.11_9\bin\awt.dll
0x00007ffa97da0000 - 0x00007ffa97e34000 	C:\WINDOWS\SYSTEM32\apphelp.dll
0x00007ffa98fb0000 - 0x00007ffa9904e000 	C:\WINDOWS\system32\uxtheme.dll
0x00007ffa9d310000 - 0x00007ffa9d424000 	C:\WINDOWS\System32\MSCTF.dll
0x00007ffa9c790000 - 0x00007ffa9c8bb000 	C:\WINDOWS\System32\ole32.dll
0x00007ffa99390000 - 0x00007ffa993bf000 	C:\WINDOWS\system32\DWMAPI.DLL
0x00007ffa654a0000 - 0x00007ffa655c8000 	C:\WINDOWS\system32\opengl32.dll
0x00007ffa82330000 - 0x00007ffa8235c000 	C:\WINDOWS\SYSTEM32\GLU32.dll
0x00007ffa67d90000 - 0x00007ffa67f60000 	C:\WINDOWS\system32\d3d9.dll
0x00007ffa90960000 - 0x00007ffa90b1b000 	C:\WINDOWS\System32\DriverStore\FileRepository\u0385692.inf_amd64_464982c8b1262429\B385477\aticfx64.dll
0x00007ffa79330000 - 0x00007ffa79364000 	C:\WINDOWS\System32\DriverStore\FileRepository\u0385692.inf_amd64_464982c8b1262429\B385477\atiu9p64.dll
0x00007ffa430a0000 - 0x00007ffa43df5000 	C:\WINDOWS\System32\DriverStore\FileRepository\u0385692.inf_amd64_464982c8b1262429\B385477\atiumd64.dll
0x0000000076310000 - 0x0000000077237000 	C:\WINDOWS\System32\DriverStore\FileRepository\u0385692.inf_amd64_464982c8b1262429\B385477\atiumd6a.dll
0x00007ffa9dd50000 - 0x00007ffa9e1be000 	C:\WINDOWS\System32\SETUPAPI.dll
0x00007ffa9c2d0000 - 0x00007ffa9c31e000 	C:\WINDOWS\System32\cfgmgr32.dll
0x00007ffa8e6e0000 - 0x00007ffa8e715000 	C:\WINDOWS\SYSTEM32\amdihk64.dll
0x00007ffa90b80000 - 0x00007ffa90bbb000 	C:\WINDOWS\SYSTEM32\dxcore.dll
0x00007ffa72de0000 - 0x00007ffa72e67000 	C:\Program Files\Amazon Corretto\jdk17.0.11_9\bin\freetype.dll
0x00007ffa68310000 - 0x00007ffa683f2000 	C:\Program Files\Amazon Corretto\jdk17.0.11_9\bin\fontmanager.dll
0x00007ffa8cbf0000 - 0x00007ffa8cce9000 	C:\WINDOWS\SYSTEM32\textinputframework.dll
0x00007ffa97690000 - 0x00007ffa979eb000 	C:\WINDOWS\System32\CoreUIComponents.dll
0x00007ffa979f0000 - 0x00007ffa97ae2000 	C:\WINDOWS\System32\CoreMessaging.dll
0x00007ffa9ad50000 - 0x00007ffa9ad83000 	C:\WINDOWS\SYSTEM32\ntmarta.dll
0x00007ffa98120000 - 0x00007ffa98277000 	C:\WINDOWS\SYSTEM32\wintypes.dll

dbghelp: loaded successfully - version: 4.0.5 - missing functions: none
symbol engine: initialized successfully - sym options: 0x614 - pdb path: .;C:\Program Files\Amazon Corretto\jdk17.0.11_9\bin;C:\WINDOWS\SYSTEM32;C:\WINDOWS\WinSxS\amd64_microsoft.windows.common-controls_6595b64144ccf1df_6.0.19041.4355_none_60b8b9eb71f62e16;C:\Program Files\Amazon Corretto\jdk17.0.11_9\bin\server;C:\Program Files\JetBrains\IntelliJ IDEA 2024.1\bin;C:\WINDOWS\System32\DriverStore\FileRepository\u0385692.inf_amd64_464982c8b1262429\B385477

VM Arguments:
jvm_args: -javaagent:C:\Program Files\JetBrains\IntelliJ IDEA 2024.1\lib\idea_rt.jar=64556:C:\Program Files\JetBrains\IntelliJ IDEA 2024.1\bin -Dfile.encoding=UTF-8 
java_command: com.zetcode.SpaceInvaders
java_class_path (initial): C:\Proyectos Expo modalidad\Java-Space-Invaders\out\production\Java-Space-Invaders
Launcher Type: SUN_STANDARD

[Global flags]
     intx CICompilerCount                          = 3                                         {product} {ergonomic}
     uint ConcGCThreads                            = 1                                         {product} {ergonomic}
     uint G1ConcRefinementThreads                  = 4                                         {product} {ergonomic}
   size_t G1HeapRegionSize                         = 1048576                                   {product} {ergonomic}
    uintx GCDrainStackTargetSize                   = 64                                        {product} {ergonomic}
   size_t InitialHeapSize                          = 58720256                                  {product} {ergonomic}
   size_t MarkStackSize                            = 4194304                                   {product} {ergonomic}
   size_t MaxHeapSize                              = 924844032                                 {product} {ergonomic}
   size_t MaxNewSize                               = 554696704                                 {product} {ergonomic}
   size_t MinHeapDeltaBytes                        = 1048576                                   {product} {ergonomic}
   size_t MinHeapSize                              = 8388608                                   {product} {ergonomic}
    uintx NonNMethodCodeHeapSize                   = 5832780                                {pd product} {ergonomic}
    uintx NonProfiledCodeHeapSize                  = 122912730                              {pd product} {ergonomic}
    uintx ProfiledCodeHeapSize                     = 122912730                              {pd product} {ergonomic}
    uintx ReservedCodeCacheSize                    = 251658240                              {pd product} {ergonomic}
     bool SegmentedCodeCache                       = true                                      {product} {ergonomic}
   size_t SoftMaxHeapSize                          = 924844032                              {manageable} {ergonomic}
     bool UseCompressedClassPointers               = true                           {product lp64_product} {ergonomic}
     bool UseCompressedOops                        = true                           {product lp64_product} {ergonomic}
     bool UseG1GC                                  = true                                      {product} {ergonomic}
     bool UseLargePagesIndividualAllocation        = false                                  {pd product} {ergonomic}

Logging:
Log output configuration:
 #0: stdout all=warning uptime,level,tags
 #1: stderr all=off uptime,level,tags

Environment Variables:
JAVA_HOME=C:\Program Files\Amazon Corretto\jdk17.0.11_9
PATH=C:\Program Files\Amazon Corretto\jdk17.0.11_9\bin;C:\Program Files\Common Files\Oracle\Java\javapath;C:\WINDOWS\system32;C:\WINDOWS;C:\WINDOWS\System32\Wbem;C:\WINDOWS\System32\WindowsPowerShell\v1.0\;C:\WINDOWS\System32\OpenSSH\;C:\Program Files\Git\cmd;C:\Users\saral\AppData\Local\Programs\Python\Launcher\;C:\Users\saral\AppData\Local\Microsoft\WindowsApps;C:\Users\saral\AppData\Local\Programs\Microsoft VS Code\bin;C:\Users\saral\PyCharm 2024.1.4\bin;
USERNAME=saral
OS=Windows_NT
PROCESSOR_IDENTIFIER=AMD64 Family 23 Model 24 Stepping 1, AuthenticAMD
TMP=C:\Users\saral\AppData\Local\Temp
TEMP=C:\Users\saral\AppData\Local\Temp



Periodic native trim disabled


---------------  S Y S T E M  ---------------

OS:
 Windows 10 , 64 bit Build 19041 (10.0.19041.4717)
OS uptime: 21 days 12:08 hours

CPU: total 4 (initial active 4) (4 cores per cpu, 2 threads per core) family 23 model 24 stepping 1 microcode 0x0, cx8, cmov, fxsr, ht, mmx, 3dnowpref, sse, sse2, sse3, ssse3, sse4a, sse4.1, sse4.2, popcnt, lzcnt, tsc, tscinvbit, avx, avx2, aes, clmul, bmi1, bmi2, adx, sha, fma, vzeroupper, clflush, clflushopt
Processor Information for all 4 processors :
  Max Mhz: 2400, Current Mhz: 1400, Mhz Limit: 2400

Memory: 4k page, system-wide physical 3520M (237M free)
TotalPageFile size 14272M (AvailPageFile size 6M)
current process WorkingSet (physical memory assigned to process): 88M, peak: 90M
current process commit charge ("private bytes"): 173M, peak: 174M

vm_info: OpenJDK 64-Bit Server VM (17.0.11+9-LTS) for windows-amd64 JRE (17.0.11+9-LTS), built on Apr 10 2024 22:12:24 by "Administrator" with MS VC++ 16.10 / 16.11 (VS2019)

END.
