#
# There is insufficient memory for the Java Runtime Environment to continue.
# Native memory allocation (malloc) failed to allocate 293776 bytes. Error detail: Chunk::new
# Possible reasons:
#   The system is out of physical RAM or swap space
#   This process is running with CompressedOops enabled, and the Java Heap may be blocking the growth of the native heap
# Possible solutions:
#   Reduce memory load on the system
#   Increase physical memory or swap space
#   Check if swap backing store is full
#   Decrease Java heap size (-Xmx/-Xms)
#   Decrease number of Java threads
#   Decrease Java thread stack sizes (-Xss)
#   Set larger code cache with -XX:ReservedCodeCacheSize=
#   JVM is running with Unscaled Compressed Oops mode in which the Java heap is
#     placed in the first 4GB address space. The Java Heap base address is the
#     maximum limit for the native heap growth. Please use -XX:HeapBaseMinAddress
#     to set the Java Heap base and to place the Java Heap above 4GB virtual address.
# This output file may be truncated or incomplete.
#
#  Out of Memory Error (arena.cpp:191), pid=3084, tid=1992
#
# JRE version: OpenJDK Runtime Environment Corretto-17.0.11.9.1 (17.0.11+9) (build 17.0.11+9-LTS)
# Java VM: OpenJDK 64-Bit Server VM Corretto-17.0.11.9.1 (17.0.11+9-LTS, mixed mode, sharing, tiered, compressed oops, compressed class ptrs, g1 gc, windows-amd64)
# No core dump will be written. Minidumps are not enabled by default on client versions of Windows
#

---------------  S U M M A R Y ------------

Command Line: -javaagent:C:\Program Files\JetBrains\IntelliJ IDEA 2024.1\lib\idea_rt.jar=65485:C:\Program Files\JetBrains\IntelliJ IDEA 2024.1\bin -Dfile.encoding=UTF-8 com.zetcode.SpaceInvaders

Host: AMD Athlon Gold 3150U with Radeon Graphics     , 4 cores, 3G,  Windows 10 , 64 bit Build 19041 (10.0.19041.4717)
Time: Sun Sep 22 10:23:25 2024 Hora est. Pacífico, Sudamérica elapsed time: 16.049498 seconds (0d 0h 0m 16s)

---------------  T H R E A D  ---------------

Current thread (0x0000021087d0a460):  JavaThread "C2 CompilerThread0" daemon [_thread_in_native, id=1992, stack(0x00000090e6300000,0x00000090e6400000)]


Current CompileTask:
C2:  16049 1335       4       com.zetcode.Board::update (769 bytes)

Stack: [0x00000090e6300000,0x00000090e6400000]
Native frames: (J=compiled Java code, j=interpreted, Vv=VM code, C=native code)
V  [jvm.dll+0x67d009]
V  [jvm.dll+0x83489a]
V  [jvm.dll+0x83635e]
V  [jvm.dll+0x8369c3]
V  [jvm.dll+0x2479df]
V  [jvm.dll+0xac534]
V  [jvm.dll+0xacb7c]
V  [jvm.dll+0x2aeecf]
V  [jvm.dll+0x5844d7]
V  [jvm.dll+0x2229d2]
V  [jvm.dll+0x21bb8f]
V  [jvm.dll+0x2193f1]
V  [jvm.dll+0x1a524d]
V  [jvm.dll+0x22920d]
V  [jvm.dll+0x2273dc]
V  [jvm.dll+0x7e9a07]
V  [jvm.dll+0x7e3e0a]
V  [jvm.dll+0x67bef5]
C  [ucrtbase.dll+0x21bb2]
C  [KERNEL32.DLL+0x17374]
C  [ntdll.dll+0x4cc91]


---------------  P R O C E S S  ---------------

Threads class SMR info:
_java_thread_list=0x00000210f0e6a3a0, length=19, elements={
0x0000021087cf2370, 0x0000021087cf31f0, 0x0000021087d05080, 0x0000021087d05c40,
0x0000021087d08610, 0x0000021087d08fd0, 0x0000021087d0a460, 0x00000210a2c1df50,
0x00000210a2c2dd00, 0x00000210a2c1c0d0, 0x00000210e80a8590, 0x00000210e80a8a70,
0x00000210e8282410, 0x00000210e828ad80, 0x00000210e828f6f0, 0x00000210e827e980,
0x0000021087c4be40, 0x00000210ed78e1f0, 0x00000210ed7efc40
}

Java Threads: ( => current thread )
  0x0000021087cf2370 JavaThread "Reference Handler" daemon [_thread_blocked, id=5236, stack(0x00000090e5d00000,0x00000090e5e00000)]
  0x0000021087cf31f0 JavaThread "Finalizer" daemon [_thread_blocked, id=6504, stack(0x00000090e5e00000,0x00000090e5f00000)]
  0x0000021087d05080 JavaThread "Signal Dispatcher" daemon [_thread_blocked, id=18556, stack(0x00000090e5f00000,0x00000090e6000000)]
  0x0000021087d05c40 JavaThread "Attach Listener" daemon [_thread_blocked, id=4760, stack(0x00000090e6000000,0x00000090e6100000)]
  0x0000021087d08610 JavaThread "Service Thread" daemon [_thread_blocked, id=15868, stack(0x00000090e6100000,0x00000090e6200000)]
  0x0000021087d08fd0 JavaThread "Monitor Deflation Thread" daemon [_thread_blocked, id=7620, stack(0x00000090e6200000,0x00000090e6300000)]
=>0x0000021087d0a460 JavaThread "C2 CompilerThread0" daemon [_thread_in_native, id=1992, stack(0x00000090e6300000,0x00000090e6400000)]
  0x00000210a2c1df50 JavaThread "C1 CompilerThread0" daemon [_thread_blocked, id=11936, stack(0x00000090e6400000,0x00000090e6500000)]
  0x00000210a2c2dd00 JavaThread "Sweeper thread" daemon [_thread_blocked, id=17888, stack(0x00000090e6500000,0x00000090e6600000)]
  0x00000210a2c1c0d0 JavaThread "Common-Cleaner" daemon [_thread_blocked, id=7860, stack(0x00000090e6600000,0x00000090e6700000)]
  0x00000210e80a8590 JavaThread "Monitor Ctrl-Break" daemon [_thread_in_native, id=7968, stack(0x00000090e6700000,0x00000090e6800000)]
  0x00000210e80a8a70 JavaThread "Notification Thread" daemon [_thread_blocked, id=8288, stack(0x00000090e6800000,0x00000090e6900000)]
  0x00000210e8282410 JavaThread "Java2D Disposer" daemon [_thread_blocked, id=16848, stack(0x00000090e6a00000,0x00000090e6b00000)]
  0x00000210e828ad80 JavaThread "AWT-Shutdown" [_thread_blocked, id=4284, stack(0x00000090e6b00000,0x00000090e6c00000)]
  0x00000210e828f6f0 JavaThread "AWT-Windows" daemon [_thread_in_native, id=1712, stack(0x00000090e6c00000,0x00000090e6d00000)]
  0x00000210e827e980 JavaThread "AWT-EventQueue-0" [_thread_in_Java, id=14376, stack(0x00000090e6d00000,0x00000090e6e00000)]
  0x0000021087c4be40 JavaThread "DestroyJavaVM" [_thread_blocked, id=15196, stack(0x00000090e5600000,0x00000090e5700000)]
  0x00000210ed78e1f0 JavaThread "TimerQueue" daemon [_thread_blocked, id=924, stack(0x00000090e7400000,0x00000090e7500000)]
  0x00000210ed7efc40 JavaThread "D3D Screen Updater" daemon [_thread_in_native, id=9636, stack(0x00000090e7700000,0x00000090e7800000)]

Other Threads:
  0x0000021087ced700 VMThread "VM Thread" [stack: 0x00000090e5c00000,0x00000090e5d00000] [id=18988]
  0x00000210e8078870 WatcherThread [stack: 0x00000090e6900000,0x00000090e6a00000] [id=14904]
  0x0000021087c83d20 GCTaskThread "GC Thread#0" [stack: 0x00000090e5700000,0x00000090e5800000] [id=14968]
  0x0000021087c8bab0 ConcurrentGCThread "G1 Main Marker" [stack: 0x00000090e5800000,0x00000090e5900000] [id=7404]
  0x0000021087c8c4d0 ConcurrentGCThread "G1 Conc#0" [stack: 0x00000090e5900000,0x00000090e5a00000] [id=3164]
  0x0000021087cc5710 ConcurrentGCThread "G1 Refine#0" [stack: 0x00000090e5a00000,0x00000090e5b00000] [id=19432]
  0x0000021087cc6140 ConcurrentGCThread "G1 Service" [stack: 0x00000090e5b00000,0x00000090e5c00000] [id=3004]

Threads with active compile tasks:
C2 CompilerThread0    16087 1335       4       com.zetcode.Board::update (769 bytes)

VM state: not at safepoint (normal execution)

VM Mutex/Monitor currently owned by a thread: None

Heap address: 0x00000000c8e00000, size: 882 MB, Compressed Oops mode: 32-bit

CDS archive(s) mapped at: [0x00000210a3000000-0x00000210a3bb0000-0x00000210a3bb0000), size 12255232, SharedBaseAddress: 0x00000210a3000000, ArchiveRelocationMode: 1.
Compressed class space mapped at: 0x00000210a4000000-0x00000210e4000000, reserved size: 1073741824
Narrow klass base: 0x00000210a3000000, Narrow klass shift: 0, Narrow klass range: 0x100000000

GC Precious Log:
 CPUs: 4 total, 4 available
 Memory: 3520M
 Large Page Support: Disabled
 NUMA Support: Disabled
 Compressed Oops: Enabled (32-bit)
 Heap Region Size: 1M
 Heap Min Capacity: 8M
 Heap Initial Capacity: 56M
 Heap Max Capacity: 882M
 Pre-touch: Disabled
 Parallel Workers: 4
 Concurrent Workers: 1
 Concurrent Refinement Workers: 4
 Periodic GC: Disabled

Heap:
 garbage-first heap   total 57344K, used 12288K [0x00000000c8e00000, 0x0000000100000000)
  region size 1024K, 13 young (13312K), 0 survivors (0K)
 Metaspace       used 7944K, committed 8192K, reserved 1114112K
  class space    used 845K, committed 960K, reserved 1048576K

Heap Regions: E=young(eden), S=young(survivor), O=old, HS=humongous(starts), HC=humongous(continues), CS=collection set, F=free, OA=open archive, CA=closed archive, TAMS=top-at-mark-start (previous, next)
|   0|0x00000000c8e00000, 0x00000000c8e00000, 0x00000000c8f00000|  0%| F|  |TAMS 0x00000000c8e00000, 0x00000000c8e00000| Untracked 
|   1|0x00000000c8f00000, 0x00000000c8f00000, 0x00000000c9000000|  0%| F|  |TAMS 0x00000000c8f00000, 0x00000000c8f00000| Untracked 
|   2|0x00000000c9000000, 0x00000000c9000000, 0x00000000c9100000|  0%| F|  |TAMS 0x00000000c9000000, 0x00000000c9000000| Untracked 
|   3|0x00000000c9100000, 0x00000000c9100000, 0x00000000c9200000|  0%| F|  |TAMS 0x00000000c9100000, 0x00000000c9100000| Untracked 
|   4|0x00000000c9200000, 0x00000000c9200000, 0x00000000c9300000|  0%| F|  |TAMS 0x00000000c9200000, 0x00000000c9200000| Untracked 
|   5|0x00000000c9300000, 0x00000000c9300000, 0x00000000c9400000|  0%| F|  |TAMS 0x00000000c9300000, 0x00000000c9300000| Untracked 
|   6|0x00000000c9400000, 0x00000000c9400000, 0x00000000c9500000|  0%| F|  |TAMS 0x00000000c9400000, 0x00000000c9400000| Untracked 
|   7|0x00000000c9500000, 0x00000000c9500000, 0x00000000c9600000|  0%| F|  |TAMS 0x00000000c9500000, 0x00000000c9500000| Untracked 
|   8|0x00000000c9600000, 0x00000000c9600000, 0x00000000c9700000|  0%| F|  |TAMS 0x00000000c9600000, 0x00000000c9600000| Untracked 
|   9|0x00000000c9700000, 0x00000000c9700000, 0x00000000c9800000|  0%| F|  |TAMS 0x00000000c9700000, 0x00000000c9700000| Untracked 
|  10|0x00000000c9800000, 0x00000000c9800000, 0x00000000c9900000|  0%| F|  |TAMS 0x00000000c9800000, 0x00000000c9800000| Untracked 
|  11|0x00000000c9900000, 0x00000000c9900000, 0x00000000c9a00000|  0%| F|  |TAMS 0x00000000c9900000, 0x00000000c9900000| Untracked 
|  12|0x00000000c9a00000, 0x00000000c9a00000, 0x00000000c9b00000|  0%| F|  |TAMS 0x00000000c9a00000, 0x00000000c9a00000| Untracked 
|  13|0x00000000c9b00000, 0x00000000c9b00000, 0x00000000c9c00000|  0%| F|  |TAMS 0x00000000c9b00000, 0x00000000c9b00000| Untracked 
|  14|0x00000000c9c00000, 0x00000000c9c00000, 0x00000000c9d00000|  0%| F|  |TAMS 0x00000000c9c00000, 0x00000000c9c00000| Untracked 
|  15|0x00000000c9d00000, 0x00000000c9d00000, 0x00000000c9e00000|  0%| F|  |TAMS 0x00000000c9d00000, 0x00000000c9d00000| Untracked 
|  16|0x00000000c9e00000, 0x00000000c9e00000, 0x00000000c9f00000|  0%| F|  |TAMS 0x00000000c9e00000, 0x00000000c9e00000| Untracked 
|  17|0x00000000c9f00000, 0x00000000c9f00000, 0x00000000ca000000|  0%| F|  |TAMS 0x00000000c9f00000, 0x00000000c9f00000| Untracked 
|  18|0x00000000ca000000, 0x00000000ca000000, 0x00000000ca100000|  0%| F|  |TAMS 0x00000000ca000000, 0x00000000ca000000| Untracked 
|  19|0x00000000ca100000, 0x00000000ca100000, 0x00000000ca200000|  0%| F|  |TAMS 0x00000000ca100000, 0x00000000ca100000| Untracked 
|  20|0x00000000ca200000, 0x00000000ca200000, 0x00000000ca300000|  0%| F|  |TAMS 0x00000000ca200000, 0x00000000ca200000| Untracked 
|  21|0x00000000ca300000, 0x00000000ca300000, 0x00000000ca400000|  0%| F|  |TAMS 0x00000000ca300000, 0x00000000ca300000| Untracked 
|  22|0x00000000ca400000, 0x00000000ca400000, 0x00000000ca500000|  0%| F|  |TAMS 0x00000000ca400000, 0x00000000ca400000| Untracked 
|  23|0x00000000ca500000, 0x00000000ca500000, 0x00000000ca600000|  0%| F|  |TAMS 0x00000000ca500000, 0x00000000ca500000| Untracked 
|  24|0x00000000ca600000, 0x00000000ca600000, 0x00000000ca700000|  0%| F|  |TAMS 0x00000000ca600000, 0x00000000ca600000| Untracked 
|  25|0x00000000ca700000, 0x00000000ca700000, 0x00000000ca800000|  0%| F|  |TAMS 0x00000000ca700000, 0x00000000ca700000| Untracked 
|  26|0x00000000ca800000, 0x00000000ca800000, 0x00000000ca900000|  0%| F|  |TAMS 0x00000000ca800000, 0x00000000ca800000| Untracked 
|  27|0x00000000ca900000, 0x00000000ca900000, 0x00000000caa00000|  0%| F|  |TAMS 0x00000000ca900000, 0x00000000ca900000| Untracked 
|  28|0x00000000caa00000, 0x00000000caa00000, 0x00000000cab00000|  0%| F|  |TAMS 0x00000000caa00000, 0x00000000caa00000| Untracked 
|  29|0x00000000cab00000, 0x00000000cab00000, 0x00000000cac00000|  0%| F|  |TAMS 0x00000000cab00000, 0x00000000cab00000| Untracked 
|  30|0x00000000cac00000, 0x00000000cac00000, 0x00000000cad00000|  0%| F|  |TAMS 0x00000000cac00000, 0x00000000cac00000| Untracked 
|  31|0x00000000cad00000, 0x00000000cad00000, 0x00000000cae00000|  0%| F|  |TAMS 0x00000000cad00000, 0x00000000cad00000| Untracked 
|  32|0x00000000cae00000, 0x00000000cae00000, 0x00000000caf00000|  0%| F|  |TAMS 0x00000000cae00000, 0x00000000cae00000| Untracked 
|  33|0x00000000caf00000, 0x00000000caf00000, 0x00000000cb000000|  0%| F|  |TAMS 0x00000000caf00000, 0x00000000caf00000| Untracked 
|  34|0x00000000cb000000, 0x00000000cb000000, 0x00000000cb100000|  0%| F|  |TAMS 0x00000000cb000000, 0x00000000cb000000| Untracked 
|  35|0x00000000cb100000, 0x00000000cb100000, 0x00000000cb200000|  0%| F|  |TAMS 0x00000000cb100000, 0x00000000cb100000| Untracked 
|  36|0x00000000cb200000, 0x00000000cb200000, 0x00000000cb300000|  0%| F|  |TAMS 0x00000000cb200000, 0x00000000cb200000| Untracked 
|  37|0x00000000cb300000, 0x00000000cb300000, 0x00000000cb400000|  0%| F|  |TAMS 0x00000000cb300000, 0x00000000cb300000| Untracked 
|  38|0x00000000cb400000, 0x00000000cb400000, 0x00000000cb500000|  0%| F|  |TAMS 0x00000000cb400000, 0x00000000cb400000| Untracked 
|  39|0x00000000cb500000, 0x00000000cb500000, 0x00000000cb600000|  0%| F|  |TAMS 0x00000000cb500000, 0x00000000cb500000| Untracked 
|  40|0x00000000cb600000, 0x00000000cb600000, 0x00000000cb700000|  0%| F|  |TAMS 0x00000000cb600000, 0x00000000cb600000| Untracked 
|  41|0x00000000cb700000, 0x00000000cb700000, 0x00000000cb800000|  0%| F|  |TAMS 0x00000000cb700000, 0x00000000cb700000| Untracked 
|  42|0x00000000cb800000, 0x00000000cb800000, 0x00000000cb900000|  0%| F|  |TAMS 0x00000000cb800000, 0x00000000cb800000| Untracked 
|  43|0x00000000cb900000, 0x00000000cb943110, 0x00000000cba00000| 26%| E|  |TAMS 0x00000000cb900000, 0x00000000cb900000| Complete 
|  44|0x00000000cba00000, 0x00000000cbb00000, 0x00000000cbb00000|100%| E|CS|TAMS 0x00000000cba00000, 0x00000000cba00000| Complete 
|  45|0x00000000cbb00000, 0x00000000cbc00000, 0x00000000cbc00000|100%| E|CS|TAMS 0x00000000cbb00000, 0x00000000cbb00000| Complete 
|  46|0x00000000cbc00000, 0x00000000cbd00000, 0x00000000cbd00000|100%| E|CS|TAMS 0x00000000cbc00000, 0x00000000cbc00000| Complete 
|  47|0x00000000cbd00000, 0x00000000cbe00000, 0x00000000cbe00000|100%| E|CS|TAMS 0x00000000cbd00000, 0x00000000cbd00000| Complete 
|  48|0x00000000cbe00000, 0x00000000cbf00000, 0x00000000cbf00000|100%| E|CS|TAMS 0x00000000cbe00000, 0x00000000cbe00000| Complete 
|  49|0x00000000cbf00000, 0x00000000cc000000, 0x00000000cc000000|100%| E|CS|TAMS 0x00000000cbf00000, 0x00000000cbf00000| Complete 
|  50|0x00000000cc000000, 0x00000000cc100000, 0x00000000cc100000|100%| E|CS|TAMS 0x00000000cc000000, 0x00000000cc000000| Complete 
|  51|0x00000000cc100000, 0x00000000cc200000, 0x00000000cc200000|100%| E|CS|TAMS 0x00000000cc100000, 0x00000000cc100000| Complete 
|  52|0x00000000cc200000, 0x00000000cc300000, 0x00000000cc300000|100%| E|CS|TAMS 0x00000000cc200000, 0x00000000cc200000| Complete 
|  53|0x00000000cc300000, 0x00000000cc400000, 0x00000000cc400000|100%| E|CS|TAMS 0x00000000cc300000, 0x00000000cc300000| Complete 
|  54|0x00000000cc400000, 0x00000000cc500000, 0x00000000cc500000|100%| E|CS|TAMS 0x00000000cc400000, 0x00000000cc400000| Complete 
|  55|0x00000000cc500000, 0x00000000cc600000, 0x00000000cc600000|100%| E|CS|TAMS 0x00000000cc500000, 0x00000000cc500000| Complete 

Card table byte_map: [0x000002109e770000,0x000002109e930000] _byte_map_base: 0x000002109e129000

Marking Bits (Prev, Next): (CMBitMap*) 0x0000021087c84340, (CMBitMap*) 0x0000021087c84380
 Prev Bits: [0x000002109eaf0000, 0x000002109f8b8000)
 Next Bits: [0x000002109f8c0000, 0x00000210a0688000)

Polling page: 0x0000021085bf0000

Metaspace:

Usage:
  Non-class:      6.93 MB used.
      Class:    845.77 KB used.
       Both:      7.76 MB used.

Virtual space:
  Non-class space:       64.00 MB reserved,       7.06 MB ( 11%) committed,  1 nodes.
      Class space:        1.00 GB reserved,     960.00 KB ( <1%) committed,  1 nodes.
             Both:        1.06 GB reserved,       8.00 MB ( <1%) committed. 

Chunk freelists:
   Non-Class:  8.98 MB
       Class:  15.09 MB
        Both:  24.06 MB

MaxMetaspaceSize: unlimited
CompressedClassSpaceSize: 1.00 GB
Initial GC threshold: 21.00 MB
Current GC threshold: 21.00 MB
CDS: on
MetaspaceReclaimPolicy: balanced
 - commit_granule_bytes: 65536.
 - commit_granule_words: 8192.
 - virtual_space_node_default_size: 8388608.
 - enlarge_chunks_in_place: 1.
 - new_chunks_are_fully_committed: 0.
 - uncommit_free_chunks: 1.
 - use_allocation_guard: 0.
 - handle_deallocations: 1.


Internal statistics:

num_allocs_failed_limit: 0.
num_arena_births: 124.
num_arena_deaths: 0.
num_vsnodes_births: 2.
num_vsnodes_deaths: 0.
num_space_committed: 128.
num_space_uncommitted: 0.
num_chunks_returned_to_freelist: 0.
num_chunks_taken_from_freelist: 184.
num_chunk_merges: 0.
num_chunk_splits: 100.
num_chunks_enlarged: 31.
num_inconsistent_stats: 0.

CodeHeap 'non-profiled nmethods': size=120000Kb used=533Kb max_used=533Kb free=119466Kb
 bounds [0x0000021097240000, 0x00000210974b0000, 0x000002109e770000]
CodeHeap 'profiled nmethods': size=120000Kb used=2195Kb max_used=2195Kb free=117804Kb
 bounds [0x000002108f770000, 0x000002108f9e0000, 0x0000021096ca0000]
CodeHeap 'non-nmethods': size=5760Kb used=1265Kb max_used=1304Kb free=4494Kb
 bounds [0x0000021096ca0000, 0x0000021096f10000, 0x0000021097240000]
 total_blobs=1923 nmethods=1334 adapters=502
 compilation: enabled
              stopped_count=0, restarted_count=0
 full_count=0

Compilation events (20 events):
Event: 14.673 Thread 0x0000021087d0a460 nmethod 1325 0x00000210972c4090 code [0x00000210972c4200, 0x00000210972c4278]
Event: 15.036 Thread 0x00000210a2c1df50 1326       3       java.lang.StringConcatHelper::initialCoder (14 bytes)
Event: 15.036 Thread 0x00000210a2c1df50 nmethod 1326 0x000002108f992390 code [0x000002108f992520, 0x000002108f992638]
Event: 15.043 Thread 0x00000210a2c1df50 1327       3       java.lang.StringConcatHelper::simpleConcat (94 bytes)
Event: 15.045 Thread 0x00000210a2c1df50 nmethod 1327 0x000002108f992690 code [0x000002108f9929e0, 0x000002108f993f08]
Event: 15.205 Thread 0x0000021087d0a460 1328       4       java.util.IdentityHashMap::clear (39 bytes)
Event: 15.210 Thread 0x0000021087d0a460 nmethod 1328 0x00000210972c4390 code [0x00000210972c4500, 0x00000210972c4778]
Event: 15.306 Thread 0x00000210a2c1df50 1329       1       java.awt.Component::getFocusTraversalKeysEnabled (5 bytes)
Event: 15.306 Thread 0x00000210a2c1df50 nmethod 1329 0x00000210972c4890 code [0x00000210972c4a20, 0x00000210972c4af8]
Event: 15.306 Thread 0x00000210a2c1df50 1330       1       java.awt.AWTKeyStroke::getKeyCode (5 bytes)
Event: 15.306 Thread 0x00000210a2c1df50 nmethod 1330 0x00000210972c4b90 code [0x00000210972c4d20, 0x00000210972c4df8]
Event: 15.306 Thread 0x00000210a2c1df50 1331       1       java.awt.AWTKeyStroke::getModifiers (5 bytes)
Event: 15.306 Thread 0x00000210a2c1df50 nmethod 1331 0x00000210972c4e90 code [0x00000210972c5020, 0x00000210972c50f8]
Event: 15.306 Thread 0x00000210a2c1df50 1332       1       java.awt.AWTKeyStroke::isOnKeyRelease (5 bytes)
Event: 15.306 Thread 0x00000210a2c1df50 nmethod 1332 0x00000210972c5190 code [0x00000210972c5320, 0x00000210972c53f8]
Event: 15.516 Thread 0x0000021087d0a460 1333       4       java.util.IdentityHashMap::isEmpty (13 bytes)
Event: 15.517 Thread 0x0000021087d0a460 nmethod 1333 0x00000210972c5490 code [0x00000210972c5600, 0x00000210972c5698]
Event: 15.975 Thread 0x00000210a2c1df50 1334       3       javax.swing.JComponent$KeyboardState::getKeyCodeArray (31 bytes)
Event: 15.976 Thread 0x00000210a2c1df50 nmethod 1334 0x000002108f994690 code [0x000002108f994880, 0x000002108f994d58]
Event: 16.025 Thread 0x0000021087d0a460 1335       4       com.zetcode.Board::update (769 bytes)

GC Heap History (0 events):
No events

Dll operation events (14 events):
Event: 0.096 Loaded shared library C:\Program Files\Amazon Corretto\jdk17.0.11_9\bin\java.dll
Event: 0.154 Loaded shared library C:\Program Files\Amazon Corretto\jdk17.0.11_9\bin\jsvml.dll
Event: 0.332 Loaded shared library C:\Program Files\Amazon Corretto\jdk17.0.11_9\bin\zip.dll
Event: 0.338 Loaded shared library C:\Program Files\Amazon Corretto\jdk17.0.11_9\bin\instrument.dll
Event: 0.351 Loaded shared library C:\Program Files\Amazon Corretto\jdk17.0.11_9\bin\net.dll
Event: 0.357 Loaded shared library C:\Program Files\Amazon Corretto\jdk17.0.11_9\bin\nio.dll
Event: 0.363 Loaded shared library C:\Program Files\Amazon Corretto\jdk17.0.11_9\bin\zip.dll
Event: 0.377 Loaded shared library C:\Program Files\JetBrains\IntelliJ IDEA 2024.1\bin\breakgen64.dll
Event: 0.410 Loaded shared library C:\Program Files\Amazon Corretto\jdk17.0.11_9\bin\jimage.dll
Event: 0.417 Loaded shared library C:\Program Files\Amazon Corretto\jdk17.0.11_9\bin\extnet.dll
Event: 0.463 Loaded shared library C:\Program Files\Amazon Corretto\jdk17.0.11_9\bin\awt.dll
Event: 1.239 Loaded shared library C:\Program Files\Amazon Corretto\jdk17.0.11_9\bin\javajpeg.dll
Event: 1.328 Loaded shared library C:\Program Files\Amazon Corretto\jdk17.0.11_9\bin\freetype.dll
Event: 1.333 Loaded shared library C:\Program Files\Amazon Corretto\jdk17.0.11_9\bin\fontmanager.dll

Deoptimization events (20 events):
Event: 1.351 Thread 0x00000210e827e980 Uncommon trap: trap_request=0xffffff45 fr.pc=0x0000021097268440 relative=0x0000000000000340
Event: 1.351 Thread 0x00000210e827e980 Uncommon trap: reason=unstable_if action=reinterpret pc=0x0000021097268440 method=java.lang.StringUTF16.compress([CI[BII)I @ 20 c2
Event: 1.351 Thread 0x00000210e827e980 DEOPT PACKING pc=0x0000021097268440 sp=0x00000090e6dfcc70
Event: 1.351 Thread 0x00000210e827e980 DEOPT UNPACKING pc=0x0000021096cf69a3 sp=0x00000090e6dfcbf0 mode 2
Event: 3.699 Thread 0x00000210e827e980 Uncommon trap: trap_request=0xffffff45 fr.pc=0x000002109728b8d0 relative=0x00000000000055b0
Event: 3.699 Thread 0x00000210e827e980 Uncommon trap: reason=unstable_if action=reinterpret pc=0x000002109728b8d0 method=sun.awt.image.SurfaceManager.getManager(Ljava/awt/Image;)Lsun/awt/image/SurfaceManager; @ 9 c2
Event: 3.699 Thread 0x00000210e827e980 DEOPT PACKING pc=0x000002109728b8d0 sp=0x00000090e6dfe370
Event: 3.699 Thread 0x00000210e827e980 DEOPT UNPACKING pc=0x0000021096cf69a3 sp=0x00000090e6dfdef0 mode 2
Event: 3.732 Thread 0x00000210e827e980 Uncommon trap: trap_request=0xffffff45 fr.pc=0x00000210972954c4 relative=0x0000000000001ca4
Event: 3.732 Thread 0x00000210e827e980 Uncommon trap: reason=unstable_if action=reinterpret pc=0x00000210972954c4 method=sun.java2d.loops.RenderCache.get(Lsun/java2d/loops/SurfaceType;Lsun/java2d/loops/CompositeType;Lsun/java2d/loops/SurfaceType;)Ljava/lang/Object; @ 52 c2
Event: 3.732 Thread 0x00000210e827e980 DEOPT PACKING pc=0x00000210972954c4 sp=0x00000090e6dfe100
Event: 3.732 Thread 0x00000210e827e980 DEOPT UNPACKING pc=0x0000021096cf69a3 sp=0x00000090e6dfddd8 mode 2
Event: 4.930 Thread 0x00000210e828f6f0 Uncommon trap: trap_request=0xffffff45 fr.pc=0x00000210972989cc relative=0x00000000000000ac
Event: 4.930 Thread 0x00000210e828f6f0 Uncommon trap: reason=unstable_if action=reinterpret pc=0x00000210972989cc method=java.util.concurrent.locks.AbstractQueuedSynchronizer.signalNext(Ljava/util/concurrent/locks/AbstractQueuedSynchronizer$Node;)V @ 17 c2
Event: 4.930 Thread 0x00000210e828f6f0 DEOPT PACKING pc=0x00000210972989cc sp=0x00000090e6cfddf0
Event: 4.930 Thread 0x00000210e828f6f0 DEOPT UNPACKING pc=0x0000021096cf69a3 sp=0x00000090e6cfdd80 mode 2
Event: 15.205 Thread 0x00000210e827e980 DEOPT PACKING pc=0x000002108f8bd09d sp=0x00000090e6dfee40
Event: 15.205 Thread 0x00000210e827e980 DEOPT UNPACKING pc=0x0000021096cf7143 sp=0x00000090e6dfe2d0 mode 0
Event: 16.025 Thread 0x00000210e827e980 DEOPT PACKING pc=0x000002108f8e1b7d sp=0x00000090e6dfee50
Event: 16.025 Thread 0x00000210e827e980 DEOPT UNPACKING pc=0x0000021096cf7143 sp=0x00000090e6dfe368 mode 0

Classes unloaded (0 events):
No events

Classes redefined (0 events):
No events

Internal exceptions (16 events):
Event: 0.398 Thread 0x00000210e80a8590 Exception <a 'java/lang/NoSuchMethodError'{0x00000000cc4cd090}: 'java.lang.Object java.lang.invoke.DirectMethodHandle$Holder.invokeStaticInit(java.lang.Object)'> (0x00000000cc4cd090) 
thrown [s\src\hotspot\share\interpreter\linkResolver.cpp, line 759]
Event: 0.419 Thread 0x00000210e80a8590 Exception <a 'java/lang/NoSuchMethodError'{0x00000000cc4dba40}: 'void java.lang.invoke.DirectMethodHandle$Holder.invokeStatic(java.lang.Object, java.lang.Object)'> (0x00000000cc4dba40) 
thrown [s\src\hotspot\share\interpreter\linkResolver.cpp, line 759]
Event: 0.431 Thread 0x0000021087c4be40 Exception <a 'java/lang/ClassNotFoundException'{0x00000000cc3080a8}: sun/awt/resources/spi/awtProvider> (0x00000000cc3080a8) 
thrown [s\src\hotspot\share\classfile\systemDictionary.cpp, line 256]
Event: 0.488 Thread 0x0000021087c4be40 Exception <a 'java/io/FileNotFoundException'{0x00000000cc35b798}> (0x00000000cc35b798) 
thrown [s\src\hotspot\share\prims\jni.cpp, line 516]
Event: 0.502 Thread 0x0000021087c4be40 Exception <a 'java/io/FileNotFoundException'{0x00000000cc3889e0}> (0x00000000cc3889e0) 
thrown [s\src\hotspot\share\prims\jni.cpp, line 516]
Event: 1.013 Thread 0x00000210e827e980 Exception <a 'java/lang/NoSuchMethodError'{0x00000000cc2d52d8}: 'void java.lang.invoke.DirectMethodHandle$Holder.invokeSpecial(java.lang.Object, java.lang.Object, java.lang.Object)'> (0x00000000cc2d52d8) 
thrown [s\src\hotspot\share\interpreter\linkResolver.cpp, line 759]
Event: 1.033 Thread 0x00000210e827e980 Exception <a 'java/lang/NoSuchMethodError'{0x00000000cc2ff550}: 'java.lang.Object java.lang.invoke.DirectMethodHandle$Holder.newInvokeSpecial(java.lang.Object, java.lang.Object, java.lang.Object, java.lang.Object, java.lang.Object)'> (0x00000000cc2ff550) 
thrown [s\src\hotspot\share\interpreter\linkResolver.cpp, line 759]
Event: 1.036 Thread 0x00000210e827e980 Exception <a 'java/lang/NoSuchMethodError'{0x00000000cc10b3e8}: 'java.lang.Object java.lang.invoke.DirectMethodHandle$Holder.invokeStatic(java.lang.Object, int, java.lang.Object, java.lang.Object, java.lang.Object, java.lang.Object)'> (0x00000000cc10b3e8) 
thrown [s\src\hotspot\share\interpreter\linkResolver.cpp, line 759]
Event: 1.043 Thread 0x00000210e827e980 Exception <a 'java/lang/NoSuchMethodError'{0x00000000cc130ba8}: 'java.lang.Object java.lang.invoke.DirectMethodHandle$Holder.invokeStatic(java.lang.Object, int, java.lang.Object)'> (0x00000000cc130ba8) 
thrown [s\src\hotspot\share\interpreter\linkResolver.cpp, line 759]
Event: 1.108 Thread 0x00000210e827e980 Exception <a 'java/lang/ClassNotFoundException'{0x00000000cc1e8da0}: com/sun/swing/internal/plaf/metal/resources/spi/metalProvider> (0x00000000cc1e8da0) 
thrown [s\src\hotspot\share\classfile\systemDictionary.cpp, line 256]
Event: 1.112 Thread 0x00000210e827e980 Exception <a 'java/lang/ClassNotFoundException'{0x00000000cc1ed7c8}: com/sun/swing/internal/plaf/basic/resources/spi/basicProvider> (0x00000000cc1ed7c8) 
thrown [s\src\hotspot\share\classfile\systemDictionary.cpp, line 256]
Event: 1.200 Thread 0x00000210ed7b4f40 Exception <a 'java/lang/NoSuchMethodError'{0x00000000cbfd7ca8}: 'java.lang.Object java.lang.invoke.DirectMethodHandle$Holder.newInvokeSpecial(java.lang.Object, java.lang.Object, java.lang.Object, int, int, int, int, int)'> (0x00000000cbfd7ca8) 
thrown [s\src\hotspot\share\interpreter\linkResolver.cpp, line 759]
Event: 1.212 Thread 0x00000210e827e980 Exception <a 'java/lang/NoSuchMethodError'{0x00000000cc0a4368}: 'int java.lang.invoke.DirectMethodHandle$Holder.invokeStaticInit(java.lang.Object, java.lang.Object)'> (0x00000000cc0a4368) 
thrown [s\src\hotspot\share\interpreter\linkResolver.cpp, line 759]
Event: 1.315 Thread 0x00000210e827e980 Exception <a 'java/lang/NoSuchMethodError'{0x00000000cbe6e0c8}: 'void java.lang.invoke.DirectMethodHandle$Holder.invokeStaticInit(java.lang.Object)'> (0x00000000cbe6e0c8) 
thrown [s\src\hotspot\share\interpreter\linkResolver.cpp, line 759]
Event: 1.468 Thread 0x00000210e828f6f0 Exception <a 'java/lang/NoSuchMethodError'{0x00000000cc3d7d78}: 'void java.lang.invoke.DirectMethodHandle$Holder.invokeVirtual(java.lang.Object, java.lang.Object)'> (0x00000000cc3d7d78) 
thrown [s\src\hotspot\share\interpreter\linkResolver.cpp, line 759]
Event: 3.699 Thread 0x00000210e827e980 Implicit null exception at 0x000002109728679b to 0x000002109728b838

VM Operations (20 events):
Event: 4.603 Executing VM operation: Cleanup
Event: 4.603 Executing VM operation: Cleanup done
Event: 5.613 Executing VM operation: Cleanup
Event: 5.613 Executing VM operation: Cleanup done
Event: 6.620 Executing VM operation: Cleanup
Event: 6.620 Executing VM operation: Cleanup done
Event: 7.633 Executing VM operation: Cleanup
Event: 7.633 Executing VM operation: Cleanup done
Event: 8.636 Executing VM operation: Cleanup
Event: 8.636 Executing VM operation: Cleanup done
Event: 9.644 Executing VM operation: Cleanup
Event: 9.644 Executing VM operation: Cleanup done
Event: 10.655 Executing VM operation: Cleanup
Event: 10.655 Executing VM operation: Cleanup done
Event: 11.657 Executing VM operation: Cleanup
Event: 11.657 Executing VM operation: Cleanup done
Event: 13.664 Executing VM operation: Cleanup
Event: 13.664 Executing VM operation: Cleanup done
Event: 15.675 Executing VM operation: Cleanup
Event: 15.675 Executing VM operation: Cleanup done

Events (20 events):
Event: 2.804 loading class java/awt/event/ContainerEvent
Event: 2.804 loading class java/awt/event/ContainerEvent done
Event: 2.804 loading class javax/swing/JComponent$KeyboardState
Event: 2.804 loading class javax/swing/JComponent$KeyboardState done
Event: 2.804 loading class javax/swing/JComponent$IntVector
Event: 2.805 loading class javax/swing/JComponent$IntVector done
Event: 2.805 loading class javax/swing/JInternalFrame
Event: 2.806 loading class javax/swing/JInternalFrame done
Event: 2.806 loading class javax/swing/KeyboardManager
Event: 2.806 loading class javax/swing/KeyboardManager done
Event: 2.806 loading class javax/swing/Popup$HeavyWeightWindow
Event: 2.807 loading class sun/awt/ModalExclude
Event: 2.807 loading class sun/awt/ModalExclude done
Event: 2.807 loading class javax/swing/JWindow
Event: 2.807 loading class javax/swing/JWindow done
Event: 2.807 loading class javax/swing/Popup$HeavyWeightWindow done
Event: 4.240 loading class java/awt/image/BufferedImageOp
Event: 4.240 loading class java/awt/image/BufferedImageOp done
Event: 8.683 Thread 0x00000210ed7b4f40 Thread exited: 0x00000210ed7b4f40
Event: 10.456 Thread 0x00000210ed7f1aa0 Thread exited: 0x00000210ed7f1aa0


Dynamic libraries:
0x00007ff658690000 - 0x00007ff65869e000 	C:\Program Files\Amazon Corretto\jdk17.0.11_9\bin\java.exe
0x00007ffa9e5b0000 - 0x00007ffa9e7a8000 	C:\WINDOWS\SYSTEM32\ntdll.dll
0x00007ffa9d6f0000 - 0x00007ffa9d7b1000 	C:\WINDOWS\System32\KERNEL32.DLL
0x00007ffa9bfd0000 - 0x00007ffa9c2cd000 	C:\WINDOWS\System32\KERNELBASE.dll
0x00007ffa9c320000 - 0x00007ffa9c420000 	C:\WINDOWS\System32\ucrtbase.dll
0x00007ffa996b0000 - 0x00007ffa996cb000 	C:\Program Files\Amazon Corretto\jdk17.0.11_9\bin\VCRUNTIME140.dll
0x00007ffa99690000 - 0x00007ffa996a7000 	C:\Program Files\Amazon Corretto\jdk17.0.11_9\bin\jli.dll
0x00007ffa9d030000 - 0x00007ffa9d1cd000 	C:\WINDOWS\System32\USER32.dll
0x00007ffa8cf40000 - 0x00007ffa8d1da000 	C:\WINDOWS\WinSxS\amd64_microsoft.windows.common-controls_6595b64144ccf1df_6.0.19041.4355_none_60b8b9eb71f62e16\COMCTL32.dll
0x00007ffa9d270000 - 0x00007ffa9d30e000 	C:\WINDOWS\System32\msvcrt.dll
0x00007ffa9bfa0000 - 0x00007ffa9bfc2000 	C:\WINDOWS\System32\win32u.dll
0x00007ffa9dbc0000 - 0x00007ffa9dbeb000 	C:\WINDOWS\System32\GDI32.dll
0x00007ffa9c4c0000 - 0x00007ffa9c5d7000 	C:\WINDOWS\System32\gdi32full.dll
0x00007ffa9c420000 - 0x00007ffa9c4bd000 	C:\WINDOWS\System32\msvcp_win.dll
0x00007ffa9dd20000 - 0x00007ffa9dd4f000 	C:\WINDOWS\System32\IMM32.DLL
0x00007ffa97d40000 - 0x00007ffa97d4c000 	C:\Program Files\Amazon Corretto\jdk17.0.11_9\bin\vcruntime140_1.dll
0x00007ffa97cb0000 - 0x00007ffa97d3d000 	C:\Program Files\Amazon Corretto\jdk17.0.11_9\bin\msvcp140.dll
0x00007ffa58920000 - 0x00007ffa59582000 	C:\Program Files\Amazon Corretto\jdk17.0.11_9\bin\server\jvm.dll
0x00007ffa9d430000 - 0x00007ffa9d4e0000 	C:\WINDOWS\System32\ADVAPI32.dll
0x00007ffa9d1d0000 - 0x00007ffa9d270000 	C:\WINDOWS\System32\sechost.dll
0x00007ffa9d5b0000 - 0x00007ffa9d6d3000 	C:\WINDOWS\System32\RPCRT4.dll
0x00007ffa9bda0000 - 0x00007ffa9bdc7000 	C:\WINDOWS\System32\bcrypt.dll
0x00007ffa9bab0000 - 0x00007ffa9bafb000 	C:\WINDOWS\SYSTEM32\POWRPROF.dll
0x00007ffa99ca0000 - 0x00007ffa99ca9000 	C:\WINDOWS\SYSTEM32\WSOCK32.dll
0x00007ffa9d7c0000 - 0x00007ffa9d82b000 	C:\WINDOWS\System32\WS2_32.dll
0x00007ffa99970000 - 0x00007ffa99997000 	C:\WINDOWS\SYSTEM32\WINMM.dll
0x00007ffa94100000 - 0x00007ffa9410a000 	C:\WINDOWS\SYSTEM32\VERSION.dll
0x00007ffa9ba90000 - 0x00007ffa9baa2000 	C:\WINDOWS\SYSTEM32\UMPDC.dll
0x00007ffa9a470000 - 0x00007ffa9a482000 	C:\WINDOWS\SYSTEM32\kernel.appcore.dll
0x00007ffa97ca0000 - 0x00007ffa97caa000 	C:\Program Files\Amazon Corretto\jdk17.0.11_9\bin\jimage.dll
0x00007ffa99780000 - 0x00007ffa99964000 	C:\WINDOWS\SYSTEM32\DBGHELP.DLL
0x00007ffa99740000 - 0x00007ffa99774000 	C:\WINDOWS\SYSTEM32\dbgcore.DLL
0x00007ffa9bd10000 - 0x00007ffa9bd92000 	C:\WINDOWS\System32\bcryptPrimitives.dll
0x00007ffa97c90000 - 0x00007ffa97c9e000 	C:\Program Files\Amazon Corretto\jdk17.0.11_9\bin\instrument.dll
0x00007ffa97330000 - 0x00007ffa97355000 	C:\Program Files\Amazon Corretto\jdk17.0.11_9\bin\java.dll
0x00007ffa79070000 - 0x00007ffa79147000 	C:\Program Files\Amazon Corretto\jdk17.0.11_9\bin\jsvml.dll
0x00007ffa9c8c0000 - 0x00007ffa9d02f000 	C:\WINDOWS\System32\SHELL32.dll
0x00007ffa99cc0000 - 0x00007ffa9a45f000 	C:\WINDOWS\SYSTEM32\windows.storage.dll
0x00007ffa9d840000 - 0x00007ffa9db93000 	C:\WINDOWS\System32\combase.dll
0x00007ffa9b5b0000 - 0x00007ffa9b5de000 	C:\WINDOWS\SYSTEM32\Wldp.dll
0x00007ffa9d4e0000 - 0x00007ffa9d5ad000 	C:\WINDOWS\System32\OLEAUT32.dll
0x00007ffa9e240000 - 0x00007ffa9e2ed000 	C:\WINDOWS\System32\SHCORE.dll
0x00007ffa9dc60000 - 0x00007ffa9dcb5000 	C:\WINDOWS\System32\shlwapi.dll
0x00007ffa9bb90000 - 0x00007ffa9bbb4000 	C:\WINDOWS\SYSTEM32\profapi.dll
0x00007ffa97c70000 - 0x00007ffa97c88000 	C:\Program Files\Amazon Corretto\jdk17.0.11_9\bin\zip.dll
0x00007ffa96450000 - 0x00007ffa96469000 	C:\Program Files\Amazon Corretto\jdk17.0.11_9\bin\net.dll
0x00007ffa914a0000 - 0x00007ffa915ad000 	C:\WINDOWS\SYSTEM32\WINHTTP.dll
0x00007ffa9b310000 - 0x00007ffa9b37a000 	C:\WINDOWS\system32\mswsock.dll
0x00007ffa96430000 - 0x00007ffa96446000 	C:\Program Files\Amazon Corretto\jdk17.0.11_9\bin\nio.dll
0x00007ffa963f0000 - 0x00007ffa9640a000 	C:\Program Files\JetBrains\IntelliJ IDEA 2024.1\bin\breakgen64.dll
0x00007ffa963e0000 - 0x00007ffa963e9000 	C:\Program Files\Amazon Corretto\jdk17.0.11_9\bin\extnet.dll
0x00007ffa67960000 - 0x00007ffa67af0000 	C:\Program Files\Amazon Corretto\jdk17.0.11_9\bin\awt.dll
0x00007ffa97da0000 - 0x00007ffa97e34000 	C:\WINDOWS\SYSTEM32\apphelp.dll
0x00007ffa98fb0000 - 0x00007ffa9904e000 	C:\WINDOWS\system32\uxtheme.dll
0x00007ffa9d310000 - 0x00007ffa9d424000 	C:\WINDOWS\System32\MSCTF.dll
0x00007ffa9c790000 - 0x00007ffa9c8bb000 	C:\WINDOWS\System32\ole32.dll
0x00007ffa99390000 - 0x00007ffa993bf000 	C:\WINDOWS\system32\DWMAPI.DLL
0x00007ffa654a0000 - 0x00007ffa655c8000 	C:\WINDOWS\system32\opengl32.dll
0x00007ffa82330000 - 0x00007ffa8235c000 	C:\WINDOWS\SYSTEM32\GLU32.dll
0x00007ffa67d90000 - 0x00007ffa67f60000 	C:\WINDOWS\system32\d3d9.dll
0x00007ffa90960000 - 0x00007ffa90b1b000 	C:\WINDOWS\System32\DriverStore\FileRepository\u0385692.inf_amd64_464982c8b1262429\B385477\aticfx64.dll
0x00007ffa950c0000 - 0x00007ffa950f4000 	C:\WINDOWS\System32\DriverStore\FileRepository\u0385692.inf_amd64_464982c8b1262429\B385477\atiu9p64.dll
0x00007ffa4eb00000 - 0x00007ffa4f855000 	C:\WINDOWS\System32\DriverStore\FileRepository\u0385692.inf_amd64_464982c8b1262429\B385477\atiumd64.dll
0x0000000076310000 - 0x0000000077237000 	C:\WINDOWS\System32\DriverStore\FileRepository\u0385692.inf_amd64_464982c8b1262429\B385477\atiumd6a.dll
0x00007ffa9dd50000 - 0x00007ffa9e1be000 	C:\WINDOWS\System32\SETUPAPI.dll
0x00007ffa9c2d0000 - 0x00007ffa9c31e000 	C:\WINDOWS\System32\cfgmgr32.dll
0x00007ffa8e6e0000 - 0x00007ffa8e715000 	C:\WINDOWS\SYSTEM32\amdihk64.dll
0x00007ffa90b80000 - 0x00007ffa90bbb000 	C:\WINDOWS\SYSTEM32\dxcore.dll
0x00007ffa94fc0000 - 0x00007ffa94fed000 	C:\Program Files\Amazon Corretto\jdk17.0.11_9\bin\javajpeg.dll
0x00007ffa78f80000 - 0x00007ffa79007000 	C:\Program Files\Amazon Corretto\jdk17.0.11_9\bin\freetype.dll
0x00007ffa6d670000 - 0x00007ffa6d752000 	C:\Program Files\Amazon Corretto\jdk17.0.11_9\bin\fontmanager.dll
0x00007ffa8cbf0000 - 0x00007ffa8cce9000 	C:\WINDOWS\SYSTEM32\textinputframework.dll
0x00007ffa97690000 - 0x00007ffa979eb000 	C:\WINDOWS\System32\CoreUIComponents.dll
0x00007ffa979f0000 - 0x00007ffa97ae2000 	C:\WINDOWS\System32\CoreMessaging.dll
0x00007ffa9ad50000 - 0x00007ffa9ad83000 	C:\WINDOWS\SYSTEM32\ntmarta.dll
0x00007ffa98120000 - 0x00007ffa98277000 	C:\WINDOWS\SYSTEM32\wintypes.dll

dbghelp: loaded successfully - version: 4.0.5 - missing functions: none
symbol engine: initialized successfully - sym options: 0x614 - pdb path: .;C:\Program Files\Amazon Corretto\jdk17.0.11_9\bin;C:\WINDOWS\SYSTEM32;C:\WINDOWS\WinSxS\amd64_microsoft.windows.common-controls_6595b64144ccf1df_6.0.19041.4355_none_60b8b9eb71f62e16;C:\Program Files\Amazon Corretto\jdk17.0.11_9\bin\server;C:\Program Files\JetBrains\IntelliJ IDEA 2024.1\bin;C:\WINDOWS\System32\DriverStore\FileRepository\u0385692.inf_amd64_464982c8b1262429\B385477

VM Arguments:
jvm_args: -javaagent:C:\Program Files\JetBrains\IntelliJ IDEA 2024.1\lib\idea_rt.jar=65485:C:\Program Files\JetBrains\IntelliJ IDEA 2024.1\bin -Dfile.encoding=UTF-8 
java_command: com.zetcode.SpaceInvaders
java_class_path (initial): C:\Proyectos Expo modalidad\Java-Space-Invaders\out\production\Java-Space-Invaders
Launcher Type: SUN_STANDARD

[Global flags]
     intx CICompilerCount                          = 3                                         {product} {ergonomic}
     uint ConcGCThreads                            = 1                                         {product} {ergonomic}
     uint G1ConcRefinementThreads                  = 4                                         {product} {ergonomic}
   size_t G1HeapRegionSize                         = 1048576                                   {product} {ergonomic}
    uintx GCDrainStackTargetSize                   = 64                                        {product} {ergonomic}
   size_t InitialHeapSize                          = 58720256                                  {product} {ergonomic}
   size_t MarkStackSize                            = 4194304                                   {product} {ergonomic}
   size_t MaxHeapSize                              = 924844032                                 {product} {ergonomic}
   size_t MaxNewSize                               = 554696704                                 {product} {ergonomic}
   size_t MinHeapDeltaBytes                        = 1048576                                   {product} {ergonomic}
   size_t MinHeapSize                              = 8388608                                   {product} {ergonomic}
    uintx NonNMethodCodeHeapSize                   = 5832780                                {pd product} {ergonomic}
    uintx NonProfiledCodeHeapSize                  = 122912730                              {pd product} {ergonomic}
    uintx ProfiledCodeHeapSize                     = 122912730                              {pd product} {ergonomic}
    uintx ReservedCodeCacheSize                    = 251658240                              {pd product} {ergonomic}
     bool SegmentedCodeCache                       = true                                      {product} {ergonomic}
   size_t SoftMaxHeapSize                          = 924844032                              {manageable} {ergonomic}
     bool UseCompressedClassPointers               = true                           {product lp64_product} {ergonomic}
     bool UseCompressedOops                        = true                           {product lp64_product} {ergonomic}
     bool UseG1GC                                  = true                                      {product} {ergonomic}
     bool UseLargePagesIndividualAllocation        = false                                  {pd product} {ergonomic}

Logging:
Log output configuration:
 #0: stdout all=warning uptime,level,tags
 #1: stderr all=off uptime,level,tags

Environment Variables:
JAVA_HOME=C:\Program Files\Amazon Corretto\jdk17.0.11_9
PATH=C:\Program Files\Amazon Corretto\jdk17.0.11_9\bin;C:\Program Files\Common Files\Oracle\Java\javapath;C:\WINDOWS\system32;C:\WINDOWS;C:\WINDOWS\System32\Wbem;C:\WINDOWS\System32\WindowsPowerShell\v1.0\;C:\WINDOWS\System32\OpenSSH\;C:\Program Files\Git\cmd;C:\Users\saral\AppData\Local\Programs\Python\Launcher\;C:\Users\saral\AppData\Local\Microsoft\WindowsApps;C:\Users\saral\AppData\Local\Programs\Microsoft VS Code\bin;C:\Users\saral\PyCharm 2024.1.4\bin;
USERNAME=saral
OS=Windows_NT
PROCESSOR_IDENTIFIER=AMD64 Family 23 Model 24 Stepping 1, AuthenticAMD
TMP=C:\Users\saral\AppData\Local\Temp
TEMP=C:\Users\saral\AppData\Local\Temp



Periodic native trim disabled


---------------  S Y S T E M  ---------------

OS:
 Windows 10 , 64 bit Build 19041 (10.0.19041.4717)
OS uptime: 21 days 15:14 hours

CPU: total 4 (initial active 4) (4 cores per cpu, 2 threads per core) family 23 model 24 stepping 1 microcode 0x0, cx8, cmov, fxsr, ht, mmx, 3dnowpref, sse, sse2, sse3, ssse3, sse4a, sse4.1, sse4.2, popcnt, lzcnt, tsc, tscinvbit, avx, avx2, aes, clmul, bmi1, bmi2, adx, sha, fma, vzeroupper, clflush, clflushopt
Processor Information for all 4 processors :
  Max Mhz: 2400, Current Mhz: 2400, Mhz Limit: 2400

Memory: 4k page, system-wide physical 3520M (186M free)
TotalPageFile size 14272M (AvailPageFile size 4M)
current process WorkingSet (physical memory assigned to process): 79M, peak: 92M
current process commit charge ("private bytes"): 166M, peak: 183M

vm_info: OpenJDK 64-Bit Server VM (17.0.11+9-LTS) for windows-amd64 JRE (17.0.11+9-LTS), built on Apr 10 2024 22:12:24 by "Administrator" with MS VC++ 16.10 / 16.11 (VS2019)

END.
