#
# There is insufficient memory for the Java Runtime Environment to continue.
# Native memory allocation (malloc) failed to allocate 1265936 bytes. Error detail: Chunk::new
# Possible reasons:
#   The system is out of physical RAM or swap space
#   This process is running with CompressedOops enabled, and the Java Heap may be blocking the growth of the native heap
# Possible solutions:
#   Reduce memory load on the system
#   Increase physical memory or swap space
#   Check if swap backing store is full
#   Decrease Java heap size (-Xmx/-Xms)
#   Decrease number of Java threads
#   Decrease Java thread stack sizes (-Xss)
#   Set larger code cache with -XX:ReservedCodeCacheSize=
#   JVM is running with Unscaled Compressed Oops mode in which the Java heap is
#     placed in the first 4GB address space. The Java Heap base address is the
#     maximum limit for the native heap growth. Please use -XX:HeapBaseMinAddress
#     to set the Java Heap base and to place the Java Heap above 4GB virtual address.
# This output file may be truncated or incomplete.
#
#  Out of Memory Error (arena.cpp:191), pid=16624, tid=9276
#
# JRE version: OpenJDK Runtime Environment Corretto-17.0.11.9.1 (17.0.11+9) (build 17.0.11+9-LTS)
# Java VM: OpenJDK 64-Bit Server VM Corretto-17.0.11.9.1 (17.0.11+9-LTS, mixed mode, sharing, tiered, compressed oops, compressed class ptrs, g1 gc, windows-amd64)
# No core dump will be written. Minidumps are not enabled by default on client versions of Windows
#

---------------  S U M M A R Y ------------

Command Line: -javaagent:C:\Program Files\JetBrains\IntelliJ IDEA 2024.1\lib\idea_rt.jar=65178:C:\Program Files\JetBrains\IntelliJ IDEA 2024.1\bin -Dfile.encoding=UTF-8 com.zetcode.SpaceInvaders

Host: AMD Athlon Gold 3150U with Radeon Graphics     , 4 cores, 3G,  Windows 10 , 64 bit Build 19041 (10.0.19041.4717)
Time: Sun Sep 22 09:01:30 2024 Hora est. Pacífico, Sudamérica elapsed time: 3.039907 seconds (0d 0h 0m 3s)

---------------  T H R E A D  ---------------

Current thread (0x000002241fcec2a0):  JavaThread "C2 CompilerThread0" daemon [_thread_in_native, id=9276, stack(0x0000004f54600000,0x0000004f54700000)]


Current CompileTask:
C2:   3040  917   !   4       sun.java2d.SunGraphics2D::drawImage (150 bytes)

Stack: [0x0000004f54600000,0x0000004f54700000]
Native frames: (J=compiled Java code, j=interpreted, Vv=VM code, C=native code)
V  [jvm.dll+0x67d009]
V  [jvm.dll+0x83489a]
V  [jvm.dll+0x83635e]
V  [jvm.dll+0x8369c3]
V  [jvm.dll+0x2479df]
V  [jvm.dll+0xac534]
V  [jvm.dll+0xacb7c]
V  [jvm.dll+0x3661f2]
V  [jvm.dll+0x3307ba]
V  [jvm.dll+0x32fc5a]
V  [jvm.dll+0x21a0c1]
V  [jvm.dll+0x219501]
V  [jvm.dll+0x1a524d]
V  [jvm.dll+0x22920d]
V  [jvm.dll+0x2273dc]
V  [jvm.dll+0x7e9a07]
V  [jvm.dll+0x7e3e0a]
V  [jvm.dll+0x67bef5]
C  [ucrtbase.dll+0x21bb2]
C  [KERNEL32.DLL+0x17374]
C  [ntdll.dll+0x4cc91]


---------------  P R O C E S S  ---------------

Threads class SMR info:
_java_thread_list=0x00000224058c0fe0, length=20, elements={
0x000002241fcd3ed0, 0x000002241fcd4d50, 0x000002241fce6250, 0x000002241fce6e10,
0x000002241fce9be0, 0x000002241fcea5a0, 0x000002241fcec2a0, 0x000002241fcee160,
0x000002243ac00330, 0x00000224000470b0, 0x0000022400141160, 0x0000022400141640,
0x00000224001ab020, 0x00000224001ab980, 0x00000224002874a0, 0x00000224002b1ad0,
0x000002241fc2c690, 0x00000224057eb8e0, 0x0000022405837bd0, 0x00000224058a7a90
}

Java Threads: ( => current thread )
  0x000002241fcd3ed0 JavaThread "Reference Handler" daemon [_thread_blocked, id=16148, stack(0x0000004f54000000,0x0000004f54100000)]
  0x000002241fcd4d50 JavaThread "Finalizer" daemon [_thread_blocked, id=13732, stack(0x0000004f54100000,0x0000004f54200000)]
  0x000002241fce6250 JavaThread "Signal Dispatcher" daemon [_thread_blocked, id=5140, stack(0x0000004f54200000,0x0000004f54300000)]
  0x000002241fce6e10 JavaThread "Attach Listener" daemon [_thread_blocked, id=12172, stack(0x0000004f54300000,0x0000004f54400000)]
  0x000002241fce9be0 JavaThread "Service Thread" daemon [_thread_blocked, id=1712, stack(0x0000004f54400000,0x0000004f54500000)]
  0x000002241fcea5a0 JavaThread "Monitor Deflation Thread" daemon [_thread_blocked, id=17244, stack(0x0000004f54500000,0x0000004f54600000)]
=>0x000002241fcec2a0 JavaThread "C2 CompilerThread0" daemon [_thread_in_native, id=9276, stack(0x0000004f54600000,0x0000004f54700000)]
  0x000002241fcee160 JavaThread "C1 CompilerThread0" daemon [_thread_blocked, id=16688, stack(0x0000004f54700000,0x0000004f54800000)]
  0x000002243ac00330 JavaThread "Sweeper thread" daemon [_thread_blocked, id=10480, stack(0x0000004f54800000,0x0000004f54900000)]
  0x00000224000470b0 JavaThread "Common-Cleaner" daemon [_thread_blocked, id=16068, stack(0x0000004f54900000,0x0000004f54a00000)]
  0x0000022400141160 JavaThread "Monitor Ctrl-Break" daemon [_thread_in_native, id=5708, stack(0x0000004f54a00000,0x0000004f54b00000)]
  0x0000022400141640 JavaThread "Notification Thread" daemon [_thread_blocked, id=7476, stack(0x0000004f54b00000,0x0000004f54c00000)]
  0x00000224001ab020 JavaThread "Java2D Disposer" daemon [_thread_blocked, id=8008, stack(0x0000004f54d00000,0x0000004f54e00000)]
  0x00000224001ab980 JavaThread "AWT-Shutdown" [_thread_blocked, id=1576, stack(0x0000004f54e00000,0x0000004f54f00000)]
  0x00000224002874a0 JavaThread "AWT-Windows" daemon [_thread_in_native, id=4552, stack(0x0000004f54f00000,0x0000004f55000000)]
  0x00000224002b1ad0 JavaThread "AWT-EventQueue-0" [_thread_blocked, id=2252, stack(0x0000004f55000000,0x0000004f55100000)]
  0x000002241fc2c690 JavaThread "DestroyJavaVM" [_thread_blocked, id=17828, stack(0x0000004f53900000,0x0000004f53a00000)]
  0x00000224057eb8e0 JavaThread "TimerQueue" daemon [_thread_blocked, id=7544, stack(0x0000004f55800000,0x0000004f55900000)]
  0x0000022405837bd0 JavaThread "Image Fetcher 0" daemon [_thread_blocked, id=15940, stack(0x0000004f55a00000,0x0000004f55b00000)]
  0x00000224058a7a90 JavaThread "D3D Screen Updater" daemon [_thread_blocked, id=18816, stack(0x0000004f55900000,0x0000004f55a00000)]

Other Threads:
  0x000002241fcd02a0 VMThread "VM Thread" [stack: 0x0000004f53f00000,0x0000004f54000000] [id=14324]
  0x0000022400141b20 WatcherThread [stack: 0x0000004f54c00000,0x0000004f54d00000] [id=8924]
  0x000002241fc64040 GCTaskThread "GC Thread#0" [stack: 0x0000004f53a00000,0x0000004f53b00000] [id=10944]
  0x000002241fc6bdd0 ConcurrentGCThread "G1 Main Marker" [stack: 0x0000004f53b00000,0x0000004f53c00000] [id=11788]
  0x000002241fc6c7f0 ConcurrentGCThread "G1 Conc#0" [stack: 0x0000004f53c00000,0x0000004f53d00000] [id=14236]
  0x000002241fcacd10 ConcurrentGCThread "G1 Refine#0" [stack: 0x0000004f53d00000,0x0000004f53e00000] [id=1220]
  0x000002241fcad740 ConcurrentGCThread "G1 Service" [stack: 0x0000004f53e00000,0x0000004f53f00000] [id=13148]

Threads with active compile tasks:
C2 CompilerThread0     3083  917   !   4       sun.java2d.SunGraphics2D::drawImage (150 bytes)

VM state: not at safepoint (normal execution)

VM Mutex/Monitor currently owned by a thread: None

Heap address: 0x00000000c8e00000, size: 882 MB, Compressed Oops mode: 32-bit

CDS archive(s) mapped at: [0x000002243b000000-0x000002243bbb0000-0x000002243bbb0000), size 12255232, SharedBaseAddress: 0x000002243b000000, ArchiveRelocationMode: 1.
Compressed class space mapped at: 0x000002243c000000-0x000002247c000000, reserved size: 1073741824
Narrow klass base: 0x000002243b000000, Narrow klass shift: 0, Narrow klass range: 0x100000000

GC Precious Log:
 CPUs: 4 total, 4 available
 Memory: 3520M
 Large Page Support: Disabled
 NUMA Support: Disabled
 Compressed Oops: Enabled (32-bit)
 Heap Region Size: 1M
 Heap Min Capacity: 8M
 Heap Initial Capacity: 56M
 Heap Max Capacity: 882M
 Pre-touch: Disabled
 Parallel Workers: 4
 Concurrent Workers: 1
 Concurrent Refinement Workers: 4
 Periodic GC: Disabled

Heap:
 garbage-first heap   total 57344K, used 8192K [0x00000000c8e00000, 0x0000000100000000)
  region size 1024K, 9 young (9216K), 0 survivors (0K)
 Metaspace       used 7605K, committed 7872K, reserved 1114112K
  class space    used 845K, committed 960K, reserved 1048576K

Heap Regions: E=young(eden), S=young(survivor), O=old, HS=humongous(starts), HC=humongous(continues), CS=collection set, F=free, OA=open archive, CA=closed archive, TAMS=top-at-mark-start (previous, next)
|   0|0x00000000c8e00000, 0x00000000c8e00000, 0x00000000c8f00000|  0%| F|  |TAMS 0x00000000c8e00000, 0x00000000c8e00000| Untracked 
|   1|0x00000000c8f00000, 0x00000000c8f00000, 0x00000000c9000000|  0%| F|  |TAMS 0x00000000c8f00000, 0x00000000c8f00000| Untracked 
|   2|0x00000000c9000000, 0x00000000c9000000, 0x00000000c9100000|  0%| F|  |TAMS 0x00000000c9000000, 0x00000000c9000000| Untracked 
|   3|0x00000000c9100000, 0x00000000c9100000, 0x00000000c9200000|  0%| F|  |TAMS 0x00000000c9100000, 0x00000000c9100000| Untracked 
|   4|0x00000000c9200000, 0x00000000c9200000, 0x00000000c9300000|  0%| F|  |TAMS 0x00000000c9200000, 0x00000000c9200000| Untracked 
|   5|0x00000000c9300000, 0x00000000c9300000, 0x00000000c9400000|  0%| F|  |TAMS 0x00000000c9300000, 0x00000000c9300000| Untracked 
|   6|0x00000000c9400000, 0x00000000c9400000, 0x00000000c9500000|  0%| F|  |TAMS 0x00000000c9400000, 0x00000000c9400000| Untracked 
|   7|0x00000000c9500000, 0x00000000c9500000, 0x00000000c9600000|  0%| F|  |TAMS 0x00000000c9500000, 0x00000000c9500000| Untracked 
|   8|0x00000000c9600000, 0x00000000c9600000, 0x00000000c9700000|  0%| F|  |TAMS 0x00000000c9600000, 0x00000000c9600000| Untracked 
|   9|0x00000000c9700000, 0x00000000c9700000, 0x00000000c9800000|  0%| F|  |TAMS 0x00000000c9700000, 0x00000000c9700000| Untracked 
|  10|0x00000000c9800000, 0x00000000c9800000, 0x00000000c9900000|  0%| F|  |TAMS 0x00000000c9800000, 0x00000000c9800000| Untracked 
|  11|0x00000000c9900000, 0x00000000c9900000, 0x00000000c9a00000|  0%| F|  |TAMS 0x00000000c9900000, 0x00000000c9900000| Untracked 
|  12|0x00000000c9a00000, 0x00000000c9a00000, 0x00000000c9b00000|  0%| F|  |TAMS 0x00000000c9a00000, 0x00000000c9a00000| Untracked 
|  13|0x00000000c9b00000, 0x00000000c9b00000, 0x00000000c9c00000|  0%| F|  |TAMS 0x00000000c9b00000, 0x00000000c9b00000| Untracked 
|  14|0x00000000c9c00000, 0x00000000c9c00000, 0x00000000c9d00000|  0%| F|  |TAMS 0x00000000c9c00000, 0x00000000c9c00000| Untracked 
|  15|0x00000000c9d00000, 0x00000000c9d00000, 0x00000000c9e00000|  0%| F|  |TAMS 0x00000000c9d00000, 0x00000000c9d00000| Untracked 
|  16|0x00000000c9e00000, 0x00000000c9e00000, 0x00000000c9f00000|  0%| F|  |TAMS 0x00000000c9e00000, 0x00000000c9e00000| Untracked 
|  17|0x00000000c9f00000, 0x00000000c9f00000, 0x00000000ca000000|  0%| F|  |TAMS 0x00000000c9f00000, 0x00000000c9f00000| Untracked 
|  18|0x00000000ca000000, 0x00000000ca000000, 0x00000000ca100000|  0%| F|  |TAMS 0x00000000ca000000, 0x00000000ca000000| Untracked 
|  19|0x00000000ca100000, 0x00000000ca100000, 0x00000000ca200000|  0%| F|  |TAMS 0x00000000ca100000, 0x00000000ca100000| Untracked 
|  20|0x00000000ca200000, 0x00000000ca200000, 0x00000000ca300000|  0%| F|  |TAMS 0x00000000ca200000, 0x00000000ca200000| Untracked 
|  21|0x00000000ca300000, 0x00000000ca300000, 0x00000000ca400000|  0%| F|  |TAMS 0x00000000ca300000, 0x00000000ca300000| Untracked 
|  22|0x00000000ca400000, 0x00000000ca400000, 0x00000000ca500000|  0%| F|  |TAMS 0x00000000ca400000, 0x00000000ca400000| Untracked 
|  23|0x00000000ca500000, 0x00000000ca500000, 0x00000000ca600000|  0%| F|  |TAMS 0x00000000ca500000, 0x00000000ca500000| Untracked 
|  24|0x00000000ca600000, 0x00000000ca600000, 0x00000000ca700000|  0%| F|  |TAMS 0x00000000ca600000, 0x00000000ca600000| Untracked 
|  25|0x00000000ca700000, 0x00000000ca700000, 0x00000000ca800000|  0%| F|  |TAMS 0x00000000ca700000, 0x00000000ca700000| Untracked 
|  26|0x00000000ca800000, 0x00000000ca800000, 0x00000000ca900000|  0%| F|  |TAMS 0x00000000ca800000, 0x00000000ca800000| Untracked 
|  27|0x00000000ca900000, 0x00000000ca900000, 0x00000000caa00000|  0%| F|  |TAMS 0x00000000ca900000, 0x00000000ca900000| Untracked 
|  28|0x00000000caa00000, 0x00000000caa00000, 0x00000000cab00000|  0%| F|  |TAMS 0x00000000caa00000, 0x00000000caa00000| Untracked 
|  29|0x00000000cab00000, 0x00000000cab00000, 0x00000000cac00000|  0%| F|  |TAMS 0x00000000cab00000, 0x00000000cab00000| Untracked 
|  30|0x00000000cac00000, 0x00000000cac00000, 0x00000000cad00000|  0%| F|  |TAMS 0x00000000cac00000, 0x00000000cac00000| Untracked 
|  31|0x00000000cad00000, 0x00000000cad00000, 0x00000000cae00000|  0%| F|  |TAMS 0x00000000cad00000, 0x00000000cad00000| Untracked 
|  32|0x00000000cae00000, 0x00000000cae00000, 0x00000000caf00000|  0%| F|  |TAMS 0x00000000cae00000, 0x00000000cae00000| Untracked 
|  33|0x00000000caf00000, 0x00000000caf00000, 0x00000000cb000000|  0%| F|  |TAMS 0x00000000caf00000, 0x00000000caf00000| Untracked 
|  34|0x00000000cb000000, 0x00000000cb000000, 0x00000000cb100000|  0%| F|  |TAMS 0x00000000cb000000, 0x00000000cb000000| Untracked 
|  35|0x00000000cb100000, 0x00000000cb100000, 0x00000000cb200000|  0%| F|  |TAMS 0x00000000cb100000, 0x00000000cb100000| Untracked 
|  36|0x00000000cb200000, 0x00000000cb200000, 0x00000000cb300000|  0%| F|  |TAMS 0x00000000cb200000, 0x00000000cb200000| Untracked 
|  37|0x00000000cb300000, 0x00000000cb300000, 0x00000000cb400000|  0%| F|  |TAMS 0x00000000cb300000, 0x00000000cb300000| Untracked 
|  38|0x00000000cb400000, 0x00000000cb400000, 0x00000000cb500000|  0%| F|  |TAMS 0x00000000cb400000, 0x00000000cb400000| Untracked 
|  39|0x00000000cb500000, 0x00000000cb500000, 0x00000000cb600000|  0%| F|  |TAMS 0x00000000cb500000, 0x00000000cb500000| Untracked 
|  40|0x00000000cb600000, 0x00000000cb600000, 0x00000000cb700000|  0%| F|  |TAMS 0x00000000cb600000, 0x00000000cb600000| Untracked 
|  41|0x00000000cb700000, 0x00000000cb700000, 0x00000000cb800000|  0%| F|  |TAMS 0x00000000cb700000, 0x00000000cb700000| Untracked 
|  42|0x00000000cb800000, 0x00000000cb800000, 0x00000000cb900000|  0%| F|  |TAMS 0x00000000cb800000, 0x00000000cb800000| Untracked 
|  43|0x00000000cb900000, 0x00000000cb900000, 0x00000000cba00000|  0%| F|  |TAMS 0x00000000cb900000, 0x00000000cb900000| Untracked 
|  44|0x00000000cba00000, 0x00000000cba00000, 0x00000000cbb00000|  0%| F|  |TAMS 0x00000000cba00000, 0x00000000cba00000| Untracked 
|  45|0x00000000cbb00000, 0x00000000cbb00000, 0x00000000cbc00000|  0%| F|  |TAMS 0x00000000cbb00000, 0x00000000cbb00000| Untracked 
|  46|0x00000000cbc00000, 0x00000000cbc00000, 0x00000000cbd00000|  0%| F|  |TAMS 0x00000000cbc00000, 0x00000000cbc00000| Untracked 
|  47|0x00000000cbd00000, 0x00000000cbd85ad0, 0x00000000cbe00000| 52%| E|  |TAMS 0x00000000cbd00000, 0x00000000cbd00000| Complete 
|  48|0x00000000cbe00000, 0x00000000cbf00000, 0x00000000cbf00000|100%| E|CS|TAMS 0x00000000cbe00000, 0x00000000cbe00000| Complete 
|  49|0x00000000cbf00000, 0x00000000cc000000, 0x00000000cc000000|100%| E|CS|TAMS 0x00000000cbf00000, 0x00000000cbf00000| Complete 
|  50|0x00000000cc000000, 0x00000000cc100000, 0x00000000cc100000|100%| E|CS|TAMS 0x00000000cc000000, 0x00000000cc000000| Complete 
|  51|0x00000000cc100000, 0x00000000cc200000, 0x00000000cc200000|100%| E|CS|TAMS 0x00000000cc100000, 0x00000000cc100000| Complete 
|  52|0x00000000cc200000, 0x00000000cc300000, 0x00000000cc300000|100%| E|CS|TAMS 0x00000000cc200000, 0x00000000cc200000| Complete 
|  53|0x00000000cc300000, 0x00000000cc400000, 0x00000000cc400000|100%| E|CS|TAMS 0x00000000cc300000, 0x00000000cc300000| Complete 
|  54|0x00000000cc400000, 0x00000000cc500000, 0x00000000cc500000|100%| E|CS|TAMS 0x00000000cc400000, 0x00000000cc400000| Complete 
|  55|0x00000000cc500000, 0x00000000cc600000, 0x00000000cc600000|100%| E|CS|TAMS 0x00000000cc500000, 0x00000000cc500000| Complete 

Card table byte_map: [0x0000022436750000,0x0000022436910000] _byte_map_base: 0x0000022436109000

Marking Bits (Prev, Next): (CMBitMap*) 0x000002241fc64660, (CMBitMap*) 0x000002241fc646a0
 Prev Bits: [0x0000022436ad0000, 0x0000022437898000)
 Next Bits: [0x00000224378a0000, 0x0000022438668000)

Polling page: 0x000002241daf0000

Metaspace:

Usage:
  Non-class:      6.60 MB used.
      Class:    845.51 KB used.
       Both:      7.43 MB used.

Virtual space:
  Non-class space:       64.00 MB reserved,       6.75 MB ( 11%) committed,  1 nodes.
      Class space:        1.00 GB reserved,     960.00 KB ( <1%) committed,  1 nodes.
             Both:        1.06 GB reserved,       7.69 MB ( <1%) committed. 

Chunk freelists:
   Non-Class:  8.98 MB
       Class:  15.08 MB
        Both:  24.07 MB

MaxMetaspaceSize: unlimited
CompressedClassSpaceSize: 1.00 GB
Initial GC threshold: 21.00 MB
Current GC threshold: 21.00 MB
CDS: on
MetaspaceReclaimPolicy: balanced
 - commit_granule_bytes: 65536.
 - commit_granule_words: 8192.
 - virtual_space_node_default_size: 8388608.
 - enlarge_chunks_in_place: 1.
 - new_chunks_are_fully_committed: 0.
 - uncommit_free_chunks: 1.
 - use_allocation_guard: 0.
 - handle_deallocations: 1.


Internal statistics:

num_allocs_failed_limit: 0.
num_arena_births: 124.
num_arena_deaths: 0.
num_vsnodes_births: 2.
num_vsnodes_deaths: 0.
num_space_committed: 123.
num_space_uncommitted: 0.
num_chunks_returned_to_freelist: 0.
num_chunks_taken_from_freelist: 179.
num_chunk_merges: 0.
num_chunk_splits: 102.
num_chunks_enlarged: 36.
num_inconsistent_stats: 0.

CodeHeap 'non-profiled nmethods': size=120000Kb used=282Kb max_used=282Kb free=119717Kb
 bounds [0x000002242f220000, 0x000002242f490000, 0x0000022436750000]
CodeHeap 'profiled nmethods': size=120000Kb used=1310Kb max_used=1310Kb free=118690Kb
 bounds [0x0000022427750000, 0x00000224279c0000, 0x000002242ec80000]
CodeHeap 'non-nmethods': size=5760Kb used=1266Kb max_used=1281Kb free=4493Kb
 bounds [0x000002242ec80000, 0x000002242eef0000, 0x000002242f220000]
 total_blobs=1519 nmethods=930 adapters=502
 compilation: enabled
              stopped_count=0, restarted_count=0
 full_count=0

Compilation events (20 events):
Event: 2.785 Thread 0x000002241fcee160 nmethod 911 0x000002242788fa10 code [0x000002242788fbc0, 0x000002242788fd88]
Event: 2.785 Thread 0x000002241fcee160  912       1       java.awt.Component::getGraphicsConfiguration_NoClientCode (5 bytes)
Event: 2.785 Thread 0x000002241fcee160 nmethod 912 0x000002242f264f90 code [0x000002242f265120, 0x000002242f2651f8]
Event: 2.815 Thread 0x000002241fcee160  913       3       java.util.concurrent.locks.LockSupport::setBlocker (12 bytes)
Event: 2.815 Thread 0x000002241fcee160 nmethod 913 0x000002242788fe90 code [0x0000022427890040, 0x0000022427890268]
Event: 2.817 Thread 0x000002241fcec2a0  914       4       sun.java2d.StateTrackableDelegate$1::isCurrent (17 bytes)
Event: 2.817 Thread 0x000002241fcec2a0 nmethod 914 0x000002242f265290 code [0x000002242f265400, 0x000002242f265498]
Event: 2.818 Thread 0x000002241fcee160  915       1       sun.awt.image.VolatileSurfaceManager::getPrimarySurfaceData (5 bytes)
Event: 2.818 Thread 0x000002241fcee160 nmethod 915 0x000002242f265590 code [0x000002242f265720, 0x000002242f2657f8]
Event: 2.847 Thread 0x000002241fcee160  916       1       java.util.IdentityHashMap::size (5 bytes)
Event: 2.848 Thread 0x000002241fcee160 nmethod 916 0x000002242f265890 code [0x000002242f265a20, 0x000002242f265af8]
Event: 2.849 Thread 0x000002241fcec2a0  917   !   4       sun.java2d.SunGraphics2D::drawImage (150 bytes)
Event: 2.911 Thread 0x000002241fcee160  919       1       javax.swing.JComponent::isPaintingOrigin (2 bytes)
Event: 2.912 Thread 0x000002241fcee160 nmethod 919 0x000002242f265b90 code [0x000002242f265d20, 0x000002242f265df8]
Event: 2.912 Thread 0x000002241fcee160  920       3       java.awt.Component::getFont (5 bytes)
Event: 2.912 Thread 0x000002241fcee160 nmethod 920 0x0000022427890310 code [0x00000224278904e0, 0x0000022427890828]
Event: 3.007 Thread 0x000002241fcee160  922       3       sun.awt.SunToolkit::flushPendingEvents (19 bytes)
Event: 3.007 Thread 0x000002241fcee160 nmethod 922 0x0000022427890990 code [0x0000022427890b40, 0x0000022427890df8]
Event: 3.007 Thread 0x000002241fcee160  923   !   3       sun.awt.PostEventQueue::flush (168 bytes)
Event: 3.009 Thread 0x000002241fcee160 nmethod 923 0x0000022427890f10 code [0x00000224278911c0, 0x0000022427891f08]

GC Heap History (0 events):
No events

Dll operation events (14 events):
Event: 0.072 Loaded shared library C:\Program Files\Amazon Corretto\jdk17.0.11_9\bin\java.dll
Event: 0.111 Loaded shared library C:\Program Files\Amazon Corretto\jdk17.0.11_9\bin\jsvml.dll
Event: 0.275 Loaded shared library C:\Program Files\Amazon Corretto\jdk17.0.11_9\bin\zip.dll
Event: 0.281 Loaded shared library C:\Program Files\Amazon Corretto\jdk17.0.11_9\bin\instrument.dll
Event: 0.291 Loaded shared library C:\Program Files\Amazon Corretto\jdk17.0.11_9\bin\net.dll
Event: 0.298 Loaded shared library C:\Program Files\Amazon Corretto\jdk17.0.11_9\bin\nio.dll
Event: 0.305 Loaded shared library C:\Program Files\Amazon Corretto\jdk17.0.11_9\bin\zip.dll
Event: 0.317 Loaded shared library C:\Program Files\JetBrains\IntelliJ IDEA 2024.1\bin\breakgen64.dll
Event: 0.360 Loaded shared library C:\Program Files\Amazon Corretto\jdk17.0.11_9\bin\jimage.dll
Event: 0.385 Loaded shared library C:\Program Files\Amazon Corretto\jdk17.0.11_9\bin\extnet.dll
Event: 0.424 Loaded shared library C:\Program Files\Amazon Corretto\jdk17.0.11_9\bin\awt.dll
Event: 1.224 Loaded shared library C:\Program Files\Amazon Corretto\jdk17.0.11_9\bin\javajpeg.dll
Event: 1.309 Loaded shared library C:\Program Files\Amazon Corretto\jdk17.0.11_9\bin\freetype.dll
Event: 1.317 Loaded shared library C:\Program Files\Amazon Corretto\jdk17.0.11_9\bin\fontmanager.dll

Deoptimization events (20 events):
Event: 1.162 Thread 0x000002241fce6e10 Uncommon trap: trap_request=0xffffffc6 fr.pc=0x000002242f246290 relative=0x0000000000000910
Event: 1.162 Thread 0x000002241fce6e10 Uncommon trap: reason=bimorphic_or_optimized_type_check action=maybe_recompile pc=0x000002242f246290 method=java.util.HashMap.putVal(ILjava/lang/Object;Ljava/lang/Object;ZZ)Ljava/lang/Object; @ 152 c2
Event: 1.162 Thread 0x000002241fce6e10 DEOPT PACKING pc=0x000002242f246290 sp=0x0000004f543fe880
Event: 1.162 Thread 0x000002241fce6e10 DEOPT UNPACKING pc=0x000002242ecd69a3 sp=0x0000004f543fe800 mode 2
Event: 1.162 Thread 0x000002241fce6e10 Uncommon trap: trap_request=0xffffffc6 fr.pc=0x000002242f246290 relative=0x0000000000000910
Event: 1.162 Thread 0x000002241fce6e10 Uncommon trap: reason=bimorphic_or_optimized_type_check action=maybe_recompile pc=0x000002242f246290 method=java.util.HashMap.putVal(ILjava/lang/Object;Ljava/lang/Object;ZZ)Ljava/lang/Object; @ 152 c2
Event: 1.162 Thread 0x000002241fce6e10 DEOPT PACKING pc=0x000002242f246290 sp=0x0000004f543fe880
Event: 1.163 Thread 0x000002241fce6e10 DEOPT UNPACKING pc=0x000002242ecd69a3 sp=0x0000004f543fe800 mode 2
Event: 1.163 Thread 0x000002241fce6e10 Uncommon trap: trap_request=0xffffffc6 fr.pc=0x000002242f246290 relative=0x0000000000000910
Event: 1.163 Thread 0x000002241fce6e10 Uncommon trap: reason=bimorphic_or_optimized_type_check action=maybe_recompile pc=0x000002242f246290 method=java.util.HashMap.putVal(ILjava/lang/Object;Ljava/lang/Object;ZZ)Ljava/lang/Object; @ 152 c2
Event: 1.163 Thread 0x000002241fce6e10 DEOPT PACKING pc=0x000002242f246290 sp=0x0000004f543fe880
Event: 1.163 Thread 0x000002241fce6e10 DEOPT UNPACKING pc=0x000002242ecd69a3 sp=0x0000004f543fe800 mode 2
Event: 1.163 Thread 0x000002241fce6e10 Uncommon trap: trap_request=0xffffffc6 fr.pc=0x000002242f246290 relative=0x0000000000000910
Event: 1.163 Thread 0x000002241fce6e10 Uncommon trap: reason=bimorphic_or_optimized_type_check action=maybe_recompile pc=0x000002242f246290 method=java.util.HashMap.putVal(ILjava/lang/Object;Ljava/lang/Object;ZZ)Ljava/lang/Object; @ 152 c2
Event: 1.163 Thread 0x000002241fce6e10 DEOPT PACKING pc=0x000002242f246290 sp=0x0000004f543fe880
Event: 1.163 Thread 0x000002241fce6e10 DEOPT UNPACKING pc=0x000002242ecd69a3 sp=0x0000004f543fe800 mode 2
Event: 1.336 Thread 0x00000224002b1ad0 Uncommon trap: trap_request=0xffffff45 fr.pc=0x000002242f247640 relative=0x0000000000000340
Event: 1.336 Thread 0x00000224002b1ad0 Uncommon trap: reason=unstable_if action=reinterpret pc=0x000002242f247640 method=java.lang.StringUTF16.compress([CI[BII)I @ 20 c2
Event: 1.336 Thread 0x00000224002b1ad0 DEOPT PACKING pc=0x000002242f247640 sp=0x0000004f550fca70
Event: 1.336 Thread 0x00000224002b1ad0 DEOPT UNPACKING pc=0x000002242ecd69a3 sp=0x0000004f550fc9f0 mode 2

Classes unloaded (0 events):
No events

Classes redefined (0 events):
No events

Internal exceptions (15 events):
Event: 0.358 Thread 0x0000022400141160 Exception <a 'java/lang/NoSuchMethodError'{0x00000000cc4ccec0}: 'java.lang.Object java.lang.invoke.DirectMethodHandle$Holder.invokeStaticInit(java.lang.Object)'> (0x00000000cc4ccec0) 
thrown [s\src\hotspot\share\interpreter\linkResolver.cpp, line 759]
Event: 0.373 Thread 0x000002241fc2c690 Exception <a 'java/lang/ClassNotFoundException'{0x00000000cc308258}: sun/awt/resources/spi/awtProvider> (0x00000000cc308258) 
thrown [s\src\hotspot\share\classfile\systemDictionary.cpp, line 256]
Event: 0.388 Thread 0x0000022400141160 Exception <a 'java/lang/NoSuchMethodError'{0x00000000cc4db870}: 'void java.lang.invoke.DirectMethodHandle$Holder.invokeStatic(java.lang.Object, java.lang.Object)'> (0x00000000cc4db870) 
thrown [s\src\hotspot\share\interpreter\linkResolver.cpp, line 759]
Event: 0.459 Thread 0x000002241fc2c690 Exception <a 'java/io/FileNotFoundException'{0x00000000cc35b9f8}> (0x00000000cc35b9f8) 
thrown [s\src\hotspot\share\prims\jni.cpp, line 516]
Event: 0.475 Thread 0x000002241fc2c690 Exception <a 'java/io/FileNotFoundException'{0x00000000cc388bb8}> (0x00000000cc388bb8) 
thrown [s\src\hotspot\share\prims\jni.cpp, line 516]
Event: 1.021 Thread 0x00000224002b1ad0 Exception <a 'java/lang/NoSuchMethodError'{0x00000000cc2d52d0}: 'void java.lang.invoke.DirectMethodHandle$Holder.invokeSpecial(java.lang.Object, java.lang.Object, java.lang.Object)'> (0x00000000cc2d52d0) 
thrown [s\src\hotspot\share\interpreter\linkResolver.cpp, line 759]
Event: 1.040 Thread 0x00000224002b1ad0 Exception <a 'java/lang/NoSuchMethodError'{0x00000000cc2ff548}: 'java.lang.Object java.lang.invoke.DirectMethodHandle$Holder.newInvokeSpecial(java.lang.Object, java.lang.Object, java.lang.Object, java.lang.Object, java.lang.Object)'> (0x00000000cc2ff548) 
thrown [s\src\hotspot\share\interpreter\linkResolver.cpp, line 759]
Event: 1.043 Thread 0x00000224002b1ad0 Exception <a 'java/lang/NoSuchMethodError'{0x00000000cc10b3e8}: 'java.lang.Object java.lang.invoke.DirectMethodHandle$Holder.invokeStatic(java.lang.Object, int, java.lang.Object, java.lang.Object, java.lang.Object, java.lang.Object)'> (0x00000000cc10b3e8) 
thrown [s\src\hotspot\share\interpreter\linkResolver.cpp, line 759]
Event: 1.051 Thread 0x00000224002b1ad0 Exception <a 'java/lang/NoSuchMethodError'{0x00000000cc130ba8}: 'java.lang.Object java.lang.invoke.DirectMethodHandle$Holder.invokeStatic(java.lang.Object, int, java.lang.Object)'> (0x00000000cc130ba8) 
thrown [s\src\hotspot\share\interpreter\linkResolver.cpp, line 759]
Event: 1.102 Thread 0x00000224002b1ad0 Exception <a 'java/lang/ClassNotFoundException'{0x00000000cc1e8e38}: com/sun/swing/internal/plaf/metal/resources/spi/metalProvider> (0x00000000cc1e8e38) 
thrown [s\src\hotspot\share\classfile\systemDictionary.cpp, line 256]
Event: 1.104 Thread 0x00000224002b1ad0 Exception <a 'java/lang/ClassNotFoundException'{0x00000000cc1ed860}: com/sun/swing/internal/plaf/basic/resources/spi/basicProvider> (0x00000000cc1ed860) 
thrown [s\src\hotspot\share\classfile\systemDictionary.cpp, line 256]
Event: 1.192 Thread 0x0000022405837bd0 Exception <a 'java/lang/NoSuchMethodError'{0x00000000cbf94b88}: 'java.lang.Object java.lang.invoke.DirectMethodHandle$Holder.newInvokeSpecial(java.lang.Object, java.lang.Object, java.lang.Object, int, int, int, int, int)'> (0x00000000cbf94b88) 
thrown [s\src\hotspot\share\interpreter\linkResolver.cpp, line 759]
Event: 1.204 Thread 0x00000224002b1ad0 Exception <a 'java/lang/NoSuchMethodError'{0x00000000cc01c138}: 'int java.lang.invoke.DirectMethodHandle$Holder.invokeStaticInit(java.lang.Object, java.lang.Object)'> (0x00000000cc01c138) 
thrown [s\src\hotspot\share\interpreter\linkResolver.cpp, line 759]
Event: 1.297 Thread 0x00000224002b1ad0 Exception <a 'java/lang/NoSuchMethodError'{0x00000000cbff35e8}: 'void java.lang.invoke.DirectMethodHandle$Holder.invokeStaticInit(java.lang.Object)'> (0x00000000cbff35e8) 
thrown [s\src\hotspot\share\interpreter\linkResolver.cpp, line 759]
Event: 1.444 Thread 0x00000224002874a0 Exception <a 'java/lang/NoSuchMethodError'{0x00000000cc3d7dd0}: 'void java.lang.invoke.DirectMethodHandle$Holder.invokeVirtual(java.lang.Object, java.lang.Object)'> (0x00000000cc3d7dd0) 
thrown [s\src\hotspot\share\interpreter\linkResolver.cpp, line 759]

VM Operations (14 events):
Event: 0.240 Executing VM operation: HandshakeAllThreads
Event: 0.240 Executing VM operation: HandshakeAllThreads done
Event: 0.354 Executing VM operation: HandshakeAllThreads
Event: 0.355 Executing VM operation: HandshakeAllThreads done
Event: 1.136 Executing VM operation: HandshakeAllThreads
Event: 1.136 Executing VM operation: HandshakeAllThreads done
Event: 1.136 Executing VM operation: Cleanup
Event: 1.137 Executing VM operation: Cleanup done
Event: 1.378 Executing VM operation: HandshakeAllThreads
Event: 1.378 Executing VM operation: HandshakeAllThreads done
Event: 1.592 Executing VM operation: HandshakeAllThreads
Event: 1.592 Executing VM operation: HandshakeAllThreads done
Event: 2.593 Executing VM operation: Cleanup
Event: 2.593 Executing VM operation: Cleanup done

Events (20 events):
Event: 1.637 loading class java/awt/TextComponent
Event: 1.637 loading class java/awt/TextComponent done
Event: 2.820 loading class sun/awt/DebugSettings
Event: 2.820 loading class sun/awt/DebugSettings done
Event: 2.821 loading class java/awt/event/ContainerEvent
Event: 2.821 loading class java/awt/event/ContainerEvent done
Event: 2.821 loading class javax/swing/JComponent$KeyboardState
Event: 2.821 loading class javax/swing/JComponent$KeyboardState done
Event: 2.821 loading class javax/swing/JComponent$IntVector
Event: 2.821 loading class javax/swing/JComponent$IntVector done
Event: 2.821 loading class javax/swing/JInternalFrame
Event: 2.822 loading class javax/swing/JInternalFrame done
Event: 2.822 loading class javax/swing/KeyboardManager
Event: 2.823 loading class javax/swing/KeyboardManager done
Event: 2.823 loading class javax/swing/Popup$HeavyWeightWindow
Event: 2.823 loading class sun/awt/ModalExclude
Event: 2.823 loading class sun/awt/ModalExclude done
Event: 2.823 loading class javax/swing/JWindow
Event: 2.823 loading class javax/swing/JWindow done
Event: 2.823 loading class javax/swing/Popup$HeavyWeightWindow done


Dynamic libraries:
0x00007ff711c00000 - 0x00007ff711c0e000 	C:\Program Files\Amazon Corretto\jdk17.0.11_9\bin\java.exe
0x00007ffa9e5b0000 - 0x00007ffa9e7a8000 	C:\WINDOWS\SYSTEM32\ntdll.dll
0x00007ffa9d6f0000 - 0x00007ffa9d7b1000 	C:\WINDOWS\System32\KERNEL32.DLL
0x00007ffa9bfd0000 - 0x00007ffa9c2cd000 	C:\WINDOWS\System32\KERNELBASE.dll
0x00007ffa9c320000 - 0x00007ffa9c420000 	C:\WINDOWS\System32\ucrtbase.dll
0x00007ffa97d10000 - 0x00007ffa97d2b000 	C:\Program Files\Amazon Corretto\jdk17.0.11_9\bin\VCRUNTIME140.dll
0x00007ffa97cf0000 - 0x00007ffa97d07000 	C:\Program Files\Amazon Corretto\jdk17.0.11_9\bin\jli.dll
0x00007ffa9d030000 - 0x00007ffa9d1cd000 	C:\WINDOWS\System32\USER32.dll
0x00007ffa8cf40000 - 0x00007ffa8d1da000 	C:\WINDOWS\WinSxS\amd64_microsoft.windows.common-controls_6595b64144ccf1df_6.0.19041.4355_none_60b8b9eb71f62e16\COMCTL32.dll
0x00007ffa9bfa0000 - 0x00007ffa9bfc2000 	C:\WINDOWS\System32\win32u.dll
0x00007ffa9d270000 - 0x00007ffa9d30e000 	C:\WINDOWS\System32\msvcrt.dll
0x00007ffa9dbc0000 - 0x00007ffa9dbeb000 	C:\WINDOWS\System32\GDI32.dll
0x00007ffa9c4c0000 - 0x00007ffa9c5d7000 	C:\WINDOWS\System32\gdi32full.dll
0x00007ffa9c420000 - 0x00007ffa9c4bd000 	C:\WINDOWS\System32\msvcp_win.dll
0x00007ffa9dd20000 - 0x00007ffa9dd4f000 	C:\WINDOWS\System32\IMM32.DLL
0x00007ffa96870000 - 0x00007ffa9687c000 	C:\Program Files\Amazon Corretto\jdk17.0.11_9\bin\vcruntime140_1.dll
0x00007ffa78f20000 - 0x00007ffa78fad000 	C:\Program Files\Amazon Corretto\jdk17.0.11_9\bin\msvcp140.dll
0x00007ffa58920000 - 0x00007ffa59582000 	C:\Program Files\Amazon Corretto\jdk17.0.11_9\bin\server\jvm.dll
0x00007ffa9d430000 - 0x00007ffa9d4e0000 	C:\WINDOWS\System32\ADVAPI32.dll
0x00007ffa9d1d0000 - 0x00007ffa9d270000 	C:\WINDOWS\System32\sechost.dll
0x00007ffa9d5b0000 - 0x00007ffa9d6d3000 	C:\WINDOWS\System32\RPCRT4.dll
0x00007ffa9bda0000 - 0x00007ffa9bdc7000 	C:\WINDOWS\System32\bcrypt.dll
0x00007ffa9bab0000 - 0x00007ffa9bafb000 	C:\WINDOWS\SYSTEM32\POWRPROF.dll
0x00007ffa99ca0000 - 0x00007ffa99ca9000 	C:\WINDOWS\SYSTEM32\WSOCK32.dll
0x00007ffa9d7c0000 - 0x00007ffa9d82b000 	C:\WINDOWS\System32\WS2_32.dll
0x00007ffa94100000 - 0x00007ffa9410a000 	C:\WINDOWS\SYSTEM32\VERSION.dll
0x00007ffa99970000 - 0x00007ffa99997000 	C:\WINDOWS\SYSTEM32\WINMM.dll
0x00007ffa9ba90000 - 0x00007ffa9baa2000 	C:\WINDOWS\SYSTEM32\UMPDC.dll
0x00007ffa9a470000 - 0x00007ffa9a482000 	C:\WINDOWS\SYSTEM32\kernel.appcore.dll
0x00007ffa95550000 - 0x00007ffa9555a000 	C:\Program Files\Amazon Corretto\jdk17.0.11_9\bin\jimage.dll
0x00007ffa99780000 - 0x00007ffa99964000 	C:\WINDOWS\SYSTEM32\DBGHELP.DLL
0x00007ffa99740000 - 0x00007ffa99774000 	C:\WINDOWS\SYSTEM32\dbgcore.DLL
0x00007ffa9bd10000 - 0x00007ffa9bd92000 	C:\WINDOWS\System32\bcryptPrimitives.dll
0x00007ffa95540000 - 0x00007ffa9554e000 	C:\Program Files\Amazon Corretto\jdk17.0.11_9\bin\instrument.dll
0x00007ffa950a0000 - 0x00007ffa950c5000 	C:\Program Files\Amazon Corretto\jdk17.0.11_9\bin\java.dll
0x00007ffa72210000 - 0x00007ffa722e7000 	C:\Program Files\Amazon Corretto\jdk17.0.11_9\bin\jsvml.dll
0x00007ffa9c8c0000 - 0x00007ffa9d02f000 	C:\WINDOWS\System32\SHELL32.dll
0x00007ffa99cc0000 - 0x00007ffa9a45f000 	C:\WINDOWS\SYSTEM32\windows.storage.dll
0x00007ffa9d840000 - 0x00007ffa9db93000 	C:\WINDOWS\System32\combase.dll
0x00007ffa9b5b0000 - 0x00007ffa9b5de000 	C:\WINDOWS\SYSTEM32\Wldp.dll
0x00007ffa9d4e0000 - 0x00007ffa9d5ad000 	C:\WINDOWS\System32\OLEAUT32.dll
0x00007ffa9e240000 - 0x00007ffa9e2ed000 	C:\WINDOWS\System32\SHCORE.dll
0x00007ffa9dc60000 - 0x00007ffa9dcb5000 	C:\WINDOWS\System32\shlwapi.dll
0x00007ffa9bb90000 - 0x00007ffa9bbb4000 	C:\WINDOWS\SYSTEM32\profapi.dll
0x00007ffa95080000 - 0x00007ffa95098000 	C:\Program Files\Amazon Corretto\jdk17.0.11_9\bin\zip.dll
0x00007ffa95000000 - 0x00007ffa95019000 	C:\Program Files\Amazon Corretto\jdk17.0.11_9\bin\net.dll
0x00007ffa914a0000 - 0x00007ffa915ad000 	C:\WINDOWS\SYSTEM32\WINHTTP.dll
0x00007ffa9b310000 - 0x00007ffa9b37a000 	C:\WINDOWS\system32\mswsock.dll
0x00007ffa94fd0000 - 0x00007ffa94fe6000 	C:\Program Files\Amazon Corretto\jdk17.0.11_9\bin\nio.dll
0x00007ffa94e30000 - 0x00007ffa94e4a000 	C:\Program Files\JetBrains\IntelliJ IDEA 2024.1\bin\breakgen64.dll
0x00007ffa95530000 - 0x00007ffa95539000 	C:\Program Files\Amazon Corretto\jdk17.0.11_9\bin\extnet.dll
0x00007ffa64160000 - 0x00007ffa642f0000 	C:\Program Files\Amazon Corretto\jdk17.0.11_9\bin\awt.dll
0x00007ffa97da0000 - 0x00007ffa97e34000 	C:\WINDOWS\SYSTEM32\apphelp.dll
0x00007ffa98fb0000 - 0x00007ffa9904e000 	C:\WINDOWS\system32\uxtheme.dll
0x00007ffa9d310000 - 0x00007ffa9d424000 	C:\WINDOWS\System32\MSCTF.dll
0x00007ffa9c790000 - 0x00007ffa9c8bb000 	C:\WINDOWS\System32\ole32.dll
0x00007ffa99390000 - 0x00007ffa993bf000 	C:\WINDOWS\system32\DWMAPI.DLL
0x00007ffa654a0000 - 0x00007ffa655c8000 	C:\WINDOWS\system32\opengl32.dll
0x00007ffa82330000 - 0x00007ffa8235c000 	C:\WINDOWS\SYSTEM32\GLU32.dll
0x00007ffa67d90000 - 0x00007ffa67f60000 	C:\WINDOWS\system32\d3d9.dll
0x00007ffa90960000 - 0x00007ffa90b1b000 	C:\WINDOWS\System32\DriverStore\FileRepository\u0385692.inf_amd64_464982c8b1262429\B385477\aticfx64.dll
0x00007ffa793a0000 - 0x00007ffa793d4000 	C:\WINDOWS\System32\DriverStore\FileRepository\u0385692.inf_amd64_464982c8b1262429\B385477\atiu9p64.dll
0x00007ffa4eb00000 - 0x00007ffa4f855000 	C:\WINDOWS\System32\DriverStore\FileRepository\u0385692.inf_amd64_464982c8b1262429\B385477\atiumd64.dll
0x0000000076310000 - 0x0000000077237000 	C:\WINDOWS\System32\DriverStore\FileRepository\u0385692.inf_amd64_464982c8b1262429\B385477\atiumd6a.dll
0x00007ffa9dd50000 - 0x00007ffa9e1be000 	C:\WINDOWS\System32\SETUPAPI.dll
0x00007ffa9c2d0000 - 0x00007ffa9c31e000 	C:\WINDOWS\System32\cfgmgr32.dll
0x00007ffa8e6e0000 - 0x00007ffa8e715000 	C:\WINDOWS\SYSTEM32\amdihk64.dll
0x00007ffa90b80000 - 0x00007ffa90bbb000 	C:\WINDOWS\SYSTEM32\dxcore.dll
0x00007ffa81600000 - 0x00007ffa8162d000 	C:\Program Files\Amazon Corretto\jdk17.0.11_9\bin\javajpeg.dll
0x00007ffa77b10000 - 0x00007ffa77b97000 	C:\Program Files\Amazon Corretto\jdk17.0.11_9\bin\freetype.dll
0x00007ffa65f30000 - 0x00007ffa66012000 	C:\Program Files\Amazon Corretto\jdk17.0.11_9\bin\fontmanager.dll
0x00007ffa8cbf0000 - 0x00007ffa8cce9000 	C:\WINDOWS\SYSTEM32\textinputframework.dll
0x00007ffa979f0000 - 0x00007ffa97ae2000 	C:\WINDOWS\System32\CoreMessaging.dll
0x00007ffa97690000 - 0x00007ffa979eb000 	C:\WINDOWS\System32\CoreUIComponents.dll
0x00007ffa9ad50000 - 0x00007ffa9ad83000 	C:\WINDOWS\SYSTEM32\ntmarta.dll
0x00007ffa98120000 - 0x00007ffa98277000 	C:\WINDOWS\SYSTEM32\wintypes.dll

dbghelp: loaded successfully - version: 4.0.5 - missing functions: none
symbol engine: initialized successfully - sym options: 0x614 - pdb path: .;C:\Program Files\Amazon Corretto\jdk17.0.11_9\bin;C:\WINDOWS\SYSTEM32;C:\WINDOWS\WinSxS\amd64_microsoft.windows.common-controls_6595b64144ccf1df_6.0.19041.4355_none_60b8b9eb71f62e16;C:\Program Files\Amazon Corretto\jdk17.0.11_9\bin\server;C:\Program Files\JetBrains\IntelliJ IDEA 2024.1\bin;C:\WINDOWS\System32\DriverStore\FileRepository\u0385692.inf_amd64_464982c8b1262429\B385477

VM Arguments:
jvm_args: -javaagent:C:\Program Files\JetBrains\IntelliJ IDEA 2024.1\lib\idea_rt.jar=65178:C:\Program Files\JetBrains\IntelliJ IDEA 2024.1\bin -Dfile.encoding=UTF-8 
java_command: com.zetcode.SpaceInvaders
java_class_path (initial): C:\Proyectos Expo modalidad\Java-Space-Invaders\out\production\Java-Space-Invaders
Launcher Type: SUN_STANDARD

[Global flags]
     intx CICompilerCount                          = 3                                         {product} {ergonomic}
     uint ConcGCThreads                            = 1                                         {product} {ergonomic}
     uint G1ConcRefinementThreads                  = 4                                         {product} {ergonomic}
   size_t G1HeapRegionSize                         = 1048576                                   {product} {ergonomic}
    uintx GCDrainStackTargetSize                   = 64                                        {product} {ergonomic}
   size_t InitialHeapSize                          = 58720256                                  {product} {ergonomic}
   size_t MarkStackSize                            = 4194304                                   {product} {ergonomic}
   size_t MaxHeapSize                              = 924844032                                 {product} {ergonomic}
   size_t MaxNewSize                               = 554696704                                 {product} {ergonomic}
   size_t MinHeapDeltaBytes                        = 1048576                                   {product} {ergonomic}
   size_t MinHeapSize                              = 8388608                                   {product} {ergonomic}
    uintx NonNMethodCodeHeapSize                   = 5832780                                {pd product} {ergonomic}
    uintx NonProfiledCodeHeapSize                  = 122912730                              {pd product} {ergonomic}
    uintx ProfiledCodeHeapSize                     = 122912730                              {pd product} {ergonomic}
    uintx ReservedCodeCacheSize                    = 251658240                              {pd product} {ergonomic}
     bool SegmentedCodeCache                       = true                                      {product} {ergonomic}
   size_t SoftMaxHeapSize                          = 924844032                              {manageable} {ergonomic}
     bool UseCompressedClassPointers               = true                           {product lp64_product} {ergonomic}
     bool UseCompressedOops                        = true                           {product lp64_product} {ergonomic}
     bool UseG1GC                                  = true                                      {product} {ergonomic}
     bool UseLargePagesIndividualAllocation        = false                                  {pd product} {ergonomic}

Logging:
Log output configuration:
 #0: stdout all=warning uptime,level,tags
 #1: stderr all=off uptime,level,tags

Environment Variables:
JAVA_HOME=C:\Program Files\Amazon Corretto\jdk17.0.11_9
PATH=C:\Program Files\Amazon Corretto\jdk17.0.11_9\bin;C:\Program Files\Common Files\Oracle\Java\javapath;C:\WINDOWS\system32;C:\WINDOWS;C:\WINDOWS\System32\Wbem;C:\WINDOWS\System32\WindowsPowerShell\v1.0\;C:\WINDOWS\System32\OpenSSH\;C:\Program Files\Git\cmd;C:\Users\saral\AppData\Local\Programs\Python\Launcher\;C:\Users\saral\AppData\Local\Microsoft\WindowsApps;C:\Users\saral\AppData\Local\Programs\Microsoft VS Code\bin;C:\Users\saral\PyCharm 2024.1.4\bin;
USERNAME=saral
OS=Windows_NT
PROCESSOR_IDENTIFIER=AMD64 Family 23 Model 24 Stepping 1, AuthenticAMD
TMP=C:\Users\saral\AppData\Local\Temp
TEMP=C:\Users\saral\AppData\Local\Temp



Periodic native trim disabled


---------------  S Y S T E M  ---------------

OS:
 Windows 10 , 64 bit Build 19041 (10.0.19041.4717)
OS uptime: 21 days 13:52 hours

CPU: total 4 (initial active 4) (4 cores per cpu, 2 threads per core) family 23 model 24 stepping 1 microcode 0x0, cx8, cmov, fxsr, ht, mmx, 3dnowpref, sse, sse2, sse3, ssse3, sse4a, sse4.1, sse4.2, popcnt, lzcnt, tsc, tscinvbit, avx, avx2, aes, clmul, bmi1, bmi2, adx, sha, fma, vzeroupper, clflush, clflushopt
Processor Information for all 4 processors :
  Max Mhz: 2400, Current Mhz: 2400, Mhz Limit: 2400

Memory: 4k page, system-wide physical 3520M (246M free)
TotalPageFile size 14272M (AvailPageFile size 3M)
current process WorkingSet (physical memory assigned to process): 81M, peak: 81M
current process commit charge ("private bytes"): 172M, peak: 173M

vm_info: OpenJDK 64-Bit Server VM (17.0.11+9-LTS) for windows-amd64 JRE (17.0.11+9-LTS), built on Apr 10 2024 22:12:24 by "Administrator" with MS VC++ 16.10 / 16.11 (VS2019)

END.
