#
# There is insufficient memory for the Java Runtime Environment to continue.
# Native memory allocation (malloc) failed to allocate 32784 bytes. Error detail: Chunk::new
# Possible reasons:
#   The system is out of physical RAM or swap space
#   This process is running with CompressedOops enabled, and the Java Heap may be blocking the growth of the native heap
# Possible solutions:
#   Reduce memory load on the system
#   Increase physical memory or swap space
#   Check if swap backing store is full
#   Decrease Java heap size (-Xmx/-Xms)
#   Decrease number of Java threads
#   Decrease Java thread stack sizes (-Xss)
#   Set larger code cache with -XX:ReservedCodeCacheSize=
#   JVM is running with Unscaled Compressed Oops mode in which the Java heap is
#     placed in the first 4GB address space. The Java Heap base address is the
#     maximum limit for the native heap growth. Please use -XX:HeapBaseMinAddress
#     to set the Java Heap base and to place the Java Heap above 4GB virtual address.
# This output file may be truncated or incomplete.
#
#  Out of Memory Error (arena.cpp:191), pid=8764, tid=9252
#
# JRE version: OpenJDK Runtime Environment Corretto-17.0.11.9.1 (17.0.11+9) (build 17.0.11+9-LTS)
# Java VM: OpenJDK 64-Bit Server VM Corretto-17.0.11.9.1 (17.0.11+9-LTS, mixed mode, sharing, tiered, compressed oops, compressed class ptrs, g1 gc, windows-amd64)
# No core dump will be written. Minidumps are not enabled by default on client versions of Windows
#

---------------  S U M M A R Y ------------

Command Line: -javaagent:C:\Program Files\JetBrains\IntelliJ IDEA 2024.1\lib\idea_rt.jar=51627:C:\Program Files\JetBrains\IntelliJ IDEA 2024.1\bin -Dfile.encoding=UTF-8 com.zetcode.SpaceInvaders

Host: AMD Athlon Gold 3150U with Radeon Graphics     , 4 cores, 3G,  Windows 10 , 64 bit Build 19041 (10.0.19041.4717)
Time: Sun Sep 22 16:34:25 2024 Hora est. Pacífico, Sudamérica elapsed time: 28.000150 seconds (0d 0h 0m 28s)

---------------  T H R E A D  ---------------

Current thread (0x00000175349c9790):  JavaThread "C2 CompilerThread0" daemon [_thread_in_native, id=9252, stack(0x00000068edc00000,0x00000068edd00000)]


Current CompileTask:
C2:  28000 1455   !   4       sun.awt.PostEventQueue::flush (168 bytes)

Stack: [0x00000068edc00000,0x00000068edd00000]
Native frames: (J=compiled Java code, j=interpreted, Vv=VM code, C=native code)
V  [jvm.dll+0x67d009]
V  [jvm.dll+0x83489a]
V  [jvm.dll+0x83635e]
V  [jvm.dll+0x8369c3]
V  [jvm.dll+0x2479df]
V  [jvm.dll+0xac534]
V  [jvm.dll+0xacb7c]
V  [jvm.dll+0x6a2252]
V  [jvm.dll+0x6a2693]
V  [jvm.dll+0x6a4194]
V  [jvm.dll+0x3457db]
V  [jvm.dll+0x110216]
V  [jvm.dll+0x112ce9]
V  [jvm.dll+0x340766]
V  [jvm.dll+0x698b86]
V  [jvm.dll+0x697ed2]
V  [jvm.dll+0x69339d]
V  [jvm.dll+0x68d45b]
V  [jvm.dll+0x68ca97]
V  [jvm.dll+0x68a982]
V  [jvm.dll+0x1a84ac]
V  [jvm.dll+0x1a9046]
V  [jvm.dll+0x2ae0e4]
V  [jvm.dll+0x6954a5]
V  [jvm.dll+0x68d45b]
V  [jvm.dll+0x68ca97]
V  [jvm.dll+0x68a982]
V  [jvm.dll+0x1a84ac]
V  [jvm.dll+0x1a9046]
V  [jvm.dll+0x2ae0e4]
V  [jvm.dll+0x6954a5]
V  [jvm.dll+0x68d45b]
V  [jvm.dll+0x68ca97]
V  [jvm.dll+0x68a982]
V  [jvm.dll+0x1a84ac]
V  [jvm.dll+0x1a9046]
V  [jvm.dll+0x2ae0e4]
V  [jvm.dll+0x6954a5]
V  [jvm.dll+0x68d45b]
V  [jvm.dll+0x68ca97]
V  [jvm.dll+0x68a982]
V  [jvm.dll+0x1a84ac]
V  [jvm.dll+0x1a9046]
V  [jvm.dll+0x1a9046]
V  [jvm.dll+0x2ae0e4]
V  [jvm.dll+0x6954a5]
V  [jvm.dll+0x68d45b]
V  [jvm.dll+0x68ca97]
V  [jvm.dll+0x68a982]
V  [jvm.dll+0x1a84ac]
V  [jvm.dll+0x1a9046]
V  [jvm.dll+0x2ae0e4]
V  [jvm.dll+0x6954a5]
V  [jvm.dll+0x68d45b]
V  [jvm.dll+0x68ca97]
V  [jvm.dll+0x68a982]
V  [jvm.dll+0x1a84ac]
V  [jvm.dll+0x1a9046]
V  [jvm.dll+0x2ae0e4]
V  [jvm.dll+0x6954a5]
V  [jvm.dll+0x68d45b]
V  [jvm.dll+0x68ca97]
V  [jvm.dll+0x68a982]
V  [jvm.dll+0x1a84ac]
V  [jvm.dll+0x1a9046]
V  [jvm.dll+0x2ae0e4]
V  [jvm.dll+0x6954a5]
V  [jvm.dll+0x68d45b]
V  [jvm.dll+0x68ca97]
V  [jvm.dll+0x68a982]
V  [jvm.dll+0x1a84ac]
V  [jvm.dll+0x2ae0e4]
V  [jvm.dll+0x6954a5]
V  [jvm.dll+0x68d45b]
V  [jvm.dll+0x68ca97]
V  [jvm.dll+0x68a982]
V  [jvm.dll+0x1a84ac]
V  [jvm.dll+0x1a9046]
V  [jvm.dll+0x2ae0e4]
V  [jvm.dll+0x6954a5]
V  [jvm.dll+0x68d45b]
V  [jvm.dll+0x68ca97]
V  [jvm.dll+0x68a982]
V  [jvm.dll+0x1a84ac]
V  [jvm.dll+0x2190b8]
V  [jvm.dll+0x1a524d]
V  [jvm.dll+0x22920d]
V  [jvm.dll+0x2273dc]
V  [jvm.dll+0x7e9a07]
V  [jvm.dll+0x7e3e0a]
V  [jvm.dll+0x67bef5]
C  [ucrtbase.dll+0x21bb2]
C  [KERNEL32.DLL+0x17374]
C  [ntdll.dll+0x4cc91]


---------------  P R O C E S S  ---------------

Threads class SMR info:
_java_thread_list=0x000001759a676840, length=19, elements={
0x00000175349b3180, 0x00000175349b4eb0, 0x00000175349c4a50, 0x00000175349c5610,
0x00000175349c80e0, 0x00000175349c8aa0, 0x00000175349c9790, 0x00000175349cd260,
0x00000175349cdc60, 0x000001754fa3e9f0, 0x000001754fc64960, 0x000001754fc09cf0,
0x000001754fc84f00, 0x000001754fdaf4f0, 0x000001754fdba190, 0x000001754fdc0db0,
0x000001753490bf70, 0x000001759a542040, 0x000001759a59a710
}

Java Threads: ( => current thread )
  0x00000175349b3180 JavaThread "Reference Handler" daemon [_thread_blocked, id=15088, stack(0x00000068ed600000,0x00000068ed700000)]
  0x00000175349b4eb0 JavaThread "Finalizer" daemon [_thread_blocked, id=6856, stack(0x00000068ed700000,0x00000068ed800000)]
  0x00000175349c4a50 JavaThread "Signal Dispatcher" daemon [_thread_blocked, id=12944, stack(0x00000068ed800000,0x00000068ed900000)]
  0x00000175349c5610 JavaThread "Attach Listener" daemon [_thread_blocked, id=15684, stack(0x00000068ed900000,0x00000068eda00000)]
  0x00000175349c80e0 JavaThread "Service Thread" daemon [_thread_blocked, id=7920, stack(0x00000068eda00000,0x00000068edb00000)]
  0x00000175349c8aa0 JavaThread "Monitor Deflation Thread" daemon [_thread_blocked, id=10936, stack(0x00000068edb00000,0x00000068edc00000)]
=>0x00000175349c9790 JavaThread "C2 CompilerThread0" daemon [_thread_in_native, id=9252, stack(0x00000068edc00000,0x00000068edd00000)]
  0x00000175349cd260 JavaThread "C1 CompilerThread0" daemon [_thread_blocked, id=11992, stack(0x00000068edd00000,0x00000068ede00000)]
  0x00000175349cdc60 JavaThread "Sweeper thread" daemon [_thread_blocked, id=15860, stack(0x00000068ede00000,0x00000068edf00000)]
  0x000001754fa3e9f0 JavaThread "Common-Cleaner" daemon [_thread_blocked, id=9888, stack(0x00000068edf00000,0x00000068ee000000)]
  0x000001754fc64960 JavaThread "Monitor Ctrl-Break" daemon [_thread_in_native, id=16136, stack(0x00000068ee000000,0x00000068ee100000)]
  0x000001754fc09cf0 JavaThread "Notification Thread" daemon [_thread_blocked, id=2044, stack(0x00000068ee100000,0x00000068ee200000)]
  0x000001754fc84f00 JavaThread "Java2D Disposer" daemon [_thread_blocked, id=5960, stack(0x00000068ee300000,0x00000068ee400000)]
  0x000001754fdaf4f0 JavaThread "AWT-Shutdown" [_thread_blocked, id=10004, stack(0x00000068ee400000,0x00000068ee500000)]
  0x000001754fdba190 JavaThread "AWT-Windows" daemon [_thread_in_native, id=7900, stack(0x00000068ee500000,0x00000068ee600000)]
  0x000001754fdc0db0 JavaThread "AWT-EventQueue-0" [_thread_blocked, id=1252, stack(0x00000068ee600000,0x00000068ee700000)]
  0x000001753490bf70 JavaThread "DestroyJavaVM" [_thread_blocked, id=14440, stack(0x00000068ecf00000,0x00000068ed000000)]
  0x000001759a542040 JavaThread "TimerQueue" daemon [_thread_blocked, id=9156, stack(0x00000068eed00000,0x00000068eee00000)]
  0x000001759a59a710 JavaThread "D3D Screen Updater" daemon [_thread_blocked, id=14312, stack(0x00000068ef100000,0x00000068ef200000)]

Other Threads:
  0x00000175349ae510 VMThread "VM Thread" [stack: 0x00000068ed500000,0x00000068ed600000] [id=11340]
  0x000001754fbfd950 WatcherThread [stack: 0x00000068ee200000,0x00000068ee300000] [id=9268]
  0x0000017534943f40 GCTaskThread "GC Thread#0" [stack: 0x00000068ed000000,0x00000068ed100000] [id=7996]
  0x000001759a5f2040 GCTaskThread "GC Thread#1" [stack: 0x00000068eee00000,0x00000068eef00000] [id=6176]
  0x000001759a957610 GCTaskThread "GC Thread#2" [stack: 0x00000068eef00000,0x00000068ef000000] [id=8400]
  0x000001759a9578d0 GCTaskThread "GC Thread#3" [stack: 0x00000068ef400000,0x00000068ef500000] [id=6728]
  0x000001753494bcd0 ConcurrentGCThread "G1 Main Marker" [stack: 0x00000068ed100000,0x00000068ed200000] [id=16220]
  0x000001753494c6f0 ConcurrentGCThread "G1 Conc#0" [stack: 0x00000068ed200000,0x00000068ed300000] [id=1144]
  0x0000017534985930 ConcurrentGCThread "G1 Refine#0" [stack: 0x00000068ed300000,0x00000068ed400000] [id=8256]
  0x0000017534986360 ConcurrentGCThread "G1 Service" [stack: 0x00000068ed400000,0x00000068ed500000] [id=1992]

Threads with active compile tasks:
C2 CompilerThread0    28110 1455   !   4       sun.awt.PostEventQueue::flush (168 bytes)

VM state: not at safepoint (normal execution)

VM Mutex/Monitor currently owned by a thread: None

Heap address: 0x00000000c8e00000, size: 882 MB, Compressed Oops mode: 32-bit

CDS archive(s) mapped at: [0x0000017550000000-0x0000017550bb0000-0x0000017550bb0000), size 12255232, SharedBaseAddress: 0x0000017550000000, ArchiveRelocationMode: 1.
Compressed class space mapped at: 0x0000017551000000-0x0000017591000000, reserved size: 1073741824
Narrow klass base: 0x0000017550000000, Narrow klass shift: 0, Narrow klass range: 0x100000000

GC Precious Log:
 CPUs: 4 total, 4 available
 Memory: 3520M
 Large Page Support: Disabled
 NUMA Support: Disabled
 Compressed Oops: Enabled (32-bit)
 Heap Region Size: 1M
 Heap Min Capacity: 8M
 Heap Initial Capacity: 56M
 Heap Max Capacity: 882M
 Pre-touch: Disabled
 Parallel Workers: 4
 Concurrent Workers: 1
 Concurrent Refinement Workers: 4
 Periodic GC: Disabled

Heap:
 garbage-first heap   total 57344K, used 5680K [0x00000000c8e00000, 0x0000000100000000)
  region size 1024K, 6 young (6144K), 2 survivors (2048K)
 Metaspace       used 8022K, committed 8256K, reserved 1114112K
  class space    used 841K, committed 960K, reserved 1048576K

Heap Regions: E=young(eden), S=young(survivor), O=old, HS=humongous(starts), HC=humongous(continues), CS=collection set, F=free, OA=open archive, CA=closed archive, TAMS=top-at-mark-start (previous, next)
|   0|0x00000000c8e00000, 0x00000000c8e8c200, 0x00000000c8f00000| 54%| O|  |TAMS 0x00000000c8e00000, 0x00000000c8e00000| Untracked 
|   1|0x00000000c8f00000, 0x00000000c8f00000, 0x00000000c9000000|  0%| F|  |TAMS 0x00000000c8f00000, 0x00000000c8f00000| Untracked 
|   2|0x00000000c9000000, 0x00000000c9000000, 0x00000000c9100000|  0%| F|  |TAMS 0x00000000c9000000, 0x00000000c9000000| Untracked 
|   3|0x00000000c9100000, 0x00000000c9100000, 0x00000000c9200000|  0%| F|  |TAMS 0x00000000c9100000, 0x00000000c9100000| Untracked 
|   4|0x00000000c9200000, 0x00000000c9200000, 0x00000000c9300000|  0%| F|  |TAMS 0x00000000c9200000, 0x00000000c9200000| Untracked 
|   5|0x00000000c9300000, 0x00000000c9300000, 0x00000000c9400000|  0%| F|  |TAMS 0x00000000c9300000, 0x00000000c9300000| Untracked 
|   6|0x00000000c9400000, 0x00000000c9400000, 0x00000000c9500000|  0%| F|  |TAMS 0x00000000c9400000, 0x00000000c9400000| Untracked 
|   7|0x00000000c9500000, 0x00000000c9500000, 0x00000000c9600000|  0%| F|  |TAMS 0x00000000c9500000, 0x00000000c9500000| Untracked 
|   8|0x00000000c9600000, 0x00000000c9600000, 0x00000000c9700000|  0%| F|  |TAMS 0x00000000c9600000, 0x00000000c9600000| Untracked 
|   9|0x00000000c9700000, 0x00000000c9700000, 0x00000000c9800000|  0%| F|  |TAMS 0x00000000c9700000, 0x00000000c9700000| Untracked 
|  10|0x00000000c9800000, 0x00000000c9800000, 0x00000000c9900000|  0%| F|  |TAMS 0x00000000c9800000, 0x00000000c9800000| Untracked 
|  11|0x00000000c9900000, 0x00000000c9900000, 0x00000000c9a00000|  0%| F|  |TAMS 0x00000000c9900000, 0x00000000c9900000| Untracked 
|  12|0x00000000c9a00000, 0x00000000c9a00000, 0x00000000c9b00000|  0%| F|  |TAMS 0x00000000c9a00000, 0x00000000c9a00000| Untracked 
|  13|0x00000000c9b00000, 0x00000000c9b00000, 0x00000000c9c00000|  0%| F|  |TAMS 0x00000000c9b00000, 0x00000000c9b00000| Untracked 
|  14|0x00000000c9c00000, 0x00000000c9c00000, 0x00000000c9d00000|  0%| F|  |TAMS 0x00000000c9c00000, 0x00000000c9c00000| Untracked 
|  15|0x00000000c9d00000, 0x00000000c9d00000, 0x00000000c9e00000|  0%| F|  |TAMS 0x00000000c9d00000, 0x00000000c9d00000| Untracked 
|  16|0x00000000c9e00000, 0x00000000c9e00000, 0x00000000c9f00000|  0%| F|  |TAMS 0x00000000c9e00000, 0x00000000c9e00000| Untracked 
|  17|0x00000000c9f00000, 0x00000000c9f00000, 0x00000000ca000000|  0%| F|  |TAMS 0x00000000c9f00000, 0x00000000c9f00000| Untracked 
|  18|0x00000000ca000000, 0x00000000ca000000, 0x00000000ca100000|  0%| F|  |TAMS 0x00000000ca000000, 0x00000000ca000000| Untracked 
|  19|0x00000000ca100000, 0x00000000ca100000, 0x00000000ca200000|  0%| F|  |TAMS 0x00000000ca100000, 0x00000000ca100000| Untracked 
|  20|0x00000000ca200000, 0x00000000ca200000, 0x00000000ca300000|  0%| F|  |TAMS 0x00000000ca200000, 0x00000000ca200000| Untracked 
|  21|0x00000000ca300000, 0x00000000ca300000, 0x00000000ca400000|  0%| F|  |TAMS 0x00000000ca300000, 0x00000000ca300000| Untracked 
|  22|0x00000000ca400000, 0x00000000ca400000, 0x00000000ca500000|  0%| F|  |TAMS 0x00000000ca400000, 0x00000000ca400000| Untracked 
|  23|0x00000000ca500000, 0x00000000ca500000, 0x00000000ca600000|  0%| F|  |TAMS 0x00000000ca500000, 0x00000000ca500000| Untracked 
|  24|0x00000000ca600000, 0x00000000ca600000, 0x00000000ca700000|  0%| F|  |TAMS 0x00000000ca600000, 0x00000000ca600000| Untracked 
|  25|0x00000000ca700000, 0x00000000ca700000, 0x00000000ca800000|  0%| F|  |TAMS 0x00000000ca700000, 0x00000000ca700000| Untracked 
|  26|0x00000000ca800000, 0x00000000ca800000, 0x00000000ca900000|  0%| F|  |TAMS 0x00000000ca800000, 0x00000000ca800000| Untracked 
|  27|0x00000000ca900000, 0x00000000ca900000, 0x00000000caa00000|  0%| F|  |TAMS 0x00000000ca900000, 0x00000000ca900000| Untracked 
|  28|0x00000000caa00000, 0x00000000caa00000, 0x00000000cab00000|  0%| F|  |TAMS 0x00000000caa00000, 0x00000000caa00000| Untracked 
|  29|0x00000000cab00000, 0x00000000cab00000, 0x00000000cac00000|  0%| F|  |TAMS 0x00000000cab00000, 0x00000000cab00000| Untracked 
|  30|0x00000000cac00000, 0x00000000cac00000, 0x00000000cad00000|  0%| F|  |TAMS 0x00000000cac00000, 0x00000000cac00000| Untracked 
|  31|0x00000000cad00000, 0x00000000cad00000, 0x00000000cae00000|  0%| F|  |TAMS 0x00000000cad00000, 0x00000000cad00000| Untracked 
|  32|0x00000000cae00000, 0x00000000cae00000, 0x00000000caf00000|  0%| F|  |TAMS 0x00000000cae00000, 0x00000000cae00000| Untracked 
|  33|0x00000000caf00000, 0x00000000caf00000, 0x00000000cb000000|  0%| F|  |TAMS 0x00000000caf00000, 0x00000000caf00000| Untracked 
|  34|0x00000000cb000000, 0x00000000cb000000, 0x00000000cb100000|  0%| F|  |TAMS 0x00000000cb000000, 0x00000000cb000000| Untracked 
|  35|0x00000000cb100000, 0x00000000cb100000, 0x00000000cb200000|  0%| F|  |TAMS 0x00000000cb100000, 0x00000000cb100000| Untracked 
|  36|0x00000000cb200000, 0x00000000cb200000, 0x00000000cb300000|  0%| F|  |TAMS 0x00000000cb200000, 0x00000000cb200000| Untracked 
|  37|0x00000000cb300000, 0x00000000cb300000, 0x00000000cb400000|  0%| F|  |TAMS 0x00000000cb300000, 0x00000000cb300000| Untracked 
|  38|0x00000000cb400000, 0x00000000cb400000, 0x00000000cb500000|  0%| F|  |TAMS 0x00000000cb400000, 0x00000000cb400000| Untracked 
|  39|0x00000000cb500000, 0x00000000cb500000, 0x00000000cb600000|  0%| F|  |TAMS 0x00000000cb500000, 0x00000000cb500000| Untracked 
|  40|0x00000000cb600000, 0x00000000cb600000, 0x00000000cb700000|  0%| F|  |TAMS 0x00000000cb600000, 0x00000000cb600000| Untracked 
|  41|0x00000000cb700000, 0x00000000cb800000, 0x00000000cb800000|100%| S|CS|TAMS 0x00000000cb700000, 0x00000000cb700000| Complete 
|  42|0x00000000cb800000, 0x00000000cb900000, 0x00000000cb900000|100%| S|CS|TAMS 0x00000000cb800000, 0x00000000cb800000| Complete 
|  43|0x00000000cb900000, 0x00000000cb900000, 0x00000000cba00000|  0%| F|  |TAMS 0x00000000cb900000, 0x00000000cb900000| Untracked 
|  44|0x00000000cba00000, 0x00000000cba00000, 0x00000000cbb00000|  0%| F|  |TAMS 0x00000000cba00000, 0x00000000cba00000| Untracked 
|  45|0x00000000cbb00000, 0x00000000cbb00000, 0x00000000cbc00000|  0%| F|  |TAMS 0x00000000cbb00000, 0x00000000cbb00000| Untracked 
|  46|0x00000000cbc00000, 0x00000000cbc00000, 0x00000000cbd00000|  0%| F|  |TAMS 0x00000000cbc00000, 0x00000000cbc00000| Untracked 
|  47|0x00000000cbd00000, 0x00000000cbd00000, 0x00000000cbe00000|  0%| F|  |TAMS 0x00000000cbd00000, 0x00000000cbd00000| Untracked 
|  48|0x00000000cbe00000, 0x00000000cbe00000, 0x00000000cbf00000|  0%| F|  |TAMS 0x00000000cbe00000, 0x00000000cbe00000| Untracked 
|  49|0x00000000cbf00000, 0x00000000cbf00000, 0x00000000cc000000|  0%| F|  |TAMS 0x00000000cbf00000, 0x00000000cbf00000| Untracked 
|  50|0x00000000cc000000, 0x00000000cc000000, 0x00000000cc100000|  0%| F|  |TAMS 0x00000000cc000000, 0x00000000cc000000| Untracked 
|  51|0x00000000cc100000, 0x00000000cc100000, 0x00000000cc200000|  0%| F|  |TAMS 0x00000000cc100000, 0x00000000cc100000| Untracked 
|  52|0x00000000cc200000, 0x00000000cc2f2240, 0x00000000cc300000| 94%| E|  |TAMS 0x00000000cc200000, 0x00000000cc200000| Complete 
|  53|0x00000000cc300000, 0x00000000cc400000, 0x00000000cc400000|100%| E|CS|TAMS 0x00000000cc300000, 0x00000000cc300000| Complete 
|  54|0x00000000cc400000, 0x00000000cc500000, 0x00000000cc500000|100%| E|CS|TAMS 0x00000000cc400000, 0x00000000cc400000| Complete 
|  55|0x00000000cc500000, 0x00000000cc600000, 0x00000000cc600000|100%| E|CS|TAMS 0x00000000cc500000, 0x00000000cc500000| Complete 

Card table byte_map: [0x000001754b5f0000,0x000001754b7b0000] _byte_map_base: 0x000001754afa9000

Marking Bits (Prev, Next): (CMBitMap*) 0x0000017534944560, (CMBitMap*) 0x00000175349445a0
 Prev Bits: [0x000001754b970000, 0x000001754c738000)
 Next Bits: [0x000001754c740000, 0x000001754d508000)

Polling page: 0x00000175340d0000

Metaspace:

Usage:
  Non-class:      7.01 MB used.
      Class:    841.12 KB used.
       Both:      7.83 MB used.

Virtual space:
  Non-class space:       64.00 MB reserved,       7.12 MB ( 11%) committed,  1 nodes.
      Class space:        1.00 GB reserved,     960.00 KB ( <1%) committed,  1 nodes.
             Both:        1.06 GB reserved,       8.06 MB ( <1%) committed. 

Chunk freelists:
   Non-Class:  8.48 MB
       Class:  15.08 MB
        Both:  23.57 MB

MaxMetaspaceSize: unlimited
CompressedClassSpaceSize: 1.00 GB
Initial GC threshold: 21.00 MB
Current GC threshold: 21.00 MB
CDS: on
MetaspaceReclaimPolicy: balanced
 - commit_granule_bytes: 65536.
 - commit_granule_words: 8192.
 - virtual_space_node_default_size: 8388608.
 - enlarge_chunks_in_place: 1.
 - new_chunks_are_fully_committed: 0.
 - uncommit_free_chunks: 1.
 - use_allocation_guard: 0.
 - handle_deallocations: 1.


Internal statistics:

num_allocs_failed_limit: 0.
num_arena_births: 124.
num_arena_deaths: 0.
num_vsnodes_births: 2.
num_vsnodes_deaths: 0.
num_space_committed: 129.
num_space_uncommitted: 0.
num_chunks_returned_to_freelist: 0.
num_chunks_taken_from_freelist: 180.
num_chunk_merges: 0.
num_chunk_splits: 100.
num_chunks_enlarged: 39.
num_inconsistent_stats: 0.

CodeHeap 'non-profiled nmethods': size=120000Kb used=701Kb max_used=701Kb free=119298Kb
 bounds [0x0000017543f00000, 0x0000017544170000, 0x000001754b430000]
CodeHeap 'profiled nmethods': size=120000Kb used=2600Kb max_used=2600Kb free=117399Kb
 bounds [0x000001753c430000, 0x000001753c6c0000, 0x0000017543960000]
CodeHeap 'non-nmethods': size=5760Kb used=1264Kb max_used=1307Kb free=4495Kb
 bounds [0x0000017543960000, 0x0000017543bd0000, 0x0000017543f00000]
 total_blobs=2043 nmethods=1454 adapters=502
 compilation: enabled
              stopped_count=0, restarted_count=0
 full_count=0

Compilation events (20 events):
Event: 27.263 Thread 0x00000175349cd260 nmethod 1445 0x000001753c6b3f90 code [0x000001753c6b4160, 0x000001753c6b4588]
Event: 27.271 Thread 0x00000175349c9790 1446       4       sun.java2d.SunGraphics2D::validateColor (102 bytes)
Event: 27.275 Thread 0x00000175349c9790 nmethod 1446 0x0000017543faef10 code [0x0000017543faf0c0, 0x0000017543faf318]
Event: 27.288 Thread 0x00000175349cd260 1447       3       java.awt.KeyboardFocusManager::redispatchEvent (16 bytes)
Event: 27.289 Thread 0x00000175349cd260 nmethod 1447 0x000001753c6b4690 code [0x000001753c6b4840, 0x000001753c6b4a88]
Event: 27.289 Thread 0x00000175349cd260 1448       3       java.lang.String::equalsIgnoreCase (45 bytes)
Event: 27.289 Thread 0x00000175349cd260 nmethod 1448 0x000001753c6b4b90 code [0x000001753c6b4d80, 0x000001753c6b52e8]
Event: 27.289 Thread 0x00000175349cd260 1449       3       java.util.LinkedList::node (65 bytes)
Event: 27.290 Thread 0x00000175349cd260 nmethod 1449 0x000001753c6b5510 code [0x000001753c6b56c0, 0x000001753c6b5998]
Event: 27.352 Thread 0x00000175349cd260 1450   !   3       java.awt.Window::getInputContext (36 bytes)
Event: 27.353 Thread 0x00000175349cd260 nmethod 1450 0x000001753c6b5b10 code [0x000001753c6b5ce0, 0x000001753c6b6208]
Event: 27.353 Thread 0x00000175349cd260 1451       3       sun.awt.im.InputMethodContext::dispatchEvent (62 bytes)
Event: 27.354 Thread 0x00000175349cd260 nmethod 1451 0x000001753c6b6410 code [0x000001753c6b6660, 0x000001753c6b7168]
Event: 27.386 Thread 0x00000175349cd260 1452       3       java.awt.event.KeyEvent::<init> (172 bytes)
Event: 27.387 Thread 0x00000175349cd260 nmethod 1452 0x000001753c6b7410 code [0x000001753c6b7680, 0x000001753c6b83d8]
Event: 27.387 Thread 0x00000175349cd260 1453       3       java.awt.event.InputEvent::<init> (26 bytes)
Event: 27.387 Thread 0x00000175349cd260 nmethod 1453 0x000001753c6b8790 code [0x000001753c6b8940, 0x000001753c6b8b38]
Event: 27.387 Thread 0x00000175349cd260 1454   !   3       java.awt.event.InputEvent::canAccessSystemClipboard (57 bytes)
Event: 27.389 Thread 0x00000175349cd260 nmethod 1454 0x000001753c6b8c90 code [0x000001753c6b8f20, 0x000001753c6b9be8]
Event: 27.976 Thread 0x00000175349c9790 1455   !   4       sun.awt.PostEventQueue::flush (168 bytes)

GC Heap History (2 events):
Event: 17.700 GC heap before
{Heap before GC invocations=0 (full 0):
 garbage-first heap   total 57344K, used 13312K [0x00000000c8e00000, 0x0000000100000000)
  region size 1024K, 13 young (13312K), 0 survivors (0K)
 Metaspace       used 7916K, committed 8192K, reserved 1114112K
  class space    used 841K, committed 960K, reserved 1048576K
}
Event: 17.711 GC heap after
{Heap after GC invocations=1 (full 0):
 garbage-first heap   total 57344K, used 2608K [0x00000000c8e00000, 0x0000000100000000)
  region size 1024K, 2 young (2048K), 2 survivors (2048K)
 Metaspace       used 7916K, committed 8192K, reserved 1114112K
  class space    used 841K, committed 960K, reserved 1048576K
}

Dll operation events (14 events):
Event: 0.046 Loaded shared library C:\Program Files\Amazon Corretto\jdk17.0.11_9\bin\java.dll
Event: 0.114 Loaded shared library C:\Program Files\Amazon Corretto\jdk17.0.11_9\bin\jsvml.dll
Event: 0.400 Loaded shared library C:\Program Files\Amazon Corretto\jdk17.0.11_9\bin\zip.dll
Event: 0.419 Loaded shared library C:\Program Files\Amazon Corretto\jdk17.0.11_9\bin\instrument.dll
Event: 0.504 Loaded shared library C:\Program Files\Amazon Corretto\jdk17.0.11_9\bin\net.dll
Event: 0.548 Loaded shared library C:\Program Files\Amazon Corretto\jdk17.0.11_9\bin\nio.dll
Event: 0.559 Loaded shared library C:\Program Files\Amazon Corretto\jdk17.0.11_9\bin\zip.dll
Event: 0.600 Loaded shared library C:\Program Files\JetBrains\IntelliJ IDEA 2024.1\bin\breakgen64.dll
Event: 0.673 Loaded shared library C:\Program Files\Amazon Corretto\jdk17.0.11_9\bin\extnet.dll
Event: 0.690 Loaded shared library C:\Program Files\Amazon Corretto\jdk17.0.11_9\bin\jimage.dll
Event: 0.888 Loaded shared library C:\Program Files\Amazon Corretto\jdk17.0.11_9\bin\awt.dll
Event: 2.545 Loaded shared library C:\Program Files\Amazon Corretto\jdk17.0.11_9\bin\javajpeg.dll
Event: 3.221 Loaded shared library C:\Program Files\Amazon Corretto\jdk17.0.11_9\bin\freetype.dll
Event: 3.320 Loaded shared library C:\Program Files\Amazon Corretto\jdk17.0.11_9\bin\fontmanager.dll

Deoptimization events (20 events):
Event: 17.711 Thread 0x000001754fdc0db0 Uncommon trap: trap_request=0xfffffff4 fr.pc=0x0000017543f674b0 relative=0x0000000000001930
Event: 17.711 Thread 0x000001754fdc0db0 Uncommon trap: reason=null_check action=make_not_entrant pc=0x0000017543f674b0 method=sun.java2d.pipe.BufferedContext.validate(Lsun/java2d/pipe/hw/AccelSurface;Lsun/java2d/pipe/hw/AccelSurface;Lsun/java2d/pipe/Region;Ljava/awt/Composite;Ljava/awt/geom/Aff
Event: 17.711 Thread 0x000001754fdc0db0 DEOPT PACKING pc=0x0000017543f674b0 sp=0x00000068ee6fdfd0
Event: 17.711 Thread 0x000001754fdc0db0 DEOPT UNPACKING pc=0x00000175439b69a3 sp=0x00000068ee6fdf68 mode 2
Event: 20.679 Thread 0x000001754fdba190 Uncommon trap: trap_request=0xffffff45 fr.pc=0x0000017543f5bfcc relative=0x00000000000000ac
Event: 20.679 Thread 0x000001754fdba190 Uncommon trap: reason=unstable_if action=reinterpret pc=0x0000017543f5bfcc method=java.util.concurrent.locks.AbstractQueuedSynchronizer.signalNext(Ljava/util/concurrent/locks/AbstractQueuedSynchronizer$Node;)V @ 17 c2
Event: 20.679 Thread 0x000001754fdba190 DEOPT PACKING pc=0x0000017543f5bfcc sp=0x00000068ee5fdd50
Event: 20.679 Thread 0x000001754fdba190 DEOPT UNPACKING pc=0x00000175439b69a3 sp=0x00000068ee5fdce0 mode 2
Event: 23.479 Thread 0x000001754fdc0db0 Uncommon trap: trap_request=0xffffff45 fr.pc=0x0000017543f9bed4 relative=0x0000000000001854
Event: 23.480 Thread 0x000001754fdc0db0 Uncommon trap: reason=unstable_if action=reinterpret pc=0x0000017543f9bed4 method=com.zetcode.Board.update()V @ 145 c2
Event: 23.480 Thread 0x000001754fdc0db0 DEOPT PACKING pc=0x0000017543f9bed4 sp=0x00000068ee6fed60
Event: 23.480 Thread 0x000001754fdc0db0 DEOPT UNPACKING pc=0x00000175439b69a3 sp=0x00000068ee6fed18 mode 2
Event: 25.065 Thread 0x000001754fdc0db0 DEOPT PACKING pc=0x000001753c681398 sp=0x00000068ee6fed40
Event: 25.066 Thread 0x000001754fdc0db0 DEOPT UNPACKING pc=0x00000175439b7143 sp=0x00000068ee6fe218 mode 0
Event: 26.711 Thread 0x000001759a59a710 Uncommon trap: trap_request=0xffffff45 fr.pc=0x0000017543fa2ab8 relative=0x0000000000000138
Event: 26.711 Thread 0x000001759a59a710 Uncommon trap: reason=unstable_if action=reinterpret pc=0x0000017543fa2ab8 method=java.util.concurrent.locks.ReentrantLock$NonfairSync.tryAcquire(I)Z @ 13 c2
Event: 26.711 Thread 0x000001759a59a710 DEOPT PACKING pc=0x0000017543fa2ab8 sp=0x00000068ef1fef80
Event: 26.711 Thread 0x000001759a59a710 DEOPT UNPACKING pc=0x00000175439b69a3 sp=0x00000068ef1fef30 mode 2
Event: 26.819 Thread 0x000001754fdc0db0 DEOPT PACKING pc=0x000001753c681398 sp=0x00000068ee6fed40
Event: 26.819 Thread 0x000001754fdc0db0 DEOPT UNPACKING pc=0x00000175439b7143 sp=0x00000068ee6fe218 mode 0

Classes unloaded (0 events):
No events

Classes redefined (0 events):
No events

Internal exceptions (17 events):
Event: 0.627 Thread 0x000001754fc64960 Exception <a 'java/lang/NoSuchMethodError'{0x00000000cc4cd250}: 'java.lang.Object java.lang.invoke.DirectMethodHandle$Holder.invokeStaticInit(java.lang.Object)'> (0x00000000cc4cd250) 
thrown [s\src\hotspot\share\interpreter\linkResolver.cpp, line 759]
Event: 0.693 Thread 0x000001754fc64960 Exception <a 'java/lang/NoSuchMethodError'{0x00000000cc4dbc00}: 'void java.lang.invoke.DirectMethodHandle$Holder.invokeStatic(java.lang.Object, java.lang.Object)'> (0x00000000cc4dbc00) 
thrown [s\src\hotspot\share\interpreter\linkResolver.cpp, line 759]
Event: 0.730 Thread 0x000001753490bf70 Exception <a 'java/lang/ClassNotFoundException'{0x00000000cc307fd0}: sun/awt/resources/spi/awtProvider> (0x00000000cc307fd0) 
thrown [s\src\hotspot\share\classfile\systemDictionary.cpp, line 256]
Event: 0.937 Thread 0x000001753490bf70 Exception <a 'java/io/FileNotFoundException'{0x00000000cc35b750}> (0x00000000cc35b750) 
thrown [s\src\hotspot\share\prims\jni.cpp, line 516]
Event: 0.957 Thread 0x000001753490bf70 Exception <a 'java/io/FileNotFoundException'{0x00000000cc388910}> (0x00000000cc388910) 
thrown [s\src\hotspot\share\prims\jni.cpp, line 516]
Event: 2.184 Thread 0x000001754fdc0db0 Exception <a 'java/lang/NoSuchMethodError'{0x00000000cc2d52d0}: 'void java.lang.invoke.DirectMethodHandle$Holder.invokeSpecial(java.lang.Object, java.lang.Object, java.lang.Object)'> (0x00000000cc2d52d0) 
thrown [s\src\hotspot\share\interpreter\linkResolver.cpp, line 759]
Event: 2.206 Thread 0x000001754fdc0db0 Exception <a 'java/lang/NoSuchMethodError'{0x00000000cc2ff548}: 'java.lang.Object java.lang.invoke.DirectMethodHandle$Holder.newInvokeSpecial(java.lang.Object, java.lang.Object, java.lang.Object, java.lang.Object, java.lang.Object)'> (0x00000000cc2ff548) 
thrown [s\src\hotspot\share\interpreter\linkResolver.cpp, line 759]
Event: 2.209 Thread 0x000001754fdc0db0 Exception <a 'java/lang/NoSuchMethodError'{0x00000000cc10b3e8}: 'java.lang.Object java.lang.invoke.DirectMethodHandle$Holder.invokeStatic(java.lang.Object, int, java.lang.Object, java.lang.Object, java.lang.Object, java.lang.Object)'> (0x00000000cc10b3e8) 
thrown [s\src\hotspot\share\interpreter\linkResolver.cpp, line 759]
Event: 2.217 Thread 0x000001754fdc0db0 Exception <a 'java/lang/NoSuchMethodError'{0x00000000cc130ba8}: 'java.lang.Object java.lang.invoke.DirectMethodHandle$Holder.invokeStatic(java.lang.Object, int, java.lang.Object)'> (0x00000000cc130ba8) 
thrown [s\src\hotspot\share\interpreter\linkResolver.cpp, line 759]
Event: 2.283 Thread 0x000001754fdc0db0 Exception <a 'java/lang/ClassNotFoundException'{0x00000000cc1e8e00}: com/sun/swing/internal/plaf/metal/resources/spi/metalProvider> (0x00000000cc1e8e00) 
thrown [s\src\hotspot\share\classfile\systemDictionary.cpp, line 256]
Event: 2.286 Thread 0x000001754fdc0db0 Exception <a 'java/lang/ClassNotFoundException'{0x00000000cc1ed828}: com/sun/swing/internal/plaf/basic/resources/spi/basicProvider> (0x00000000cc1ed828) 
thrown [s\src\hotspot\share\classfile\systemDictionary.cpp, line 256]
Event: 2.386 Thread 0x000001759a5429a0 Exception <a 'java/lang/NoSuchMethodError'{0x00000000cc094630}: 'java.lang.Object java.lang.invoke.DirectMethodHandle$Holder.newInvokeSpecial(java.lang.Object, java.lang.Object, java.lang.Object, int, int, int, int, int)'> (0x00000000cc094630) 
thrown [s\src\hotspot\share\interpreter\linkResolver.cpp, line 759]
Event: 2.414 Thread 0x000001754fdc0db0 Exception <a 'java/lang/NoSuchMethodError'{0x00000000cc01c070}: 'int java.lang.invoke.DirectMethodHandle$Holder.invokeStaticInit(java.lang.Object, java.lang.Object)'> (0x00000000cc01c070) 
thrown [s\src\hotspot\share\interpreter\linkResolver.cpp, line 759]
Event: 3.199 Thread 0x000001754fdc0db0 Exception <a 'java/lang/NoSuchMethodError'{0x00000000cbff5bc8}: 'void java.lang.invoke.DirectMethodHandle$Holder.invokeStaticInit(java.lang.Object)'> (0x00000000cbff5bc8) 
thrown [s\src\hotspot\share\interpreter\linkResolver.cpp, line 759]
Event: 3.754 Thread 0x000001754fdba190 Exception <a 'java/lang/NoSuchMethodError'{0x00000000cc3d7f58}: 'void java.lang.invoke.DirectMethodHandle$Holder.invokeVirtual(java.lang.Object, java.lang.Object)'> (0x00000000cc3d7f58) 
thrown [s\src\hotspot\share\interpreter\linkResolver.cpp, line 759]
Event: 5.422 Thread 0x000001754fdc0db0 Implicit null exception at 0x0000017543f46b14 to 0x0000017543f4bf44
Event: 17.711 Thread 0x000001754fdc0db0 Implicit null exception at 0x0000017543f66065 to 0x0000017543f67478

VM Operations (20 events):
Event: 15.990 Executing VM operation: Cleanup
Event: 15.990 Executing VM operation: Cleanup done
Event: 16.991 Executing VM operation: Cleanup
Event: 16.992 Executing VM operation: Cleanup done
Event: 17.663 Executing VM operation: G1CollectForAllocation
Event: 17.711 Executing VM operation: G1CollectForAllocation done
Event: 18.718 Executing VM operation: Cleanup
Event: 18.719 Executing VM operation: Cleanup done
Event: 20.732 Executing VM operation: Cleanup
Event: 20.732 Executing VM operation: Cleanup done
Event: 21.743 Executing VM operation: Cleanup
Event: 21.744 Executing VM operation: Cleanup done
Event: 22.745 Executing VM operation: Cleanup
Event: 22.745 Executing VM operation: Cleanup done
Event: 25.749 Executing VM operation: Cleanup
Event: 25.749 Executing VM operation: Cleanup done
Event: 26.762 Executing VM operation: Cleanup
Event: 26.762 Executing VM operation: Cleanup done
Event: 27.770 Executing VM operation: Cleanup
Event: 27.770 Executing VM operation: Cleanup done

Events (20 events):
Event: 5.112 loading class java/awt/event/ContainerEvent
Event: 5.112 loading class java/awt/event/ContainerEvent done
Event: 5.112 loading class javax/swing/JComponent$KeyboardState
Event: 5.112 loading class javax/swing/JComponent$KeyboardState done
Event: 5.113 loading class javax/swing/JComponent$IntVector
Event: 5.113 loading class javax/swing/JComponent$IntVector done
Event: 5.113 loading class javax/swing/JInternalFrame
Event: 5.115 loading class javax/swing/JInternalFrame done
Event: 5.115 loading class javax/swing/KeyboardManager
Event: 5.116 loading class javax/swing/KeyboardManager done
Event: 5.116 loading class javax/swing/Popup$HeavyWeightWindow
Event: 5.117 loading class sun/awt/ModalExclude
Event: 5.117 loading class sun/awt/ModalExclude done
Event: 5.117 loading class javax/swing/JWindow
Event: 5.119 loading class javax/swing/JWindow done
Event: 5.119 loading class javax/swing/Popup$HeavyWeightWindow done
Event: 5.750 loading class java/awt/image/BufferedImageOp
Event: 5.750 loading class java/awt/image/BufferedImageOp done
Event: 11.671 Thread 0x000001759a5429a0 Thread exited: 0x000001759a5429a0
Event: 11.796 Thread 0x000001759a59bb50 Thread exited: 0x000001759a59bb50


Dynamic libraries:
0x00007ff7a5720000 - 0x00007ff7a572e000 	C:\Program Files\Amazon Corretto\jdk17.0.11_9\bin\java.exe
0x00007ffa9e5b0000 - 0x00007ffa9e7a8000 	C:\WINDOWS\SYSTEM32\ntdll.dll
0x00007ffa9d6f0000 - 0x00007ffa9d7b1000 	C:\WINDOWS\System32\KERNEL32.DLL
0x00007ffa9bfd0000 - 0x00007ffa9c2cd000 	C:\WINDOWS\System32\KERNELBASE.dll
0x00007ffa9c320000 - 0x00007ffa9c420000 	C:\WINDOWS\System32\ucrtbase.dll
0x00007ffa963c0000 - 0x00007ffa963d7000 	C:\Program Files\Amazon Corretto\jdk17.0.11_9\bin\jli.dll
0x00007ffa9d030000 - 0x00007ffa9d1cd000 	C:\WINDOWS\System32\USER32.dll
0x00007ffa9bfa0000 - 0x00007ffa9bfc2000 	C:\WINDOWS\System32\win32u.dll
0x00007ffa9dbc0000 - 0x00007ffa9dbeb000 	C:\WINDOWS\System32\GDI32.dll
0x00007ffa9c4c0000 - 0x00007ffa9c5d7000 	C:\WINDOWS\System32\gdi32full.dll
0x00007ffa9c420000 - 0x00007ffa9c4bd000 	C:\WINDOWS\System32\msvcp_win.dll
0x00007ffa963e0000 - 0x00007ffa963fb000 	C:\Program Files\Amazon Corretto\jdk17.0.11_9\bin\VCRUNTIME140.dll
0x00007ffa8cf40000 - 0x00007ffa8d1da000 	C:\WINDOWS\WinSxS\amd64_microsoft.windows.common-controls_6595b64144ccf1df_6.0.19041.4355_none_60b8b9eb71f62e16\COMCTL32.dll
0x00007ffa9d270000 - 0x00007ffa9d30e000 	C:\WINDOWS\System32\msvcrt.dll
0x00007ffa9dd20000 - 0x00007ffa9dd4f000 	C:\WINDOWS\System32\IMM32.DLL
0x00007ffa99700000 - 0x00007ffa9970c000 	C:\Program Files\Amazon Corretto\jdk17.0.11_9\bin\vcruntime140_1.dll
0x00007ffa79350000 - 0x00007ffa793dd000 	C:\Program Files\Amazon Corretto\jdk17.0.11_9\bin\msvcp140.dll
0x00007ffa5b0d0000 - 0x00007ffa5bd32000 	C:\Program Files\Amazon Corretto\jdk17.0.11_9\bin\server\jvm.dll
0x00007ffa9d430000 - 0x00007ffa9d4e0000 	C:\WINDOWS\System32\ADVAPI32.dll
0x00007ffa9d1d0000 - 0x00007ffa9d270000 	C:\WINDOWS\System32\sechost.dll
0x00007ffa9d5b0000 - 0x00007ffa9d6d3000 	C:\WINDOWS\System32\RPCRT4.dll
0x00007ffa9bda0000 - 0x00007ffa9bdc7000 	C:\WINDOWS\System32\bcrypt.dll
0x00007ffa9bab0000 - 0x00007ffa9bafb000 	C:\WINDOWS\SYSTEM32\POWRPROF.dll
0x00007ffa99ca0000 - 0x00007ffa99ca9000 	C:\WINDOWS\SYSTEM32\WSOCK32.dll
0x00007ffa9d7c0000 - 0x00007ffa9d82b000 	C:\WINDOWS\System32\WS2_32.dll
0x00007ffa99970000 - 0x00007ffa99997000 	C:\WINDOWS\SYSTEM32\WINMM.dll
0x00007ffa94100000 - 0x00007ffa9410a000 	C:\WINDOWS\SYSTEM32\VERSION.dll
0x00007ffa9ba90000 - 0x00007ffa9baa2000 	C:\WINDOWS\SYSTEM32\UMPDC.dll
0x00007ffa9a470000 - 0x00007ffa9a482000 	C:\WINDOWS\SYSTEM32\kernel.appcore.dll
0x00007ffa96430000 - 0x00007ffa9643a000 	C:\Program Files\Amazon Corretto\jdk17.0.11_9\bin\jimage.dll
0x00007ffa99780000 - 0x00007ffa99964000 	C:\WINDOWS\SYSTEM32\DBGHELP.DLL
0x00007ffa99740000 - 0x00007ffa99774000 	C:\WINDOWS\SYSTEM32\dbgcore.DLL
0x00007ffa9bd10000 - 0x00007ffa9bd92000 	C:\WINDOWS\System32\bcryptPrimitives.dll
0x00007ffa96390000 - 0x00007ffa9639e000 	C:\Program Files\Amazon Corretto\jdk17.0.11_9\bin\instrument.dll
0x00007ffa95530000 - 0x00007ffa95555000 	C:\Program Files\Amazon Corretto\jdk17.0.11_9\bin\java.dll
0x00007ffa72210000 - 0x00007ffa722e7000 	C:\Program Files\Amazon Corretto\jdk17.0.11_9\bin\jsvml.dll
0x00007ffa9c8c0000 - 0x00007ffa9d02f000 	C:\WINDOWS\System32\SHELL32.dll
0x00007ffa99cc0000 - 0x00007ffa9a45f000 	C:\WINDOWS\SYSTEM32\windows.storage.dll
0x00007ffa9d840000 - 0x00007ffa9db93000 	C:\WINDOWS\System32\combase.dll
0x00007ffa9b5b0000 - 0x00007ffa9b5de000 	C:\WINDOWS\SYSTEM32\Wldp.dll
0x00007ffa9d4e0000 - 0x00007ffa9d5ad000 	C:\WINDOWS\System32\OLEAUT32.dll
0x00007ffa9e240000 - 0x00007ffa9e2ed000 	C:\WINDOWS\System32\SHCORE.dll
0x00007ffa9dc60000 - 0x00007ffa9dcb5000 	C:\WINDOWS\System32\shlwapi.dll
0x00007ffa9bb90000 - 0x00007ffa9bbb4000 	C:\WINDOWS\SYSTEM32\profapi.dll
0x00007ffa95830000 - 0x00007ffa95848000 	C:\Program Files\Amazon Corretto\jdk17.0.11_9\bin\zip.dll
0x00007ffa951b0000 - 0x00007ffa951c9000 	C:\Program Files\Amazon Corretto\jdk17.0.11_9\bin\net.dll
0x00007ffa914a0000 - 0x00007ffa915ad000 	C:\WINDOWS\SYSTEM32\WINHTTP.dll
0x00007ffa9b310000 - 0x00007ffa9b37a000 	C:\WINDOWS\system32\mswsock.dll
0x00007ffa950e0000 - 0x00007ffa950f6000 	C:\Program Files\Amazon Corretto\jdk17.0.11_9\bin\nio.dll
0x00007ffa95000000 - 0x00007ffa9501a000 	C:\Program Files\JetBrains\IntelliJ IDEA 2024.1\bin\breakgen64.dll
0x00007ffa95500000 - 0x00007ffa95509000 	C:\Program Files\Amazon Corretto\jdk17.0.11_9\bin\extnet.dll
0x00007ffa66ef0000 - 0x00007ffa67080000 	C:\Program Files\Amazon Corretto\jdk17.0.11_9\bin\awt.dll
0x00007ffa97da0000 - 0x00007ffa97e34000 	C:\WINDOWS\SYSTEM32\apphelp.dll
0x00007ffa98fb0000 - 0x00007ffa9904e000 	C:\WINDOWS\system32\uxtheme.dll
0x00007ffa9d310000 - 0x00007ffa9d424000 	C:\WINDOWS\System32\MSCTF.dll
0x00007ffa9c790000 - 0x00007ffa9c8bb000 	C:\WINDOWS\System32\ole32.dll
0x00007ffa99390000 - 0x00007ffa993bf000 	C:\WINDOWS\system32\DWMAPI.DLL
0x00007ffa654a0000 - 0x00007ffa655c8000 	C:\WINDOWS\system32\opengl32.dll
0x00007ffa82330000 - 0x00007ffa8235c000 	C:\WINDOWS\SYSTEM32\GLU32.dll
0x00007ffa656b0000 - 0x00007ffa65880000 	C:\WINDOWS\system32\d3d9.dll
0x00007ffa90960000 - 0x00007ffa90b1b000 	C:\WINDOWS\System32\DriverStore\FileRepository\u0385692.inf_amd64_464982c8b1262429\B385477\aticfx64.dll
0x00007ffa7e910000 - 0x00007ffa7e944000 	C:\WINDOWS\System32\DriverStore\FileRepository\u0385692.inf_amd64_464982c8b1262429\B385477\atiu9p64.dll
0x00007ffa465a0000 - 0x00007ffa472f5000 	C:\WINDOWS\System32\DriverStore\FileRepository\u0385692.inf_amd64_464982c8b1262429\B385477\atiumd64.dll
0x0000000076310000 - 0x0000000077237000 	C:\WINDOWS\System32\DriverStore\FileRepository\u0385692.inf_amd64_464982c8b1262429\B385477\atiumd6a.dll
0x00007ffa9dd50000 - 0x00007ffa9e1be000 	C:\WINDOWS\System32\SETUPAPI.dll
0x00007ffa9c2d0000 - 0x00007ffa9c31e000 	C:\WINDOWS\System32\cfgmgr32.dll
0x00007ffa8e6e0000 - 0x00007ffa8e715000 	C:\WINDOWS\SYSTEM32\amdihk64.dll
0x00007ffa90b80000 - 0x00007ffa90bbb000 	C:\WINDOWS\SYSTEM32\dxcore.dll
0x00007ffa7e020000 - 0x00007ffa7e04d000 	C:\Program Files\Amazon Corretto\jdk17.0.11_9\bin\javajpeg.dll
0x00007ffa73420000 - 0x00007ffa734a7000 	C:\Program Files\Amazon Corretto\jdk17.0.11_9\bin\freetype.dll
0x00007ffa666b0000 - 0x00007ffa66792000 	C:\Program Files\Amazon Corretto\jdk17.0.11_9\bin\fontmanager.dll
0x00007ffa8cbf0000 - 0x00007ffa8cce9000 	C:\WINDOWS\SYSTEM32\textinputframework.dll
0x00007ffa97690000 - 0x00007ffa979eb000 	C:\WINDOWS\System32\CoreUIComponents.dll
0x00007ffa979f0000 - 0x00007ffa97ae2000 	C:\WINDOWS\System32\CoreMessaging.dll
0x00007ffa9ad50000 - 0x00007ffa9ad83000 	C:\WINDOWS\SYSTEM32\ntmarta.dll
0x00007ffa98120000 - 0x00007ffa98277000 	C:\WINDOWS\SYSTEM32\wintypes.dll

dbghelp: loaded successfully - version: 4.0.5 - missing functions: none
symbol engine: initialized successfully - sym options: 0x614 - pdb path: .;C:\Program Files\Amazon Corretto\jdk17.0.11_9\bin;C:\WINDOWS\SYSTEM32;C:\WINDOWS\WinSxS\amd64_microsoft.windows.common-controls_6595b64144ccf1df_6.0.19041.4355_none_60b8b9eb71f62e16;C:\Program Files\Amazon Corretto\jdk17.0.11_9\bin\server;C:\Program Files\JetBrains\IntelliJ IDEA 2024.1\bin;C:\WINDOWS\System32\DriverStore\FileRepository\u0385692.inf_amd64_464982c8b1262429\B385477

VM Arguments:
jvm_args: -javaagent:C:\Program Files\JetBrains\IntelliJ IDEA 2024.1\lib\idea_rt.jar=51627:C:\Program Files\JetBrains\IntelliJ IDEA 2024.1\bin -Dfile.encoding=UTF-8 
java_command: com.zetcode.SpaceInvaders
java_class_path (initial): C:\Proyectos Expo modalidad\Java-Space-Invaders\out\production\Java-Space-Invaders
Launcher Type: SUN_STANDARD

[Global flags]
     intx CICompilerCount                          = 3                                         {product} {ergonomic}
     uint ConcGCThreads                            = 1                                         {product} {ergonomic}
     uint G1ConcRefinementThreads                  = 4                                         {product} {ergonomic}
   size_t G1HeapRegionSize                         = 1048576                                   {product} {ergonomic}
    uintx GCDrainStackTargetSize                   = 64                                        {product} {ergonomic}
   size_t InitialHeapSize                          = 58720256                                  {product} {ergonomic}
   size_t MarkStackSize                            = 4194304                                   {product} {ergonomic}
   size_t MaxHeapSize                              = 924844032                                 {product} {ergonomic}
   size_t MaxNewSize                               = 554696704                                 {product} {ergonomic}
   size_t MinHeapDeltaBytes                        = 1048576                                   {product} {ergonomic}
   size_t MinHeapSize                              = 8388608                                   {product} {ergonomic}
    uintx NonNMethodCodeHeapSize                   = 5832780                                {pd product} {ergonomic}
    uintx NonProfiledCodeHeapSize                  = 122912730                              {pd product} {ergonomic}
    uintx ProfiledCodeHeapSize                     = 122912730                              {pd product} {ergonomic}
    uintx ReservedCodeCacheSize                    = 251658240                              {pd product} {ergonomic}
     bool SegmentedCodeCache                       = true                                      {product} {ergonomic}
   size_t SoftMaxHeapSize                          = 924844032                              {manageable} {ergonomic}
     bool UseCompressedClassPointers               = true                           {product lp64_product} {ergonomic}
     bool UseCompressedOops                        = true                           {product lp64_product} {ergonomic}
     bool UseG1GC                                  = true                                      {product} {ergonomic}
     bool UseLargePagesIndividualAllocation        = false                                  {pd product} {ergonomic}

Logging:
Log output configuration:
 #0: stdout all=warning uptime,level,tags
 #1: stderr all=off uptime,level,tags

Environment Variables:
JAVA_HOME=C:\Program Files\Amazon Corretto\jdk17.0.11_9
PATH=C:\Program Files\Amazon Corretto\jdk17.0.11_9\bin;C:\Program Files\Common Files\Oracle\Java\javapath;C:\WINDOWS\system32;C:\WINDOWS;C:\WINDOWS\System32\Wbem;C:\WINDOWS\System32\WindowsPowerShell\v1.0\;C:\WINDOWS\System32\OpenSSH\;C:\Program Files\Git\cmd;C:\Users\saral\AppData\Local\Programs\Python\Launcher\;C:\Users\saral\AppData\Local\Microsoft\WindowsApps;C:\Users\saral\AppData\Local\Programs\Microsoft VS Code\bin;C:\Users\saral\PyCharm 2024.1.4\bin;
USERNAME=saral
OS=Windows_NT
PROCESSOR_IDENTIFIER=AMD64 Family 23 Model 24 Stepping 1, AuthenticAMD
TMP=C:\Users\saral\AppData\Local\Temp
TEMP=C:\Users\saral\AppData\Local\Temp



Periodic native trim disabled


---------------  S Y S T E M  ---------------

OS:
 Windows 10 , 64 bit Build 19041 (10.0.19041.4717)
OS uptime: 21 days 21:25 hours

CPU: total 4 (initial active 4) (4 cores per cpu, 2 threads per core) family 23 model 24 stepping 1 microcode 0x0, cx8, cmov, fxsr, ht, mmx, 3dnowpref, sse, sse2, sse3, ssse3, sse4a, sse4.1, sse4.2, popcnt, lzcnt, tsc, tscinvbit, avx, avx2, aes, clmul, bmi1, bmi2, adx, sha, fma, vzeroupper, clflush, clflushopt
Processor Information for all 4 processors :
  Max Mhz: 2400, Current Mhz: 2400, Mhz Limit: 2400

Memory: 4k page, system-wide physical 3520M (126M free)
TotalPageFile size 14272M (AvailPageFile size 0M)
current process WorkingSet (physical memory assigned to process): 88M, peak: 98M
current process commit charge ("private bytes"): 171M, peak: 187M

vm_info: OpenJDK 64-Bit Server VM (17.0.11+9-LTS) for windows-amd64 JRE (17.0.11+9-LTS), built on Apr 10 2024 22:12:24 by "Administrator" with MS VC++ 16.10 / 16.11 (VS2019)

END.
