#
# There is insufficient memory for the Java Runtime Environment to continue.
# Native memory allocation (malloc) failed to allocate 32744 bytes. Error detail: ChunkPool::allocate
# Possible reasons:
#   The system is out of physical RAM or swap space
#   This process is running with CompressedOops enabled, and the Java Heap may be blocking the growth of the native heap
# Possible solutions:
#   Reduce memory load on the system
#   Increase physical memory or swap space
#   Check if swap backing store is full
#   Decrease Java heap size (-Xmx/-Xms)
#   Decrease number of Java threads
#   Decrease Java thread stack sizes (-Xss)
#   Set larger code cache with -XX:ReservedCodeCacheSize=
#   JVM is running with Unscaled Compressed Oops mode in which the Java heap is
#     placed in the first 4GB address space. The Java Heap base address is the
#     maximum limit for the native heap growth. Please use -XX:HeapBaseMinAddress
#     to set the Java Heap base and to place the Java Heap above 4GB virtual address.
# This output file may be truncated or incomplete.
#
#  Out of Memory Error (arena.cpp:79), pid=1792, tid=13988
#
# JRE version: OpenJDK Runtime Environment Corretto-17.0.11.9.1 (17.0.11+9) (build 17.0.11+9-LTS)
# Java VM: OpenJDK 64-Bit Server VM Corretto-17.0.11.9.1 (17.0.11+9-LTS, mixed mode, sharing, tiered, compressed oops, compressed class ptrs, g1 gc, windows-amd64)
# No core dump will be written. Minidumps are not enabled by default on client versions of Windows
#

---------------  S U M M A R Y ------------

Command Line: -javaagent:C:\Program Files\JetBrains\IntelliJ IDEA 2024.1\lib\idea_rt.jar=64664:C:\Program Files\JetBrains\IntelliJ IDEA 2024.1\bin -Dfile.encoding=UTF-8 com.zetcode.SpaceInvaders

Host: AMD Athlon Gold 3150U with Radeon Graphics     , 4 cores, 3G,  Windows 10 , 64 bit Build 19041 (10.0.19041.4717)
Time: Sun Sep 22 07:36:07 2024 Hora est. Pacífico, Sudamérica elapsed time: 85.628541 seconds (0d 0h 1m 25s)

---------------  T H R E A D  ---------------

Current thread (0x000001871c20df80):  JavaThread "C2 CompilerThread0" daemon [_thread_in_native, id=13988, stack(0x0000001a13d00000,0x0000001a13e00000)]


Current CompileTask:
C2:  85628 2037       4       java.awt.EventQueue::dispatchEvent (80 bytes)

Stack: [0x0000001a13d00000,0x0000001a13e00000]
Native frames: (J=compiled Java code, j=interpreted, Vv=VM code, C=native code)
V  [jvm.dll+0x67d009]
V  [jvm.dll+0x83489a]
V  [jvm.dll+0x83635e]
V  [jvm.dll+0x8369c3]
V  [jvm.dll+0x2479df]
V  [jvm.dll+0xac731]
V  [jvm.dll+0xacb7c]
V  [jvm.dll+0x58415b]
V  [jvm.dll+0x2229d2]
V  [jvm.dll+0x21b8cd]
V  [jvm.dll+0x2193f1]
V  [jvm.dll+0x1a524d]
V  [jvm.dll+0x22920d]
V  [jvm.dll+0x2273dc]
V  [jvm.dll+0x7e9a07]
V  [jvm.dll+0x7e3e0a]
V  [jvm.dll+0x67bef5]
C  [ucrtbase.dll+0x21bb2]
C  [KERNEL32.DLL+0x17374]
C  [ntdll.dll+0x4cc91]


---------------  P R O C E S S  ---------------

Threads class SMR info:
_java_thread_list=0x000001876a915d80, length=19, elements={
0x000001877fe75ca0, 0x000001877fe76b20, 0x000001877fe89590, 0x000001877fe8a150,
0x000001877fe8cc20, 0x000001877fe8d5e0, 0x000001871c20df80, 0x000001871c21d9c0,
0x000001871c283a40, 0x000001871c20cc40, 0x000001871c5342a0, 0x000001871c534780,
0x000001871c694930, 0x000001871c696460, 0x000001871c696dc0, 0x000001871c69cf50,
0x000001877fdcd3a0, 0x0000018762b77870, 0x0000018762bf6260
}

Java Threads: ( => current thread )
  0x000001877fe75ca0 JavaThread "Reference Handler" daemon [_thread_blocked, id=16176, stack(0x0000001a13700000,0x0000001a13800000)]
  0x000001877fe76b20 JavaThread "Finalizer" daemon [_thread_blocked, id=13256, stack(0x0000001a13800000,0x0000001a13900000)]
  0x000001877fe89590 JavaThread "Signal Dispatcher" daemon [_thread_blocked, id=1000, stack(0x0000001a13900000,0x0000001a13a00000)]
  0x000001877fe8a150 JavaThread "Attach Listener" daemon [_thread_blocked, id=4628, stack(0x0000001a13a00000,0x0000001a13b00000)]
  0x000001877fe8cc20 JavaThread "Service Thread" daemon [_thread_blocked, id=6776, stack(0x0000001a13b00000,0x0000001a13c00000)]
  0x000001877fe8d5e0 JavaThread "Monitor Deflation Thread" daemon [_thread_blocked, id=13652, stack(0x0000001a13c00000,0x0000001a13d00000)]
=>0x000001871c20df80 JavaThread "C2 CompilerThread0" daemon [_thread_in_native, id=13988, stack(0x0000001a13d00000,0x0000001a13e00000)]
  0x000001871c21d9c0 JavaThread "C1 CompilerThread0" daemon [_thread_blocked, id=11896, stack(0x0000001a13e00000,0x0000001a13f00000)]
  0x000001871c283a40 JavaThread "Sweeper thread" daemon [_thread_blocked, id=6784, stack(0x0000001a13f00000,0x0000001a14000000)]
  0x000001871c20cc40 JavaThread "Common-Cleaner" daemon [_thread_blocked, id=19268, stack(0x0000001a14000000,0x0000001a14100000)]
  0x000001871c5342a0 JavaThread "Monitor Ctrl-Break" daemon [_thread_in_native, id=15844, stack(0x0000001a14100000,0x0000001a14200000)]
  0x000001871c534780 JavaThread "Notification Thread" daemon [_thread_blocked, id=4464, stack(0x0000001a14200000,0x0000001a14300000)]
  0x000001871c694930 JavaThread "Java2D Disposer" daemon [_thread_blocked, id=17512, stack(0x0000001a14400000,0x0000001a14500000)]
  0x000001871c696460 JavaThread "AWT-Shutdown" [_thread_blocked, id=17584, stack(0x0000001a14500000,0x0000001a14600000)]
  0x000001871c696dc0 JavaThread "AWT-Windows" daemon [_thread_in_native, id=10924, stack(0x0000001a14600000,0x0000001a14700000)]
  0x000001871c69cf50 JavaThread "AWT-EventQueue-0" [_thread_blocked, id=14228, stack(0x0000001a14700000,0x0000001a14800000)]
  0x000001877fdcd3a0 JavaThread "DestroyJavaVM" [_thread_blocked, id=3976, stack(0x0000001a13000000,0x0000001a13100000)]
  0x0000018762b77870 JavaThread "TimerQueue" daemon [_thread_blocked, id=5436, stack(0x0000001a14e00000,0x0000001a14f00000)]
  0x0000018762bf6260 JavaThread "D3D Screen Updater" daemon [_thread_blocked, id=17444, stack(0x0000001a15000000,0x0000001a15100000)]

Other Threads:
  0x000001877fe714f0 VMThread "VM Thread" [stack: 0x0000001a13600000,0x0000001a13700000] [id=6912]
  0x000001871c497df0 WatcherThread [stack: 0x0000001a14300000,0x0000001a14400000] [id=7908]
  0x000001877fe051e0 GCTaskThread "GC Thread#0" [stack: 0x0000001a13100000,0x0000001a13200000] [id=9208]
  0x000001876ab77bf0 GCTaskThread "GC Thread#1" [stack: 0x0000001a14f00000,0x0000001a15000000] [id=13036]
  0x0000018762d1ef20 GCTaskThread "GC Thread#2" [stack: 0x0000001a15300000,0x0000001a15400000] [id=7412]
  0x0000018762d1f1e0 GCTaskThread "GC Thread#3" [stack: 0x0000001a15400000,0x0000001a15500000] [id=17692]
  0x000001877fe0cf70 ConcurrentGCThread "G1 Main Marker" [stack: 0x0000001a13200000,0x0000001a13300000] [id=9052]
  0x000001877fe0e130 ConcurrentGCThread "G1 Conc#0" [stack: 0x0000001a13300000,0x0000001a13400000] [id=18988]
  0x000001877fe4a620 ConcurrentGCThread "G1 Refine#0" [stack: 0x0000001a13400000,0x0000001a13500000] [id=5332]
  0x000001877fe4b050 ConcurrentGCThread "G1 Service" [stack: 0x0000001a13500000,0x0000001a13600000] [id=8520]

Threads with active compile tasks:
C2 CompilerThread0    85710 2037       4       java.awt.EventQueue::dispatchEvent (80 bytes)

VM state: not at safepoint (normal execution)

VM Mutex/Monitor currently owned by a thread: None

Heap address: 0x00000000c8e00000, size: 882 MB, Compressed Oops mode: 32-bit

CDS archive(s) mapped at: [0x000001871d000000-0x000001871dbb0000-0x000001871dbb0000), size 12255232, SharedBaseAddress: 0x000001871d000000, ArchiveRelocationMode: 1.
Compressed class space mapped at: 0x000001871e000000-0x000001875e000000, reserved size: 1073741824
Narrow klass base: 0x000001871d000000, Narrow klass shift: 0, Narrow klass range: 0x100000000

GC Precious Log:
 CPUs: 4 total, 4 available
 Memory: 3520M
 Large Page Support: Disabled
 NUMA Support: Disabled
 Compressed Oops: Enabled (32-bit)
 Heap Region Size: 1M
 Heap Min Capacity: 8M
 Heap Initial Capacity: 56M
 Heap Max Capacity: 882M
 Pre-touch: Disabled
 Parallel Workers: 4
 Concurrent Workers: 1
 Concurrent Refinement Workers: 4
 Periodic GC: Disabled

Heap:
 garbage-first heap   total 57344K, used 14497K [0x00000000c8e00000, 0x0000000100000000)
  region size 1024K, 13 young (13312K), 1 survivors (1024K)
 Metaspace       used 10013K, committed 10176K, reserved 1114112K
  class space    used 1068K, committed 1152K, reserved 1048576K

Heap Regions: E=young(eden), S=young(survivor), O=old, HS=humongous(starts), HC=humongous(continues), CS=collection set, F=free, OA=open archive, CA=closed archive, TAMS=top-at-mark-start (previous, next)
|   0|0x00000000c8e00000, 0x00000000c8f00000, 0x00000000c8f00000|100%| O|  |TAMS 0x00000000c8e00000, 0x00000000c8e00000| Untracked 
|   1|0x00000000c8f00000, 0x00000000c9000000, 0x00000000c9000000|100%| O|  |TAMS 0x00000000c8f00000, 0x00000000c8f00000| Untracked 
|   2|0x00000000c9000000, 0x00000000c9093a00, 0x00000000c9100000| 57%| O|  |TAMS 0x00000000c9000000, 0x00000000c9000000| Untracked 
|   3|0x00000000c9100000, 0x00000000c9100000, 0x00000000c9200000|  0%| F|  |TAMS 0x00000000c9100000, 0x00000000c9100000| Untracked 
|   4|0x00000000c9200000, 0x00000000c9200000, 0x00000000c9300000|  0%| F|  |TAMS 0x00000000c9200000, 0x00000000c9200000| Untracked 
|   5|0x00000000c9300000, 0x00000000c9300000, 0x00000000c9400000|  0%| F|  |TAMS 0x00000000c9300000, 0x00000000c9300000| Untracked 
|   6|0x00000000c9400000, 0x00000000c9400000, 0x00000000c9500000|  0%| F|  |TAMS 0x00000000c9400000, 0x00000000c9400000| Untracked 
|   7|0x00000000c9500000, 0x00000000c9500000, 0x00000000c9600000|  0%| F|  |TAMS 0x00000000c9500000, 0x00000000c9500000| Untracked 
|   8|0x00000000c9600000, 0x00000000c9600000, 0x00000000c9700000|  0%| F|  |TAMS 0x00000000c9600000, 0x00000000c9600000| Untracked 
|   9|0x00000000c9700000, 0x00000000c9700000, 0x00000000c9800000|  0%| F|  |TAMS 0x00000000c9700000, 0x00000000c9700000| Untracked 
|  10|0x00000000c9800000, 0x00000000c9800000, 0x00000000c9900000|  0%| F|  |TAMS 0x00000000c9800000, 0x00000000c9800000| Untracked 
|  11|0x00000000c9900000, 0x00000000c9900000, 0x00000000c9a00000|  0%| F|  |TAMS 0x00000000c9900000, 0x00000000c9900000| Untracked 
|  12|0x00000000c9a00000, 0x00000000c9a00000, 0x00000000c9b00000|  0%| F|  |TAMS 0x00000000c9a00000, 0x00000000c9a00000| Untracked 
|  13|0x00000000c9b00000, 0x00000000c9b00000, 0x00000000c9c00000|  0%| F|  |TAMS 0x00000000c9b00000, 0x00000000c9b00000| Untracked 
|  14|0x00000000c9c00000, 0x00000000c9c00000, 0x00000000c9d00000|  0%| F|  |TAMS 0x00000000c9c00000, 0x00000000c9c00000| Untracked 
|  15|0x00000000c9d00000, 0x00000000c9d00000, 0x00000000c9e00000|  0%| F|  |TAMS 0x00000000c9d00000, 0x00000000c9d00000| Untracked 
|  16|0x00000000c9e00000, 0x00000000c9e00000, 0x00000000c9f00000|  0%| F|  |TAMS 0x00000000c9e00000, 0x00000000c9e00000| Untracked 
|  17|0x00000000c9f00000, 0x00000000c9f00000, 0x00000000ca000000|  0%| F|  |TAMS 0x00000000c9f00000, 0x00000000c9f00000| Untracked 
|  18|0x00000000ca000000, 0x00000000ca000000, 0x00000000ca100000|  0%| F|  |TAMS 0x00000000ca000000, 0x00000000ca000000| Untracked 
|  19|0x00000000ca100000, 0x00000000ca100000, 0x00000000ca200000|  0%| F|  |TAMS 0x00000000ca100000, 0x00000000ca100000| Untracked 
|  20|0x00000000ca200000, 0x00000000ca200000, 0x00000000ca300000|  0%| F|  |TAMS 0x00000000ca200000, 0x00000000ca200000| Untracked 
|  21|0x00000000ca300000, 0x00000000ca300000, 0x00000000ca400000|  0%| F|  |TAMS 0x00000000ca300000, 0x00000000ca300000| Untracked 
|  22|0x00000000ca400000, 0x00000000ca400000, 0x00000000ca500000|  0%| F|  |TAMS 0x00000000ca400000, 0x00000000ca400000| Untracked 
|  23|0x00000000ca500000, 0x00000000ca500000, 0x00000000ca600000|  0%| F|  |TAMS 0x00000000ca500000, 0x00000000ca500000| Untracked 
|  24|0x00000000ca600000, 0x00000000ca600000, 0x00000000ca700000|  0%| F|  |TAMS 0x00000000ca600000, 0x00000000ca600000| Untracked 
|  25|0x00000000ca700000, 0x00000000ca700000, 0x00000000ca800000|  0%| F|  |TAMS 0x00000000ca700000, 0x00000000ca700000| Untracked 
|  26|0x00000000ca800000, 0x00000000ca800000, 0x00000000ca900000|  0%| F|  |TAMS 0x00000000ca800000, 0x00000000ca800000| Untracked 
|  27|0x00000000ca900000, 0x00000000ca900000, 0x00000000caa00000|  0%| F|  |TAMS 0x00000000ca900000, 0x00000000ca900000| Untracked 
|  28|0x00000000caa00000, 0x00000000caa00000, 0x00000000cab00000|  0%| F|  |TAMS 0x00000000caa00000, 0x00000000caa00000| Untracked 
|  29|0x00000000cab00000, 0x00000000cab00000, 0x00000000cac00000|  0%| F|  |TAMS 0x00000000cab00000, 0x00000000cab00000| Untracked 
|  30|0x00000000cac00000, 0x00000000cac00000, 0x00000000cad00000|  0%| F|  |TAMS 0x00000000cac00000, 0x00000000cac00000| Untracked 
|  31|0x00000000cad00000, 0x00000000cad00000, 0x00000000cae00000|  0%| F|  |TAMS 0x00000000cad00000, 0x00000000cad00000| Untracked 
|  32|0x00000000cae00000, 0x00000000cae00000, 0x00000000caf00000|  0%| F|  |TAMS 0x00000000cae00000, 0x00000000cae00000| Untracked 
|  33|0x00000000caf00000, 0x00000000caf00000, 0x00000000cb000000|  0%| F|  |TAMS 0x00000000caf00000, 0x00000000caf00000| Untracked 
|  34|0x00000000cb000000, 0x00000000cb000000, 0x00000000cb100000|  0%| F|  |TAMS 0x00000000cb000000, 0x00000000cb000000| Untracked 
|  35|0x00000000cb100000, 0x00000000cb100000, 0x00000000cb200000|  0%| F|  |TAMS 0x00000000cb100000, 0x00000000cb100000| Untracked 
|  36|0x00000000cb200000, 0x00000000cb200000, 0x00000000cb300000|  0%| F|  |TAMS 0x00000000cb200000, 0x00000000cb200000| Untracked 
|  37|0x00000000cb300000, 0x00000000cb300000, 0x00000000cb400000|  0%| F|  |TAMS 0x00000000cb300000, 0x00000000cb300000| Untracked 
|  38|0x00000000cb400000, 0x00000000cb494d70, 0x00000000cb500000| 58%| S|CS|TAMS 0x00000000cb400000, 0x00000000cb400000| Complete 
|  39|0x00000000cb500000, 0x00000000cb500000, 0x00000000cb600000|  0%| F|  |TAMS 0x00000000cb500000, 0x00000000cb500000| Untracked 
|  40|0x00000000cb600000, 0x00000000cb600000, 0x00000000cb700000|  0%| F|  |TAMS 0x00000000cb600000, 0x00000000cb600000| Untracked 
|  41|0x00000000cb700000, 0x00000000cb700000, 0x00000000cb800000|  0%| F|  |TAMS 0x00000000cb700000, 0x00000000cb700000| Untracked 
|  42|0x00000000cb800000, 0x00000000cb800000, 0x00000000cb900000|  0%| F|  |TAMS 0x00000000cb800000, 0x00000000cb800000| Untracked 
|  43|0x00000000cb900000, 0x00000000cb900000, 0x00000000cba00000|  0%| F|  |TAMS 0x00000000cb900000, 0x00000000cb900000| Untracked 
|  44|0x00000000cba00000, 0x00000000cba00800, 0x00000000cbb00000|  0%| E|  |TAMS 0x00000000cba00000, 0x00000000cba00000| Complete 
|  45|0x00000000cbb00000, 0x00000000cbc00000, 0x00000000cbc00000|100%| E|CS|TAMS 0x00000000cbb00000, 0x00000000cbb00000| Complete 
|  46|0x00000000cbc00000, 0x00000000cbd00000, 0x00000000cbd00000|100%| E|CS|TAMS 0x00000000cbc00000, 0x00000000cbc00000| Complete 
|  47|0x00000000cbd00000, 0x00000000cbe00000, 0x00000000cbe00000|100%| E|CS|TAMS 0x00000000cbd00000, 0x00000000cbd00000| Complete 
|  48|0x00000000cbe00000, 0x00000000cbf00000, 0x00000000cbf00000|100%| E|CS|TAMS 0x00000000cbe00000, 0x00000000cbe00000| Complete 
|  49|0x00000000cbf00000, 0x00000000cc000000, 0x00000000cc000000|100%| E|CS|TAMS 0x00000000cbf00000, 0x00000000cbf00000| Complete 
|  50|0x00000000cc000000, 0x00000000cc100000, 0x00000000cc100000|100%| E|CS|TAMS 0x00000000cc000000, 0x00000000cc000000| Complete 
|  51|0x00000000cc100000, 0x00000000cc200000, 0x00000000cc200000|100%| E|CS|TAMS 0x00000000cc100000, 0x00000000cc100000| Complete 
|  52|0x00000000cc200000, 0x00000000cc300000, 0x00000000cc300000|100%| E|CS|TAMS 0x00000000cc200000, 0x00000000cc200000| Complete 
|  53|0x00000000cc300000, 0x00000000cc400000, 0x00000000cc400000|100%| E|CS|TAMS 0x00000000cc300000, 0x00000000cc300000| Complete 
|  54|0x00000000cc400000, 0x00000000cc500000, 0x00000000cc500000|100%| E|CS|TAMS 0x00000000cc400000, 0x00000000cc400000| Complete 
|  55|0x00000000cc500000, 0x00000000cc600000, 0x00000000cc600000|100%| E|CS|TAMS 0x00000000cc500000, 0x00000000cc500000| Complete 

Card table byte_map: [0x0000018717e70000,0x0000018718030000] _byte_map_base: 0x0000018717829000

Marking Bits (Prev, Next): (CMBitMap*) 0x000001877fe05800, (CMBitMap*) 0x000001877fe05840
 Prev Bits: [0x00000187181f0000, 0x0000018718fb8000)
 Next Bits: [0x0000018718fc0000, 0x0000018719d88000)

Polling page: 0x000001877f190000

Metaspace:

Usage:
  Non-class:      8.74 MB used.
      Class:      1.04 MB used.
       Both:      9.78 MB used.

Virtual space:
  Non-class space:       64.00 MB reserved,       8.81 MB ( 14%) committed,  1 nodes.
      Class space:        1.00 GB reserved,       1.12 MB ( <1%) committed,  1 nodes.
             Both:        1.06 GB reserved,       9.94 MB ( <1%) committed. 

Chunk freelists:
   Non-Class:  7.00 MB
       Class:  14.75 MB
        Both:  21.75 MB

MaxMetaspaceSize: unlimited
CompressedClassSpaceSize: 1.00 GB
Initial GC threshold: 21.00 MB
Current GC threshold: 21.00 MB
CDS: on
MetaspaceReclaimPolicy: balanced
 - commit_granule_bytes: 65536.
 - commit_granule_words: 8192.
 - virtual_space_node_default_size: 8388608.
 - enlarge_chunks_in_place: 1.
 - new_chunks_are_fully_committed: 0.
 - uncommit_free_chunks: 1.
 - use_allocation_guard: 0.
 - handle_deallocations: 1.


Internal statistics:

num_allocs_failed_limit: 0.
num_arena_births: 124.
num_arena_deaths: 0.
num_vsnodes_births: 2.
num_vsnodes_deaths: 0.
num_space_committed: 159.
num_space_uncommitted: 0.
num_chunks_returned_to_freelist: 0.
num_chunks_taken_from_freelist: 180.
num_chunk_merges: 0.
num_chunk_splits: 106.
num_chunks_enlarged: 51.
num_inconsistent_stats: 0.

CodeHeap 'non-profiled nmethods': size=120000Kb used=1012Kb max_used=1012Kb free=118987Kb
 bounds [0x0000018710940000, 0x0000018710bb0000, 0x0000018717e70000]
CodeHeap 'profiled nmethods': size=120000Kb used=3749Kb max_used=3749Kb free=116250Kb
 bounds [0x0000018708e70000, 0x0000018709220000, 0x00000187103a0000]
CodeHeap 'non-nmethods': size=5760Kb used=1297Kb max_used=1311Kb free=4462Kb
 bounds [0x00000187103a0000, 0x0000018710610000, 0x0000018710940000]
 total_blobs=2673 nmethods=2042 adapters=543
 compilation: enabled
              stopped_count=0, restarted_count=0
 full_count=0

Compilation events (20 events):
Event: 84.686 Thread 0x000001871c21d9c0 nmethod 2030 0x0000018709211a90 code [0x0000018709211c20, 0x0000018709211dd8]
Event: 84.689 Thread 0x000001871c21d9c0 2031       3       java.awt.Insets::<init> (26 bytes)
Event: 84.689 Thread 0x000001871c21d9c0 nmethod 2031 0x0000018709211e90 code [0x0000018709212020, 0x0000018709212198]
Event: 84.690 Thread 0x000001871c21d9c0 2032       3       javax.swing.text.SegmentCache::getSharedInstance (4 bytes)
Event: 84.690 Thread 0x000001871c21d9c0 nmethod 2032 0x0000018709212290 code [0x0000018709212420, 0x0000018709212518]
Event: 85.198 Thread 0x000001871c21d9c0 2033       3       java.awt.EventQueue::getNextEventPrivate (76 bytes)
Event: 85.199 Thread 0x000001871c21d9c0 nmethod 2033 0x0000018709212590 code [0x0000018709212760, 0x0000018709212ac8]
Event: 85.199 Thread 0x000001871c21d9c0 2034       3       java.awt.Component::getGraphics (124 bytes)
Event: 85.200 Thread 0x000001871c21d9c0 nmethod 2034 0x0000018709212c10 code [0x0000018709212e80, 0x0000018709213a28]
Event: 85.493 Thread 0x000001871c20df80 2035   !   4       java.awt.EventQueue::setCurrentEventAndMostRecentTimeImpl (191 bytes)
Event: 85.514 Thread 0x000001871c20df80 nmethod 2035 0x0000018710a3c310 code [0x0000018710a3c4e0, 0x0000018710a3cd18]
Event: 85.534 Thread 0x000001871c21d9c0 2036       3       sun.awt.im.InputMethodContext::dispatchEvent (62 bytes)
Event: 85.536 Thread 0x000001871c21d9c0 nmethod 2036 0x0000018709213d10 code [0x0000018709213f80, 0x0000018709214c38]
Event: 85.555 Thread 0x000001871c20df80 2037       4       java.awt.EventQueue::dispatchEvent (80 bytes)
Event: 85.564 Thread 0x000001871c21d9c0 2039       3       java.awt.Component::isLightweight (8 bytes)
Event: 85.564 Thread 0x000001871c21d9c0 nmethod 2039 0x0000018709214f10 code [0x00000187092150a0, 0x00000187092152d8]
Event: 85.573 Thread 0x000001871c21d9c0 2040       3       java.awt.Component::inside (30 bytes)
Event: 85.574 Thread 0x000001871c21d9c0 nmethod 2040 0x0000018709215390 code [0x0000018709215520, 0x0000018709215738]
Event: 85.583 Thread 0x000001871c21d9c0 2041       3       javax.swing.JComponent::contains (27 bytes)
Event: 85.584 Thread 0x000001871c21d9c0 nmethod 2041 0x0000018709215810 code [0x00000187092159e0, 0x0000018709216078]

GC Heap History (4 events):
Event: 20.423 GC heap before
{Heap before GC invocations=0 (full 0):
 garbage-first heap   total 57344K, used 13312K [0x00000000c8e00000, 0x0000000100000000)
  region size 1024K, 13 young (13312K), 0 survivors (0K)
 Metaspace       used 8012K, committed 8256K, reserved 1114112K
  class space    used 847K, committed 960K, reserved 1048576K
}
Event: 20.432 GC heap after
{Heap after GC invocations=1 (full 0):
 garbage-first heap   total 57344K, used 2592K [0x00000000c8e00000, 0x0000000100000000)
  region size 1024K, 2 young (2048K), 2 survivors (2048K)
 Metaspace       used 8012K, committed 8256K, reserved 1114112K
  class space    used 847K, committed 960K, reserved 1048576K
}
Event: 76.005 GC heap before
{Heap before GC invocations=1 (full 0):
 garbage-first heap   total 57344K, used 17952K [0x00000000c8e00000, 0x0000000100000000)
  region size 1024K, 17 young (17408K), 2 survivors (2048K)
 Metaspace       used 8502K, committed 8704K, reserved 1114112K
  class space    used 869K, committed 960K, reserved 1048576K
}
Event: 76.011 GC heap after
{Heap after GC invocations=2 (full 0):
 garbage-first heap   total 57344K, used 3233K [0x00000000c8e00000, 0x0000000100000000)
  region size 1024K, 1 young (1024K), 1 survivors (1024K)
 Metaspace       used 8502K, committed 8704K, reserved 1114112K
  class space    used 869K, committed 960K, reserved 1048576K
}

Dll operation events (13 events):
Event: 0.069 Loaded shared library C:\Program Files\Amazon Corretto\jdk17.0.11_9\bin\java.dll
Event: 0.129 Loaded shared library C:\Program Files\Amazon Corretto\jdk17.0.11_9\bin\jsvml.dll
Event: 0.427 Loaded shared library C:\Program Files\Amazon Corretto\jdk17.0.11_9\bin\zip.dll
Event: 0.437 Loaded shared library C:\Program Files\Amazon Corretto\jdk17.0.11_9\bin\instrument.dll
Event: 0.465 Loaded shared library C:\Program Files\Amazon Corretto\jdk17.0.11_9\bin\net.dll
Event: 0.474 Loaded shared library C:\Program Files\Amazon Corretto\jdk17.0.11_9\bin\nio.dll
Event: 0.535 Loaded shared library C:\Program Files\Amazon Corretto\jdk17.0.11_9\bin\zip.dll
Event: 0.573 Loaded shared library C:\Program Files\JetBrains\IntelliJ IDEA 2024.1\bin\breakgen64.dll
Event: 0.643 Loaded shared library C:\Program Files\Amazon Corretto\jdk17.0.11_9\bin\extnet.dll
Event: 0.647 Loaded shared library C:\Program Files\Amazon Corretto\jdk17.0.11_9\bin\jimage.dll
Event: 0.704 Loaded shared library C:\Program Files\Amazon Corretto\jdk17.0.11_9\bin\awt.dll
Event: 2.891 Loaded shared library C:\Program Files\Amazon Corretto\jdk17.0.11_9\bin\freetype.dll
Event: 2.961 Loaded shared library C:\Program Files\Amazon Corretto\jdk17.0.11_9\bin\fontmanager.dll

Deoptimization events (20 events):
Event: 82.561 Thread 0x000001871c69cf50 Uncommon trap: trap_request=0xffffffde fr.pc=0x000001871094a3a4 relative=0x00000000000001a4
Event: 82.561 Thread 0x000001871c69cf50 Uncommon trap: reason=class_check action=maybe_recompile pc=0x000001871094a3a4 method=java.lang.String.equals(Ljava/lang/Object;)Z @ 8 c2
Event: 82.561 Thread 0x000001871c69cf50 DEOPT PACKING pc=0x000001871094a3a4 sp=0x0000001a147fe080
Event: 82.561 Thread 0x000001871c69cf50 DEOPT UNPACKING pc=0x00000187103f69a3 sp=0x0000001a147fe018 mode 2
Event: 82.561 Thread 0x000001871c69cf50 Uncommon trap: trap_request=0xffffffde fr.pc=0x000001871094a3a4 relative=0x00000000000001a4
Event: 82.561 Thread 0x000001871c69cf50 Uncommon trap: reason=class_check action=maybe_recompile pc=0x000001871094a3a4 method=java.lang.String.equals(Ljava/lang/Object;)Z @ 8 c2
Event: 82.561 Thread 0x000001871c69cf50 DEOPT PACKING pc=0x000001871094a3a4 sp=0x0000001a147fe080
Event: 82.561 Thread 0x000001871c69cf50 DEOPT UNPACKING pc=0x00000187103f69a3 sp=0x0000001a147fe018 mode 2
Event: 82.562 Thread 0x000001871c69cf50 Uncommon trap: trap_request=0xffffff3d fr.pc=0x0000018710a0f050 relative=0x0000000000000390
Event: 82.562 Thread 0x000001871c69cf50 Uncommon trap: reason=unstable_fused_if action=reinterpret pc=0x0000018710a0f050 method=java.awt.AWTEvent.<init>(Ljava/lang/Object;I)V @ 28 c2
Event: 82.562 Thread 0x000001871c69cf50 DEOPT PACKING pc=0x0000018710a0f050 sp=0x0000001a147fe140
Event: 82.562 Thread 0x000001871c69cf50 DEOPT UNPACKING pc=0x00000187103f69a3 sp=0x0000001a147fe120 mode 2
Event: 82.703 Thread 0x000001871c69cf50 Uncommon trap: trap_request=0xffffffde fr.pc=0x000001871094a3a4 relative=0x00000000000001a4
Event: 82.703 Thread 0x000001871c69cf50 Uncommon trap: reason=class_check action=maybe_recompile pc=0x000001871094a3a4 method=java.lang.String.equals(Ljava/lang/Object;)Z @ 8 c2
Event: 82.703 Thread 0x000001871c69cf50 DEOPT PACKING pc=0x000001871094a3a4 sp=0x0000001a147fe080
Event: 82.703 Thread 0x000001871c69cf50 DEOPT UNPACKING pc=0x00000187103f69a3 sp=0x0000001a147fe018 mode 2
Event: 82.703 Thread 0x000001871c69cf50 Uncommon trap: trap_request=0xffffffde fr.pc=0x000001871094a3a4 relative=0x00000000000001a4
Event: 82.703 Thread 0x000001871c69cf50 Uncommon trap: reason=class_check action=maybe_recompile pc=0x000001871094a3a4 method=java.lang.String.equals(Ljava/lang/Object;)Z @ 8 c2
Event: 82.703 Thread 0x000001871c69cf50 DEOPT PACKING pc=0x000001871094a3a4 sp=0x0000001a147fe080
Event: 82.703 Thread 0x000001871c69cf50 DEOPT UNPACKING pc=0x00000187103f69a3 sp=0x0000001a147fe018 mode 2

Classes unloaded (0 events):
No events

Classes redefined (0 events):
No events

Internal exceptions (19 events):
Event: 0.613 Thread 0x000001871c5342a0 Exception <a 'java/lang/NoSuchMethodError'{0x00000000cc4cce90}: 'java.lang.Object java.lang.invoke.DirectMethodHandle$Holder.invokeStaticInit(java.lang.Object)'> (0x00000000cc4cce90) 
thrown [s\src\hotspot\share\interpreter\linkResolver.cpp, line 759]
Event: 0.647 Thread 0x000001871c5342a0 Exception <a 'java/lang/NoSuchMethodError'{0x00000000cc4db840}: 'void java.lang.invoke.DirectMethodHandle$Holder.invokeStatic(java.lang.Object, java.lang.Object)'> (0x00000000cc4db840) 
thrown [s\src\hotspot\share\interpreter\linkResolver.cpp, line 759]
Event: 0.663 Thread 0x000001877fdcd3a0 Exception <a 'java/lang/ClassNotFoundException'{0x00000000cc3081d0}: sun/awt/resources/spi/awtProvider> (0x00000000cc3081d0) 
thrown [s\src\hotspot\share\classfile\systemDictionary.cpp, line 256]
Event: 0.736 Thread 0x000001877fdcd3a0 Exception <a 'java/io/FileNotFoundException'{0x00000000cc35b8c0}> (0x00000000cc35b8c0) 
thrown [s\src\hotspot\share\prims\jni.cpp, line 516]
Event: 0.753 Thread 0x000001877fdcd3a0 Exception <a 'java/io/FileNotFoundException'{0x00000000cc388ae0}> (0x00000000cc388ae0) 
thrown [s\src\hotspot\share\prims\jni.cpp, line 516]
Event: 1.862 Thread 0x000001871c69cf50 Exception <a 'java/lang/NoSuchMethodError'{0x00000000cc00ce78}: 'void java.lang.invoke.DirectMethodHandle$Holder.invokeSpecial(java.lang.Object, java.lang.Object, java.lang.Object)'> (0x00000000cc00ce78) 
thrown [s\src\hotspot\share\interpreter\linkResolver.cpp, line 759]
Event: 1.987 Thread 0x000001871c69cf50 Exception <a 'java/lang/NoSuchMethodError'{0x00000000cc036ff8}: 'java.lang.Object java.lang.invoke.DirectMethodHandle$Holder.newInvokeSpecial(java.lang.Object, java.lang.Object, java.lang.Object, java.lang.Object, java.lang.Object)'> (0x00000000cc036ff8) 
thrown [s\src\hotspot\share\interpreter\linkResolver.cpp, line 759]
Event: 1.994 Thread 0x000001871c69cf50 Exception <a 'java/lang/NoSuchMethodError'{0x00000000cc0429c0}: 'java.lang.Object java.lang.invoke.DirectMethodHandle$Holder.invokeStatic(java.lang.Object, int, java.lang.Object, java.lang.Object, java.lang.Object, java.lang.Object)'> (0x00000000cc0429c0) 
thrown [s\src\hotspot\share\interpreter\linkResolver.cpp, line 759]
Event: 2.019 Thread 0x000001871c69cf50 Exception <a 'java/lang/NoSuchMethodError'{0x00000000cc068438}: 'java.lang.Object java.lang.invoke.DirectMethodHandle$Holder.invokeStatic(java.lang.Object, int, java.lang.Object)'> (0x00000000cc068438) 
thrown [s\src\hotspot\share\interpreter\linkResolver.cpp, line 759]
Event: 2.168 Thread 0x000001871c69cf50 Exception <a 'java/lang/ClassNotFoundException'{0x00000000cbf209d0}: com/sun/swing/internal/plaf/metal/resources/spi/metalProvider> (0x00000000cbf209d0) 
thrown [s\src\hotspot\share\classfile\systemDictionary.cpp, line 256]
Event: 2.172 Thread 0x000001871c69cf50 Exception <a 'java/lang/ClassNotFoundException'{0x00000000cbf253f8}: com/sun/swing/internal/plaf/basic/resources/spi/basicProvider> (0x00000000cbf253f8) 
thrown [s\src\hotspot\share\classfile\systemDictionary.cpp, line 256]
Event: 2.237 Thread 0x000001871c69cf50 Implicit null exception at 0x000001871096c31b to 0x000001871096c975
Event: 2.422 Thread 0x0000018762b9db90 Exception <a 'java/lang/NoSuchMethodError'{0x00000000cbfd7620}: 'java.lang.Object java.lang.invoke.DirectMethodHandle$Holder.newInvokeSpecial(java.lang.Object, java.lang.Object, java.lang.Object, int, int, int, int, int)'> (0x00000000cbfd7620) 
thrown [s\src\hotspot\share\interpreter\linkResolver.cpp, line 759]
Event: 2.446 Thread 0x000001871c69cf50 Exception <a 'java/lang/NoSuchMethodError'{0x00000000cbf53a28}: 'int java.lang.invoke.DirectMethodHandle$Holder.invokeStaticInit(java.lang.Object, java.lang.Object)'> (0x00000000cbf53a28) 
thrown [s\src\hotspot\share\interpreter\linkResolver.cpp, line 759]
Event: 2.823 Thread 0x000001871c69cf50 Exception <a 'java/lang/NoSuchMethodError'{0x00000000cbe20348}: 'void java.lang.invoke.DirectMethodHandle$Holder.invokeStaticInit(java.lang.Object)'> (0x00000000cbe20348) 
thrown [s\src\hotspot\share\interpreter\linkResolver.cpp, line 759]
Event: 3.561 Thread 0x000001871c696dc0 Exception <a 'java/lang/NoSuchMethodError'{0x00000000cc3d7d30}: 'void java.lang.invoke.DirectMethodHandle$Holder.invokeVirtual(java.lang.Object, java.lang.Object)'> (0x00000000cc3d7d30) 
thrown [s\src\hotspot\share\interpreter\linkResolver.cpp, line 759]
Event: 6.359 Thread 0x000001871c69cf50 Implicit null exception at 0x000001871098989b to 0x000001871098e938
Event: 76.998 Thread 0x000001871c69cf50 Implicit null exception at 0x0000018710a28d5e to 0x0000018710a2d264
Event: 77.642 Thread 0x000001871c69cf50 Implicit null exception at 0x00000187109cb378 to 0x00000187109cb810

VM Operations (20 events):
Event: 77.137 Executing VM operation: HandshakeAllThreads
Event: 77.137 Executing VM operation: HandshakeAllThreads done
Event: 77.142 Executing VM operation: HandshakeAllThreads
Event: 77.142 Executing VM operation: HandshakeAllThreads done
Event: 77.261 Executing VM operation: HandshakeAllThreads
Event: 77.261 Executing VM operation: HandshakeAllThreads done
Event: 77.282 Executing VM operation: HandshakeAllThreads
Event: 77.283 Executing VM operation: HandshakeAllThreads done
Event: 77.639 Executing VM operation: HandshakeAllThreads
Event: 77.639 Executing VM operation: HandshakeAllThreads done
Event: 78.653 Executing VM operation: Cleanup
Event: 78.653 Executing VM operation: Cleanup done
Event: 79.661 Executing VM operation: Cleanup
Event: 79.661 Executing VM operation: Cleanup done
Event: 82.685 Executing VM operation: Cleanup
Event: 82.685 Executing VM operation: Cleanup done
Event: 83.696 Executing VM operation: Cleanup
Event: 83.696 Executing VM operation: Cleanup done
Event: 84.700 Executing VM operation: Cleanup
Event: 84.700 Executing VM operation: Cleanup done

Events (20 events):
Event: 82.573 loading class javax/swing/text/DefaultCaret$1
Event: 82.573 loading class javax/swing/text/DefaultCaret$1 done
Event: 82.574 loading class javax/swing/event/UndoableEditEvent
Event: 82.574 loading class javax/swing/event/UndoableEditEvent done
Event: 82.574 loading class javax/swing/text/AbstractDocument$DefaultDocumentEventUndoableWrapper
Event: 82.574 loading class sun/swing/text/UndoableEditLockSupport
Event: 82.575 loading class sun/swing/text/UndoableEditLockSupport done
Event: 82.575 loading class javax/swing/text/AbstractDocument$DefaultDocumentEventUndoableWrapper done
Event: 82.575 loading class javax/swing/event/UndoableEditListener
Event: 82.575 loading class javax/swing/event/UndoableEditListener done
Event: 82.575 loading class javax/swing/RepaintManager$3
Event: 82.576 loading class javax/swing/RepaintManager$3 done
Event: 85.429 loading class java/awt/event/MouseEvent$1
Event: 85.429 loading class sun/awt/AWTAccessor$MouseEventAccessor
Event: 85.430 loading class sun/awt/AWTAccessor$MouseEventAccessor done
Event: 85.430 loading class java/awt/event/MouseEvent$1 done
Event: 85.433 loading class java/awt/Cursor$CursorDisposer
Event: 85.434 loading class java/awt/Cursor$CursorDisposer done
Event: 85.434 loading class java/awt/event/MouseWheelEvent
Event: 85.435 loading class java/awt/event/MouseWheelEvent done


Dynamic libraries:
0x00007ff68d170000 - 0x00007ff68d17e000 	C:\Program Files\Amazon Corretto\jdk17.0.11_9\bin\java.exe
0x00007ffa9e5b0000 - 0x00007ffa9e7a8000 	C:\WINDOWS\SYSTEM32\ntdll.dll
0x00007ffa9d6f0000 - 0x00007ffa9d7b1000 	C:\WINDOWS\System32\KERNEL32.DLL
0x00007ffa9bfd0000 - 0x00007ffa9c2cd000 	C:\WINDOWS\System32\KERNELBASE.dll
0x00007ffa9c320000 - 0x00007ffa9c420000 	C:\WINDOWS\System32\ucrtbase.dll
0x00007ffa97c50000 - 0x00007ffa97c67000 	C:\Program Files\Amazon Corretto\jdk17.0.11_9\bin\jli.dll
0x00007ffa95000000 - 0x00007ffa9501b000 	C:\Program Files\Amazon Corretto\jdk17.0.11_9\bin\VCRUNTIME140.dll
0x00007ffa9d030000 - 0x00007ffa9d1cd000 	C:\WINDOWS\System32\USER32.dll
0x00007ffa8cf40000 - 0x00007ffa8d1da000 	C:\WINDOWS\WinSxS\amd64_microsoft.windows.common-controls_6595b64144ccf1df_6.0.19041.4355_none_60b8b9eb71f62e16\COMCTL32.dll
0x00007ffa9d270000 - 0x00007ffa9d30e000 	C:\WINDOWS\System32\msvcrt.dll
0x00007ffa9dbc0000 - 0x00007ffa9dbeb000 	C:\WINDOWS\System32\GDI32.dll
0x00007ffa9bfa0000 - 0x00007ffa9bfc2000 	C:\WINDOWS\System32\win32u.dll
0x00007ffa9c4c0000 - 0x00007ffa9c5d7000 	C:\WINDOWS\System32\gdi32full.dll
0x00007ffa9c420000 - 0x00007ffa9c4bd000 	C:\WINDOWS\System32\msvcp_win.dll
0x00007ffa9dd20000 - 0x00007ffa9dd4f000 	C:\WINDOWS\System32\IMM32.DLL
0x00007ffa951a0000 - 0x00007ffa951ac000 	C:\Program Files\Amazon Corretto\jdk17.0.11_9\bin\vcruntime140_1.dll
0x00007ffa7ed50000 - 0x00007ffa7eddd000 	C:\Program Files\Amazon Corretto\jdk17.0.11_9\bin\msvcp140.dll
0x00007ffa58920000 - 0x00007ffa59582000 	C:\Program Files\Amazon Corretto\jdk17.0.11_9\bin\server\jvm.dll
0x00007ffa9d430000 - 0x00007ffa9d4e0000 	C:\WINDOWS\System32\ADVAPI32.dll
0x00007ffa9d1d0000 - 0x00007ffa9d270000 	C:\WINDOWS\System32\sechost.dll
0x00007ffa9d5b0000 - 0x00007ffa9d6d3000 	C:\WINDOWS\System32\RPCRT4.dll
0x00007ffa9bda0000 - 0x00007ffa9bdc7000 	C:\WINDOWS\System32\bcrypt.dll
0x00007ffa9bab0000 - 0x00007ffa9bafb000 	C:\WINDOWS\SYSTEM32\POWRPROF.dll
0x00007ffa99970000 - 0x00007ffa99997000 	C:\WINDOWS\SYSTEM32\WINMM.dll
0x00007ffa99ca0000 - 0x00007ffa99ca9000 	C:\WINDOWS\SYSTEM32\WSOCK32.dll
0x00007ffa9d7c0000 - 0x00007ffa9d82b000 	C:\WINDOWS\System32\WS2_32.dll
0x00007ffa94100000 - 0x00007ffa9410a000 	C:\WINDOWS\SYSTEM32\VERSION.dll
0x00007ffa9ba90000 - 0x00007ffa9baa2000 	C:\WINDOWS\SYSTEM32\UMPDC.dll
0x00007ffa9a470000 - 0x00007ffa9a482000 	C:\WINDOWS\SYSTEM32\kernel.appcore.dll
0x00007ffa94fe0000 - 0x00007ffa94fea000 	C:\Program Files\Amazon Corretto\jdk17.0.11_9\bin\jimage.dll
0x00007ffa99780000 - 0x00007ffa99964000 	C:\WINDOWS\SYSTEM32\DBGHELP.DLL
0x00007ffa99740000 - 0x00007ffa99774000 	C:\WINDOWS\SYSTEM32\dbgcore.DLL
0x00007ffa9bd10000 - 0x00007ffa9bd92000 	C:\WINDOWS\System32\bcryptPrimitives.dll
0x00007ffa94fd0000 - 0x00007ffa94fde000 	C:\Program Files\Amazon Corretto\jdk17.0.11_9\bin\instrument.dll
0x00007ffa82c60000 - 0x00007ffa82c85000 	C:\Program Files\Amazon Corretto\jdk17.0.11_9\bin\java.dll
0x00007ffa79070000 - 0x00007ffa79147000 	C:\Program Files\Amazon Corretto\jdk17.0.11_9\bin\jsvml.dll
0x00007ffa9c8c0000 - 0x00007ffa9d02f000 	C:\WINDOWS\System32\SHELL32.dll
0x00007ffa99cc0000 - 0x00007ffa9a45f000 	C:\WINDOWS\SYSTEM32\windows.storage.dll
0x00007ffa9d840000 - 0x00007ffa9db93000 	C:\WINDOWS\System32\combase.dll
0x00007ffa9b5b0000 - 0x00007ffa9b5de000 	C:\WINDOWS\SYSTEM32\Wldp.dll
0x00007ffa9d4e0000 - 0x00007ffa9d5ad000 	C:\WINDOWS\System32\OLEAUT32.dll
0x00007ffa9e240000 - 0x00007ffa9e2ed000 	C:\WINDOWS\System32\SHCORE.dll
0x00007ffa9dc60000 - 0x00007ffa9dcb5000 	C:\WINDOWS\System32\shlwapi.dll
0x00007ffa9bb90000 - 0x00007ffa9bbb4000 	C:\WINDOWS\SYSTEM32\profapi.dll
0x00007ffa93fb0000 - 0x00007ffa93fc8000 	C:\Program Files\Amazon Corretto\jdk17.0.11_9\bin\zip.dll
0x00007ffa90b20000 - 0x00007ffa90b39000 	C:\Program Files\Amazon Corretto\jdk17.0.11_9\bin\net.dll
0x00007ffa914a0000 - 0x00007ffa915ad000 	C:\WINDOWS\SYSTEM32\WINHTTP.dll
0x00007ffa9b310000 - 0x00007ffa9b37a000 	C:\WINDOWS\system32\mswsock.dll
0x00007ffa82c40000 - 0x00007ffa82c56000 	C:\Program Files\Amazon Corretto\jdk17.0.11_9\bin\nio.dll
0x00007ffa81610000 - 0x00007ffa8162a000 	C:\Program Files\JetBrains\IntelliJ IDEA 2024.1\bin\breakgen64.dll
0x00007ffa94fc0000 - 0x00007ffa94fc9000 	C:\Program Files\Amazon Corretto\jdk17.0.11_9\bin\extnet.dll
0x00007ffa67640000 - 0x00007ffa677d0000 	C:\Program Files\Amazon Corretto\jdk17.0.11_9\bin\awt.dll
0x00007ffa97da0000 - 0x00007ffa97e34000 	C:\WINDOWS\SYSTEM32\apphelp.dll
0x00007ffa98fb0000 - 0x00007ffa9904e000 	C:\WINDOWS\system32\uxtheme.dll
0x00007ffa9d310000 - 0x00007ffa9d424000 	C:\WINDOWS\System32\MSCTF.dll
0x00007ffa9c790000 - 0x00007ffa9c8bb000 	C:\WINDOWS\System32\ole32.dll
0x00007ffa99390000 - 0x00007ffa993bf000 	C:\WINDOWS\system32\DWMAPI.DLL
0x00007ffa654a0000 - 0x00007ffa655c8000 	C:\WINDOWS\system32\opengl32.dll
0x00007ffa82330000 - 0x00007ffa8235c000 	C:\WINDOWS\SYSTEM32\GLU32.dll
0x00007ffa67d90000 - 0x00007ffa67f60000 	C:\WINDOWS\system32\d3d9.dll
0x00007ffa90960000 - 0x00007ffa90b1b000 	C:\WINDOWS\System32\DriverStore\FileRepository\u0385692.inf_amd64_464982c8b1262429\B385477\aticfx64.dll
0x00007ffa78fd0000 - 0x00007ffa79004000 	C:\WINDOWS\System32\DriverStore\FileRepository\u0385692.inf_amd64_464982c8b1262429\B385477\atiu9p64.dll
0x00007ffa430a0000 - 0x00007ffa43df5000 	C:\WINDOWS\System32\DriverStore\FileRepository\u0385692.inf_amd64_464982c8b1262429\B385477\atiumd64.dll
0x0000000076310000 - 0x0000000077237000 	C:\WINDOWS\System32\DriverStore\FileRepository\u0385692.inf_amd64_464982c8b1262429\B385477\atiumd6a.dll
0x00007ffa9dd50000 - 0x00007ffa9e1be000 	C:\WINDOWS\System32\SETUPAPI.dll
0x00007ffa9c2d0000 - 0x00007ffa9c31e000 	C:\WINDOWS\System32\cfgmgr32.dll
0x00007ffa8e6e0000 - 0x00007ffa8e715000 	C:\WINDOWS\SYSTEM32\amdihk64.dll
0x00007ffa90b80000 - 0x00007ffa90bbb000 	C:\WINDOWS\SYSTEM32\dxcore.dll
0x00007ffa78f40000 - 0x00007ffa78fc7000 	C:\Program Files\Amazon Corretto\jdk17.0.11_9\bin\freetype.dll
0x00007ffa68810000 - 0x00007ffa688f2000 	C:\Program Files\Amazon Corretto\jdk17.0.11_9\bin\fontmanager.dll
0x00007ffa8cbf0000 - 0x00007ffa8cce9000 	C:\WINDOWS\SYSTEM32\textinputframework.dll
0x00007ffa97690000 - 0x00007ffa979eb000 	C:\WINDOWS\System32\CoreUIComponents.dll
0x00007ffa9ad50000 - 0x00007ffa9ad83000 	C:\WINDOWS\SYSTEM32\ntmarta.dll
0x00007ffa979f0000 - 0x00007ffa97ae2000 	C:\WINDOWS\System32\CoreMessaging.dll
0x00007ffa98120000 - 0x00007ffa98277000 	C:\WINDOWS\SYSTEM32\wintypes.dll
0x00007ffa9e350000 - 0x00007ffa9e3f9000 	C:\WINDOWS\System32\clbcatq.dll
0x00007ffa98da0000 - 0x00007ffa98f56000 	C:\WINDOWS\SYSTEM32\WindowsCodecs.dll
0x00007ffa82c00000 - 0x00007ffa82c3e000 	C:\WINDOWS\system32\dataexchange.dll
0x00007ffa968d0000 - 0x00007ffa96b33000 	C:\WINDOWS\system32\d3d11.dll
0x00007ffa97120000 - 0x00007ffa97304000 	C:\WINDOWS\system32\dcomp.dll
0x00007ffa9a4e0000 - 0x00007ffa9a5d6000 	C:\WINDOWS\system32\dxgi.dll
0x00007ffa94360000 - 0x00007ffa94563000 	C:\WINDOWS\system32\twinapi.appcore.dll

dbghelp: loaded successfully - version: 4.0.5 - missing functions: none
symbol engine: initialized successfully - sym options: 0x614 - pdb path: .;C:\Program Files\Amazon Corretto\jdk17.0.11_9\bin;C:\WINDOWS\SYSTEM32;C:\WINDOWS\WinSxS\amd64_microsoft.windows.common-controls_6595b64144ccf1df_6.0.19041.4355_none_60b8b9eb71f62e16;C:\Program Files\Amazon Corretto\jdk17.0.11_9\bin\server;C:\Program Files\JetBrains\IntelliJ IDEA 2024.1\bin;C:\WINDOWS\System32\DriverStore\FileRepository\u0385692.inf_amd64_464982c8b1262429\B385477

VM Arguments:
jvm_args: -javaagent:C:\Program Files\JetBrains\IntelliJ IDEA 2024.1\lib\idea_rt.jar=64664:C:\Program Files\JetBrains\IntelliJ IDEA 2024.1\bin -Dfile.encoding=UTF-8 
java_command: com.zetcode.SpaceInvaders
java_class_path (initial): C:\Proyectos Expo modalidad\Java-Space-Invaders\out\production\Java-Space-Invaders
Launcher Type: SUN_STANDARD

[Global flags]
     intx CICompilerCount                          = 3                                         {product} {ergonomic}
     uint ConcGCThreads                            = 1                                         {product} {ergonomic}
     uint G1ConcRefinementThreads                  = 4                                         {product} {ergonomic}
   size_t G1HeapRegionSize                         = 1048576                                   {product} {ergonomic}
    uintx GCDrainStackTargetSize                   = 64                                        {product} {ergonomic}
   size_t InitialHeapSize                          = 58720256                                  {product} {ergonomic}
   size_t MarkStackSize                            = 4194304                                   {product} {ergonomic}
   size_t MaxHeapSize                              = 924844032                                 {product} {ergonomic}
   size_t MaxNewSize                               = 554696704                                 {product} {ergonomic}
   size_t MinHeapDeltaBytes                        = 1048576                                   {product} {ergonomic}
   size_t MinHeapSize                              = 8388608                                   {product} {ergonomic}
    uintx NonNMethodCodeHeapSize                   = 5832780                                {pd product} {ergonomic}
    uintx NonProfiledCodeHeapSize                  = 122912730                              {pd product} {ergonomic}
    uintx ProfiledCodeHeapSize                     = 122912730                              {pd product} {ergonomic}
    uintx ReservedCodeCacheSize                    = 251658240                              {pd product} {ergonomic}
     bool SegmentedCodeCache                       = true                                      {product} {ergonomic}
   size_t SoftMaxHeapSize                          = 924844032                              {manageable} {ergonomic}
     bool UseCompressedClassPointers               = true                           {product lp64_product} {ergonomic}
     bool UseCompressedOops                        = true                           {product lp64_product} {ergonomic}
     bool UseG1GC                                  = true                                      {product} {ergonomic}
     bool UseLargePagesIndividualAllocation        = false                                  {pd product} {ergonomic}

Logging:
Log output configuration:
 #0: stdout all=warning uptime,level,tags
 #1: stderr all=off uptime,level,tags

Environment Variables:
JAVA_HOME=C:\Program Files\Amazon Corretto\jdk17.0.11_9
PATH=C:\Program Files\Amazon Corretto\jdk17.0.11_9\bin;C:\Program Files\Common Files\Oracle\Java\javapath;C:\WINDOWS\system32;C:\WINDOWS;C:\WINDOWS\System32\Wbem;C:\WINDOWS\System32\WindowsPowerShell\v1.0\;C:\WINDOWS\System32\OpenSSH\;C:\Program Files\Git\cmd;C:\Users\saral\AppData\Local\Programs\Python\Launcher\;C:\Users\saral\AppData\Local\Microsoft\WindowsApps;C:\Users\saral\AppData\Local\Programs\Microsoft VS Code\bin;C:\Users\saral\PyCharm 2024.1.4\bin;
USERNAME=saral
OS=Windows_NT
PROCESSOR_IDENTIFIER=AMD64 Family 23 Model 24 Stepping 1, AuthenticAMD
TMP=C:\Users\saral\AppData\Local\Temp
TEMP=C:\Users\saral\AppData\Local\Temp



Periodic native trim disabled


---------------  S Y S T E M  ---------------

OS:
 Windows 10 , 64 bit Build 19041 (10.0.19041.4717)
OS uptime: 21 days 12:26 hours

CPU: total 4 (initial active 4) (4 cores per cpu, 2 threads per core) family 23 model 24 stepping 1 microcode 0x0, cx8, cmov, fxsr, ht, mmx, 3dnowpref, sse, sse2, sse3, ssse3, sse4a, sse4.1, sse4.2, popcnt, lzcnt, tsc, tscinvbit, avx, avx2, aes, clmul, bmi1, bmi2, adx, sha, fma, vzeroupper, clflush, clflushopt
Processor Information for all 4 processors :
  Max Mhz: 2400, Current Mhz: 1400, Mhz Limit: 2400

Memory: 4k page, system-wide physical 3520M (223M free)
TotalPageFile size 14272M (AvailPageFile size 0M)
current process WorkingSet (physical memory assigned to process): 76M, peak: 97M
current process commit charge ("private bytes"): 174M, peak: 182M

vm_info: OpenJDK 64-Bit Server VM (17.0.11+9-LTS) for windows-amd64 JRE (17.0.11+9-LTS), built on Apr 10 2024 22:12:24 by "Administrator" with MS VC++ 16.10 / 16.11 (VS2019)

END.
